2024-02-07 18:24:15,652 [INFO] Activator:176 - 


2024-02-07 18:24:15,662 [INFO] Activator:177 - !SESSION log4j initialized
2024-02-07 18:24:35,478 [INFO] LogOutputStream:77 - [STDOUT_REDIRECT] 
2024-02-07 18:24:41,296 [INFO] ApplicationProperties:184 - Using Application install path: C:\ST\STM32CubeIDE_1.14.0\STM32CubeIDE\plugins\com.st.stm32cube.common.mx_6.10.0.202311202037
2024-02-07 18:24:41,343 [INFO] DbMcusXml:78 - Set database path to: C:\ST\STM32CubeIDE_1.14.0\STM32CubeIDE\plugins\com.st.stm32cube.common.mx_6.10.0.202311202037\\db\/mcu/
2024-02-07 18:24:41,343 [INFO] ApiDb:274 - Set plugin database path to: C:\ST\STM32CubeIDE_1.14.0\STM32CubeIDE\plugins\com.st.stm32cube.common.mx_6.10.0.202311202037\\db\/plugins/boardmanager/
2024-02-07 18:24:41,343 [WARN] ApiDb:259 - Overriding images path with different value:  => C:\ST\STM32CubeIDE_1.14.0\STM32CubeIDE\plugins\com.st.stm32cube.common.mx_6.10.0.202311202037\\db\/plugins/mcufinder/images/
2024-02-07 18:24:41,365 [INFO] ApiDb:250 - Set database path to: C:\Users\shash\.stmcufinder\plugins\mcufinder//mcu/
2024-02-07 18:24:41,365 [INFO] DbMcusAds:125 - Set database path to: C:\Users\shash\.stmcufinder\plugins\mcufinder//mcu/
2024-02-07 18:24:41,365 [INFO] CrossReferenceDbSqlite:203 - Set database path to: C:\Users\shash\.stmcufinder\plugins\mcufinder//mcu/cs/
2024-02-07 18:24:41,740 [INFO] RulesReader:64 - Compatibility file has been processed (297 Rules)
2024-02-07 18:24:41,995 [INFO] DbMcusXml:78 - Set database path to: C:\ST\STM32CubeIDE_1.14.0\STM32CubeIDE\plugins\com.st.stm32cube.common.mx_6.10.0.202311202037\\db\/mcu/
2024-02-07 18:24:41,995 [INFO] ApiDb:274 - Set plugin database path to: C:\ST\STM32CubeIDE_1.14.0\STM32CubeIDE\plugins\com.st.stm32cube.common.mx_6.10.0.202311202037\\db\/plugins/boardmanager/
2024-02-07 18:24:41,995 [INFO] ApiDb:261 - Set plugin images path to: C:\ST\STM32CubeIDE_1.14.0\STM32CubeIDE\plugins\com.st.stm32cube.common.mx_6.10.0.202311202037\\db\/plugins/mcufinder/images/
2024-02-07 18:24:41,995 [WARN] DbFile:41 - Overriding database path with different value: C:\Users\shash\.stmcufinder\plugins\mcufinder/ => C:\Users\shash\.stmcufinder\plugins\mcufinder
2024-02-07 18:24:41,995 [INFO] ApiDb:250 - Set database path to: C:\Users\shash\.stmcufinder\plugins\mcufinder//mcu/
2024-02-07 18:24:41,995 [WARN] DbFile:41 - Overriding database path with different value: C:\Users\shash\.stmcufinder\plugins\mcufinder/ => C:\Users\shash\.stmcufinder\plugins\mcufinder
2024-02-07 18:24:41,995 [INFO] DbMcusAds:125 - Set database path to: C:\Users\shash\.stmcufinder\plugins\mcufinder//mcu/
2024-02-07 18:24:41,995 [WARN] DbFile:41 - Overriding database path with different value: C:\Users\shash\.stmcufinder\plugins\mcufinder/ => C:\Users\shash\.stmcufinder\plugins\mcufinder
2024-02-07 18:24:41,995 [WARN] DbFile:41 - Overriding database path with different value: C:\Users\shash\.stmcufinder\plugins\mcufinder/ => C:\Users\shash\.stmcufinder\plugins\mcufinder
2024-02-07 18:24:41,995 [INFO] CrossReferenceDbSqlite:203 - Set database path to: C:\Users\shash\.stmcufinder\plugins\mcufinder//mcu/cs/
2024-02-07 18:24:42,217 [INFO] MainPanel:264 - HeapMemory: 268435456
2024-02-07 18:24:42,439 [INFO] DbMcusXml:78 - Set database path to: C:\ST\STM32CubeIDE_1.14.0\STM32CubeIDE\plugins\com.st.stm32cube.common.mx_6.10.0.202311202037\\db\/mcu/
2024-02-07 18:24:42,439 [INFO] ApiDb:274 - Set plugin database path to: C:\ST\STM32CubeIDE_1.14.0\STM32CubeIDE\plugins\com.st.stm32cube.common.mx_6.10.0.202311202037\\db\/plugins/boardmanager/
2024-02-07 18:24:42,439 [INFO] ApiDb:261 - Set plugin images path to: C:\ST\STM32CubeIDE_1.14.0\STM32CubeIDE\plugins\com.st.stm32cube.common.mx_6.10.0.202311202037\\db\/plugins/mcufinder/images/
2024-02-07 18:24:42,439 [WARN] DbFile:41 - Overriding database path with different value: C:\Users\shash\.stmcufinder\plugins\mcufinder/ => C:\Users\shash\.stmcufinder\plugins\mcufinder
2024-02-07 18:24:42,439 [INFO] ApiDb:250 - Set database path to: C:\Users\shash\.stmcufinder\plugins\mcufinder//mcu/
2024-02-07 18:24:42,439 [WARN] DbFile:41 - Overriding database path with different value: C:\Users\shash\.stmcufinder\plugins\mcufinder/ => C:\Users\shash\.stmcufinder\plugins\mcufinder
2024-02-07 18:24:42,439 [INFO] DbMcusAds:125 - Set database path to: C:\Users\shash\.stmcufinder\plugins\mcufinder//mcu/
2024-02-07 18:24:42,439 [WARN] DbFile:41 - Overriding database path with different value: C:\Users\shash\.stmcufinder\plugins\mcufinder/ => C:\Users\shash\.stmcufinder\plugins\mcufinder
2024-02-07 18:24:42,439 [WARN] DbFile:41 - Overriding database path with different value: C:\Users\shash\.stmcufinder\plugins\mcufinder/ => C:\Users\shash\.stmcufinder\plugins\mcufinder
2024-02-07 18:24:42,455 [INFO] CrossReferenceDbSqlite:203 - Set database path to: C:\Users\shash\.stmcufinder\plugins\mcufinder//mcu/cs/
2024-02-07 18:24:42,502 [INFO] ApplicationProperties:184 - Using Application install path: C:\ST\STM32CubeIDE_1.14.0\STM32CubeIDE\plugins\com.st.stm32cube.common.mx_6.10.0.202311202037
2024-02-07 18:24:42,502 [INFO] PluginManage:196 - Search for loadable plugins [exclusion list=, ]
2024-02-07 18:24:42,502 [INFO] PluginManage:310 - Check plugin analytics
2024-02-07 18:24:43,091 [INFO] AnalyticsPlugin:253 - Accepted Software Licenses: 
2024-02-07 18:24:43,091 [INFO] AnalyticsPlugin:255 - Accepted CMSIS Pack Licenses: 
2024-02-07 18:24:43,091 [INFO] AnalyticsPlugin:257 - Accepted Firmware Licenses: FW.F4.1.28.0
2024-02-07 18:24:43,096 [INFO] PluginManage:359 - Loaded plugin analytics (category:tool,tabindex:-1)
2024-02-07 18:24:43,097 [INFO] PluginManage:310 - Check plugin cadmodel
2024-02-07 18:24:43,131 [INFO] CADModel:105 - Init CAD model plugin
2024-02-07 18:24:43,138 [INFO] PluginManage:359 - Loaded plugin cadmodel (category:power,tabindex:5)
2024-02-07 18:24:43,138 [INFO] PluginManage:310 - Check plugin clock
2024-02-07 18:24:43,186 [INFO] PluginManage:359 - Loaded plugin clock (category:base,tabindex:2)
2024-02-07 18:24:43,186 [INFO] PluginManage:310 - Check plugin ddr
2024-02-07 18:24:43,186 [INFO] PluginManage:359 - Loaded plugin ddr (category:tool,tabindex:6)
2024-02-07 18:24:43,186 [INFO] PluginManage:310 - Check plugin filemanager
2024-02-07 18:24:43,596 [INFO] PluginManage:359 - Loaded plugin filemanager (category:base,tabindex:10)
2024-02-07 18:24:43,596 [INFO] PluginManage:310 - Check plugin ipmanager
2024-02-07 18:24:43,605 [INFO] PluginManage:359 - Loaded plugin ipmanager (category:base,tabindex:5)
2024-02-07 18:24:43,605 [INFO] PluginManage:310 - Check plugin lpbam
2024-02-07 18:24:43,646 [INFO] PluginManage:359 - Loaded plugin lpbam (category:base,tabindex:0)
2024-02-07 18:24:43,646 [INFO] PluginManage:310 - Check plugin memorymap
2024-02-07 18:24:43,706 [INFO] PluginManage:359 - Loaded plugin memorymap (category:base,tabindex:4)
2024-02-07 18:24:43,706 [INFO] PluginManage:310 - Check plugin pinoutandconfiguration
2024-02-07 18:24:43,745 [INFO] PluginManage:359 - Loaded plugin pinoutandconfiguration (category:base,tabindex:1)
2024-02-07 18:24:43,745 [INFO] PluginManage:310 - Check plugin pinoutconfig
2024-02-07 18:24:43,964 [WARN] SupportedApi:132 - Cannot load RTOS API schema: s4s-elt-must-match.1: The content of 'definitions' must match (annotation?, (simpleType | complexType)?, (unique | key | keyref)*)). A problem was found starting at: attribute.
2024-02-07 18:24:44,405 [INFO] PluginManage:359 - Loaded plugin pinoutconfig (category:base,tabindex:0)
2024-02-07 18:24:44,405 [INFO] PluginManage:310 - Check plugin power
2024-02-07 18:24:44,452 [INFO] PluginManage:359 - Loaded plugin power (category:power,tabindex:4)
2024-02-07 18:24:44,452 [INFO] PluginManage:310 - Check plugin projectmanager
2024-02-07 18:24:44,518 [INFO] PluginManage:359 - Loaded plugin projectmanager (category:projectmanager,tabindex:3)
2024-02-07 18:24:44,518 [INFO] PluginManage:310 - Check plugin thirdparty
2024-02-07 18:24:45,290 [INFO] PluginManage:359 - Loaded plugin thirdparty (category:base,tabindex:-1)
2024-02-07 18:24:45,290 [INFO] PluginManage:310 - Check plugin tools
2024-02-07 18:24:45,290 [WARN] IntegrityCheckThread:84 - waiting for thirdparty lock release [integrity check]
2024-02-07 18:24:45,290 [INFO] IntegrityCheckThread:86 - entering critical section [integrity check]
2024-02-07 18:24:45,290 [INFO] ThirdPartyUpdaterWithRetryManager:70 - Updater plugin not ready yet. [1/15]
2024-02-07 18:24:45,403 [INFO] PluginManage:359 - Loaded plugin tools (category:base,tabindex:7)
2024-02-07 18:24:45,403 [INFO] PluginManage:310 - Check plugin tutovideos
2024-02-07 18:24:45,911 [INFO] PluginManage:359 - Loaded plugin tutovideos (category:base,tabindex:-1)
2024-02-07 18:24:45,911 [INFO] PluginManage:310 - Check plugin updater
2024-02-07 18:24:45,927 [INFO] PluginManage:359 - Loaded plugin updater (category:base,tabindex:12)
2024-02-07 18:24:45,927 [INFO] PluginManage:310 - Check plugin userauth
2024-02-07 18:24:45,942 [INFO] UserAuth:114 - Init User Auth plugin
2024-02-07 18:24:45,945 [INFO] PluginManage:359 - Loaded plugin userauth (category:base,tabindex:14)
2024-02-07 18:24:45,945 [INFO] PluginManage:283 - PluginManage : Loaded plugins [17]
2024-02-07 18:24:46,507 [INFO] PinOutPanel:1499 - setPackage(No Configuration,No Configuration)
2024-02-07 18:24:46,657 [INFO] CADModel:165 - CPN selected for project level
2024-02-07 18:24:46,657 [INFO] CADModel:114 - Register for checkConnection events
2024-02-07 18:24:46,717 [INFO] IPUIPlugin:80 - create IPUIPlugin
2024-02-07 18:24:46,718 [INFO] PluginManager:220 - loadIPPluginJar : add adc
2024-02-07 18:24:46,794 [INFO] IPUIPlugin:80 - create IPUIPlugin
2024-02-07 18:24:46,794 [INFO] PluginManager:220 - loadIPPluginJar : add aes
2024-02-07 18:24:46,881 [INFO] IPUIPlugin:80 - create IPUIPlugin
2024-02-07 18:24:46,882 [INFO] PluginManager:220 - loadIPPluginJar : add can
2024-02-07 18:24:46,917 [INFO] IPUIPlugin:80 - create IPUIPlugin
2024-02-07 18:24:46,917 [INFO] PluginManager:220 - loadIPPluginJar : add comp
2024-02-07 18:24:46,969 [INFO] IPUIPlugin:80 - create IPUIPlugin
2024-02-07 18:24:46,969 [INFO] PluginManager:220 - loadIPPluginJar : add cryp
2024-02-07 18:24:47,016 [INFO] IPUIPlugin:80 - create IPUIPlugin
2024-02-07 18:24:47,025 [INFO] PluginManager:220 - loadIPPluginJar : add dfsdm
2024-02-07 18:24:47,047 [INFO] IPUIPlugin:80 - create IPUIPlugin
2024-02-07 18:24:47,047 [INFO] PluginManager:220 - loadIPPluginJar : add dma
2024-02-07 18:24:47,112 [INFO] IPUIPlugin:80 - create IPUIPlugin
2024-02-07 18:24:47,112 [INFO] PluginManager:220 - loadIPPluginJar : add dma3
2024-02-07 18:24:47,143 [INFO] IPUIPlugin:80 - create IPUIPlugin
2024-02-07 18:24:47,143 [INFO] PluginManager:220 - loadIPPluginJar : add fatfs
2024-02-07 18:24:47,213 [INFO] IPUIPlugin:80 - create IPUIPlugin
2024-02-07 18:24:47,213 [INFO] PluginManager:220 - loadIPPluginJar : add fmc
2024-02-07 18:24:47,238 [INFO] IPUIPlugin:80 - create IPUIPlugin
2024-02-07 18:24:47,238 [INFO] PluginManager:220 - loadIPPluginJar : add freertos
2024-02-07 18:24:47,271 [INFO] IPUIPlugin:80 - create IPUIPlugin
2024-02-07 18:24:47,271 [INFO] PluginManager:220 - loadIPPluginJar : add genericplugin
2024-02-07 18:24:47,411 [INFO] IPUIPlugin:80 - create IPUIPlugin
2024-02-07 18:24:47,411 [INFO] PluginManager:220 - loadIPPluginJar : add gfxmmu
2024-02-07 18:24:47,624 [INFO] IPUIPlugin:80 - create IPUIPlugin
2024-02-07 18:24:47,624 [INFO] PluginManager:220 - loadIPPluginJar : add gic
2024-02-07 18:24:47,635 [INFO] IPUIPlugin:80 - create IPUIPlugin
2024-02-07 18:24:47,635 [INFO] PluginManager:220 - loadIPPluginJar : add gpio
2024-02-07 18:24:47,791 [INFO] IPUIPlugin:80 - create IPUIPlugin
2024-02-07 18:24:47,791 [INFO] PluginManager:220 - loadIPPluginJar : add gtzc
2024-02-07 18:24:47,853 [INFO] IPUIPlugin:80 - create IPUIPlugin
2024-02-07 18:24:47,853 [INFO] PluginManager:220 - loadIPPluginJar : add hash
2024-02-07 18:24:47,929 [INFO] IPUIPlugin:80 - create IPUIPlugin
2024-02-07 18:24:47,929 [INFO] PluginManager:220 - loadIPPluginJar : add i2c
2024-02-07 18:24:47,991 [INFO] IPUIPlugin:80 - create IPUIPlugin
2024-02-07 18:24:47,991 [INFO] PluginManager:220 - loadIPPluginJar : add i2s
2024-02-07 18:24:48,061 [INFO] IPUIPlugin:80 - create IPUIPlugin
2024-02-07 18:24:48,061 [INFO] PluginManager:220 - loadIPPluginJar : add i3c
2024-02-07 18:24:48,238 [INFO] IPUIPlugin:80 - create IPUIPlugin
2024-02-07 18:24:48,238 [INFO] PluginManager:220 - loadIPPluginJar : add ipddr
2024-02-07 18:24:48,310 [INFO] ThirdPartyUpdaterWithRetryManager:70 - Updater plugin not ready yet. [2/15]
2024-02-07 18:24:48,367 [INFO] IPUIPlugin:80 - create IPUIPlugin
2024-02-07 18:24:48,367 [INFO] PluginManager:220 - loadIPPluginJar : add linkedlist
2024-02-07 18:24:48,421 [INFO] IPUIPlugin:80 - create IPUIPlugin
2024-02-07 18:24:48,421 [INFO] PluginManager:220 - loadIPPluginJar : add lorawan
2024-02-07 18:24:48,474 [INFO] IPUIPlugin:80 - create IPUIPlugin
2024-02-07 18:24:48,474 [INFO] PluginManager:220 - loadIPPluginJar : add ltdc
2024-02-07 18:24:48,492 [INFO] IPUIPlugin:80 - create IPUIPlugin
2024-02-07 18:24:48,492 [INFO] PluginManager:220 - loadIPPluginJar : add mdma
2024-02-07 18:24:48,502 [INFO] IPUIPlugin:80 - create IPUIPlugin
2024-02-07 18:24:48,502 [INFO] PluginManager:220 - loadIPPluginJar : add nvic
2024-02-07 18:24:48,548 [INFO] IPUIPlugin:80 - create IPUIPlugin
2024-02-07 18:24:48,548 [INFO] PluginManager:220 - loadIPPluginJar : add opamp
2024-02-07 18:24:48,639 [INFO] IPUIPlugin:80 - create IPUIPlugin
2024-02-07 18:24:48,639 [INFO] PluginManager:220 - loadIPPluginJar : add openamp
2024-02-07 18:24:48,698 [INFO] IPUIPlugin:80 - create IPUIPlugin
2024-02-07 18:24:48,698 [INFO] PluginManager:220 - loadIPPluginJar : add pdm2pcm
2024-02-07 18:24:48,722 [INFO] IPUIPlugin:80 - create IPUIPlugin
2024-02-07 18:24:48,725 [INFO] PluginManager:220 - loadIPPluginJar : add plateformsettings
2024-02-07 18:24:48,758 [INFO] IPUIPlugin:80 - create IPUIPlugin
2024-02-07 18:24:48,758 [INFO] PluginManager:220 - loadIPPluginJar : add quadspi
2024-02-07 18:24:48,776 [INFO] IPUIPlugin:80 - create IPUIPlugin
2024-02-07 18:24:48,776 [INFO] PluginManager:220 - loadIPPluginJar : add resmgrutility
2024-02-07 18:24:48,849 [INFO] IPUIPlugin:80 - create IPUIPlugin
2024-02-07 18:24:48,854 [INFO] PluginManager:220 - loadIPPluginJar : add sai
2024-02-07 18:24:48,907 [INFO] IPUIPlugin:80 - create IPUIPlugin
2024-02-07 18:24:48,907 [INFO] PluginManager:220 - loadIPPluginJar : add spi
2024-02-07 18:24:49,006 [INFO] IPUIPlugin:80 - create IPUIPlugin
2024-02-07 18:24:49,006 [INFO] PluginManager:220 - loadIPPluginJar : add stm32_wpan
2024-02-07 18:24:49,039 [INFO] IPUIPlugin:80 - create IPUIPlugin
2024-02-07 18:24:49,039 [INFO] PluginManager:220 - loadIPPluginJar : add tim
2024-02-07 18:24:49,113 [INFO] IPUIPlugin:80 - create IPUIPlugin
2024-02-07 18:24:49,113 [INFO] PluginManager:220 - loadIPPluginJar : add touchsensing
2024-02-07 18:24:49,150 [INFO] IPUIPlugin:80 - create IPUIPlugin
2024-02-07 18:24:49,150 [INFO] PluginManager:220 - loadIPPluginJar : add tracer_emb
2024-02-07 18:24:49,182 [INFO] IPUIPlugin:80 - create IPUIPlugin
2024-02-07 18:24:49,182 [INFO] PluginManager:220 - loadIPPluginJar : add ts
2024-02-07 18:24:49,213 [INFO] IPUIPlugin:80 - create IPUIPlugin
2024-02-07 18:24:49,213 [INFO] PluginManager:220 - loadIPPluginJar : add tsc
2024-02-07 18:24:49,233 [INFO] IPUIPlugin:80 - create IPUIPlugin
2024-02-07 18:24:49,233 [INFO] PluginManager:220 - loadIPPluginJar : add ucpd
2024-02-07 18:24:49,300 [INFO] IPUIPlugin:80 - create IPUIPlugin
2024-02-07 18:24:49,300 [INFO] PluginManager:220 - loadIPPluginJar : add usart
2024-02-07 18:24:49,374 [INFO] IPUIPlugin:80 - create IPUIPlugin
2024-02-07 18:24:49,374 [INFO] PluginManager:220 - loadIPPluginJar : add usbx
2024-02-07 18:24:49,562 [INFO] CADModel:165 - CPN selected for project level
2024-02-07 18:24:49,562 [INFO] CADModel:114 - Register for checkConnection events
2024-02-07 18:24:49,562 [FATAL] Updater:308 - Updater called before beeing initialized
2024-02-07 18:24:49,564 [ERROR] CADModel:125 - Updater not yet initialized, retry later 
2024-02-07 18:24:49,786 [INFO] CADModel:165 - CPN selected for project level
2024-02-07 18:24:49,788 [INFO] CADModel:114 - Register for checkConnection events
2024-02-07 18:24:49,788 [FATAL] Updater:308 - Updater called before beeing initialized
2024-02-07 18:24:49,788 [ERROR] CADModel:125 - Updater not yet initialized, retry later 
2024-02-07 18:24:49,794 [FATAL] Updater:308 - Updater called before beeing initialized
2024-02-07 18:24:49,966 [FATAL] Updater:308 - Updater called before beeing initialized
2024-02-07 18:24:49,984 [INFO] DbMcusAds:53 - JSON generation date=Wed Nov 29 16:22:27 IST 2023 (1701255147200)
2024-02-07 18:24:49,984 [FATAL] Updater:308 - Updater called before beeing initialized
2024-02-07 18:24:50,110 [WARN] DetailPanel:346 - Failed to get advertising image, set to default
2024-02-07 18:24:50,291 [FATAL] Updater:308 - Updater called before beeing initialized
2024-02-07 18:24:50,302 [FATAL] Updater:308 - Updater called before beeing initialized
2024-02-07 18:24:50,302 [FATAL] Updater:308 - Updater called before beeing initialized
2024-02-07 18:24:50,302 [WARN] DetailPanel:346 - Failed to get advertising image, set to default
2024-02-07 18:24:50,303 [FATAL] Updater:308 - Updater called before beeing initialized
2024-02-07 18:24:50,453 [ERROR] Updater:1120 - MainUpdater not yet initialized. External WinMGr cannot be set.
2024-02-07 18:24:50,474 [INFO] Updater:1056 - Updater Version found : 6.10.0
2024-02-07 18:24:50,526 [INFO] ApplicationProperties:184 - Using Application install path: C:\ST\STM32CubeIDE_1.14.0\STM32CubeIDE\plugins\com.st.stm32cube.common.mx_6.10.0.202311202037
2024-02-07 18:24:51,319 [INFO] ThirdPartyUpdaterWithRetryManager:70 - Updater plugin not ready yet. [3/15]
2024-02-07 18:24:51,461 [ERROR] ConfigurationRetriever:142 - IOException on connection: sw-center.st.com
2024-02-07 18:24:51,461 [ERROR] ConfigurationRetriever:142 - IOException on connection: sw-center.st.com
2024-02-07 18:24:51,461 [ERROR] ConfigurationRetriever:142 - IOException on connection: sw-center.st.com
2024-02-07 18:24:51,461 [ERROR] ConfigurationRetriever:142 - IOException on connection: sw-center.st.com
2024-02-07 18:24:51,461 [ERROR] ConfigurationRetriever:142 - IOException on connection: sw-center.st.com
2024-02-07 18:24:51,461 [ERROR] ConfigurationRetriever:142 - IOException on connection: sw-center.st.com
2024-02-07 18:24:52,180 [ERROR] LogOutputStream:75 - [STDERR_REDIRECT] Feb 07, 2024 6:24:52 PM java.util.prefs.WindowsPreferences <init>
2024-02-07 18:24:52,189 [ERROR] LogOutputStream:75 - [STDERR_REDIRECT] WARNING: Could not open/create prefs root node Software\JavaSoft\Prefs at root 0xffffffff80000002. Windows RegCreateKeyEx(...) returned error code 5.
2024-02-07 18:24:52,190 [ERROR] LogOutputStream:75 - [STDERR_REDIRECT] 
2024-02-07 18:24:52,665 [INFO] MainUpdater:2873 - connection check result : 22
2024-02-07 18:24:52,666 [INFO] MainUpdater:290 - Updater Check For Update Now.
2024-02-07 18:24:52,666 [INFO] MicroXplorer:498 - Change Database Version : DB.6.0.100
2024-02-07 18:24:52,692 [INFO] McuFinderGlobals:63 - Set McuFinder mode to 2 (CubeIDE integrated)
2024-02-07 18:24:52,834 [INFO] UserAuth:404 - Internet connection configuration mode: 2
2024-02-07 18:24:52,987 [INFO] CheckServerUpdateThread:120 - End of CheckServer Thread
2024-02-07 18:24:54,764 [WARN] PackLoader:240 - Cannot read IP mode file for STMicroelectronics.X-CUBE-SMBUS.2.1.0
2024-02-07 18:24:54,805 [WARN] PackLoader:240 - Cannot read IP mode file for STMicroelectronics.X-CUBE-TOUCHGFX.4.23.0
2024-02-07 18:24:54,912 [WARN] PackLoader:240 - Cannot read IP mode file for STMicroelectronics.X-CUBE-AZRTOS-F7.1.1.0
2024-02-07 18:24:54,959 [WARN] PackLoader:240 - Cannot read IP mode file for STMicroelectronics.FP-SNS-MOTENV1.4.3.2
2024-02-07 18:24:54,999 [WARN] PackLoader:240 - Cannot read IP mode file for STMicroelectronics.FP-SNS-FLIGHT1.5.0.2
2024-02-07 18:24:55,043 [WARN] PackLoader:240 - Cannot read IP mode file for STMicroelectronics.X-CUBE-DISPLAY.3.0.0
2024-02-07 18:24:55,085 [WARN] PackLoader:240 - Cannot read IP mode file for STMicroelectronics.X-CUBE-BLE1.7.0.0
2024-02-07 18:24:55,109 [WARN] PackLoader:240 - Cannot read IP mode file for emotas.I-CUBE-CANOPEN.1.3.0
2024-02-07 18:24:55,135 [WARN] PackLoader:240 - Cannot read IP mode file for STMicroelectronics.FP-SNS-SMARTAG2.1.2.0
2024-02-07 18:24:55,171 [INFO] LogOutputStream:77 - [STDOUT_REDIRECT] 1 : Invalid condition id : UX_CORESTACK_Condition cause : null
2024-02-07 18:24:55,173 [INFO] LogOutputStream:77 - [STDOUT_REDIRECT] 1 : Invalid condition id : UX_CORESTACK_Condition cause : null
2024-02-07 18:24:55,174 [INFO] LogOutputStream:77 - [STDOUT_REDIRECT] 1 : Invalid condition id : UX_CORESTACK_Condition cause : null
2024-02-07 18:24:55,176 [INFO] LogOutputStream:77 - [STDOUT_REDIRECT] 1 : Invalid condition id : UX_CORESTACK_Condition cause : null
2024-02-07 18:24:55,177 [INFO] LogOutputStream:77 - [STDOUT_REDIRECT] 1 : Invalid condition id : UX_CORESTACK_Condition cause : null
2024-02-07 18:24:55,183 [WARN] PackLoader:240 - Cannot read IP mode file for STMicroelectronics.X-CUBE-AZRTOS-WL.2.0.0
2024-02-07 18:24:55,217 [WARN] PackLoader:240 - Cannot read IP mode file for WES.I-CUBE-Cesium.1.3.0
2024-02-07 18:24:55,241 [WARN] PackLoader:240 - Cannot read IP mode file for STMicroelectronics.X-CUBE-BLE2.3.3.0
2024-02-07 18:24:55,266 [WARN] PackLoader:240 - Cannot read IP mode file for STMicroelectronics.X-CUBE-ALGOBUILD.1.3.0
2024-02-07 18:24:55,330 [WARN] PackLoader:240 - Cannot read IP mode file for STMicroelectronics.X-CUBE-AZRTOS-G0.1.1.0
2024-02-07 18:24:55,362 [WARN] PackLoader:240 - Cannot read IP mode file for STMicroelectronics.X-CUBE-NFC4.3.0.0
2024-02-07 18:24:55,412 [WARN] PackLoader:240 - Cannot read IP mode file for STMicroelectronics.X-CUBE-BLEMGR.3.0.0
2024-02-07 18:24:55,441 [WARN] PackLoader:240 - Cannot read IP mode file for STMicroelectronics.FP-ATR-SIGFOX1.3.2.0
2024-02-07 18:24:55,475 [WARN] PackLoader:240 - Cannot read IP mode file for STMicroelectronics.X-CUBE-EEPRMA1.5.1.0
2024-02-07 18:24:55,555 [WARN] PackLoader:240 - Cannot read IP mode file for SEGGER.I-CUBE-embOS.1.3.1
2024-02-07 18:24:55,650 [WARN] PackLoader:240 - Cannot read IP mode file for STMicroelectronics.X-CUBE-GNSS1.6.0.0
2024-02-07 18:24:55,705 [WARN] PackLoader:240 - Cannot read IP mode file for STMicroelectronics.X-CUBE-AZRTOS-F4.1.1.0
2024-02-07 18:24:55,731 [WARN] PackLoader:240 - Cannot read IP mode file for wolfSSL.I-CUBE-wolfSSL.5.6.6
2024-02-07 18:24:55,786 [WARN] PackLoader:240 - Cannot read IP mode file for STMicroelectronics.X-CUBE-AZRTOS-L5.2.0.0
2024-02-07 18:24:55,814 [WARN] PackLoader:240 - Cannot read IP mode file for STMicroelectronics.X-CUBE-EEPRMA1.4.2.0
2024-02-07 18:24:55,841 [WARN] PackLoader:240 - Cannot read IP mode file for ITTIA_DB.I-CUBE-ITTIADB.8.8.0
2024-02-07 18:24:55,866 [WARN] PackLoader:240 - Cannot read IP mode file for STMicroelectronics.X-CUBE-NFC7.1.0.1
2024-02-07 18:24:55,893 [WARN] PackLoader:240 - Cannot read IP mode file for STMicroelectronics.X-CUBE-NFC6.3.0.0
2024-02-07 18:24:55,918 [WARN] PackLoader:240 - Cannot read IP mode file for STMicroelectronics.X-CUBE-AI.8.1.0
2024-02-07 18:24:55,974 [WARN] ConditionMgr:438 - getConditionDescription Invalid condition id : LAN8742 Phy interface Condition cause : null
2024-02-07 18:24:55,975 [WARN] PackLoader:240 - Cannot read IP mode file for STMicroelectronics.X-CUBE-AZRTOS-L4.2.0.0
2024-02-07 18:24:55,978 [WARN] ConditionMgr:1039 - genDependencies : Invalid condition id : LAN8742 Phy interface Condition cause : null
2024-02-07 18:24:55,978 [WARN] ConditionMgr:1039 - genDependencies : Invalid condition id : LAN8742 Phy interface Condition cause : null
2024-02-07 18:24:55,979 [WARN] ConditionMgr:1039 - genDependencies : Invalid condition id : LAN8742 Phy interface Condition cause : null
2024-02-07 18:24:56,004 [WARN] PackLoader:240 - Cannot read IP mode file for STMicroelectronics.X-CUBE-SFXS2LP1.4.0.0
2024-02-07 18:24:56,049 [WARN] ConditionMgr:438 - getConditionDescription Invalid condition id : UX DEVICE CLASS RTOS Condition cause : null
2024-02-07 18:24:56,049 [WARN] ConditionMgr:438 - getConditionDescription Invalid condition id : UX DEVICE CLASS RTOS Condition cause : null
2024-02-07 18:24:56,054 [WARN] PackLoader:240 - Cannot read IP mode file for STMicroelectronics.X-CUBE-AZRTOS-WB.2.0.0
2024-02-07 18:24:56,055 [WARN] ConditionMgr:1039 - genDependencies : Invalid condition id : UX DEVICE CLASS RTOS Condition cause : null
2024-02-07 18:24:56,055 [WARN] ConditionMgr:1039 - genDependencies : Invalid condition id : UX DEVICE CLASS RTOS Condition cause : null
2024-02-07 18:24:56,056 [WARN] ConditionMgr:1039 - genDependencies : Invalid condition id : UX DEVICE CLASS RTOS Condition cause : null
2024-02-07 18:24:56,057 [WARN] ConditionMgr:1039 - genDependencies : Invalid condition id : UX DEVICE CLASS RTOS Condition cause : null
2024-02-07 18:24:56,057 [WARN] ConditionMgr:1039 - genDependencies : Invalid condition id : UX DEVICE CLASS RTOS Condition cause : null
2024-02-07 18:24:56,089 [WARN] PackLoader:240 - Cannot read IP mode file for STMicroelectronics.X-CUBE-SUBG2.5.0.0
2024-02-07 18:24:56,154 [WARN] PackLoader:240 - Cannot read IP mode file for STMicroelectronics.X-CUBE-AZRTOS-G4.2.0.0
2024-02-07 18:24:56,198 [WARN] PackLoader:240 - Cannot read IP mode file for Infineon.AIROC-Wi-Fi-Bluetooth-STM32.1.5.1
2024-02-07 18:24:56,230 [WARN] PackLoader:240 - Cannot read IP mode file for STMicroelectronics.FP-SNS-MOTENVWB1.1.3.1
2024-02-07 18:24:56,252 [WARN] PackLoader:240 - Cannot read IP mode file for STMicroelectronics.X-CUBE-ISPU.2.0.0
2024-02-07 18:24:56,357 [WARN] PackLoader:240 - Cannot read IP mode file for STMicroelectronics.X-CUBE-MEMS1.10.0.0
2024-02-07 18:24:56,606 [WARN] PackLoader:240 - Cannot read IP mode file for STMicroelectronics.X-CUBE-FREERTOS.1.1.0
2024-02-07 18:24:56,627 [WARN] PackLoader:240 - Cannot read IP mode file for portGmbH.I-Cube-SoM-uGOAL.1.1.0
2024-02-07 18:24:56,649 [WARN] PackLoader:240 - Cannot read IP mode file for STMicroelectronics.X-CUBE-ALS.1.0.1
2024-02-07 18:24:56,670 [WARN] PackLoader:240 - Cannot read IP mode file for STMicroelectronics.FP-ATR-ASTRA1.2.0.0
2024-02-07 18:24:56,701 [WARN] PackLoader:240 - Cannot read IP mode file for STMicroelectronics.X-CUBE-TOF1.3.4.0
2024-02-07 18:24:56,775 [WARN] PackLoader:240 - Cannot read IP mode file for STMicroelectronics.X-CUBE-AZRTOS-H7.3.2.0
2024-02-07 18:24:56,780 [INFO] ThirdParty:978 - Integrity check success = true
2024-02-07 18:24:56,781 [INFO] IntegrityCheckThread:100 - exiting critical section [integrity check]
2024-02-07 18:24:56,781 [INFO] IntegrityCheckThread:103 - End integrity checks thread
2024-02-07 18:25:14,227 [ERROR] LogOutputStream:75 - [STDERR_REDIRECT] SLF4J: Failed to load class "org.slf4j.impl.StaticLoggerBinder".
2024-02-07 18:25:14,229 [ERROR] LogOutputStream:75 - [STDERR_REDIRECT] SLF4J: Defaulting to no-operation (NOP) logger implementation
2024-02-07 18:25:14,232 [ERROR] LogOutputStream:75 - [STDERR_REDIRECT] SLF4J: See http://www.slf4j.org/codes.html#StaticLoggerBinder for further details.
2024-02-07 18:25:53,484 [INFO] McuFinderGlobals:63 - Set McuFinder mode to 2 (CubeIDE integrated)
2024-02-07 18:25:54,403 [INFO] ApiDb:581 - Connected to CubeFinder SQLite database (C:\Users\shash\.stmcufinder\plugins\mcufinder\mcu\cube-finder-db.db)
2024-02-07 18:25:54,635 [INFO] ApiDb:668 - CubeFinder database Data Model version=2.1
2024-02-07 18:25:54,635 [INFO] ApiDb:669 - CubeFinder database Configuration version=3.0.39
2024-02-07 18:25:54,635 [INFO] ApiDb:670 - CubeFinder database generation date=2024-01-11 (1704964531)
2024-02-07 18:25:54,636 [INFO] ApiDb:671 - CubeFinder database FW Pack versions=[FP-ATR-ASTRA1_V2.0.0, FP-SNS-FLIGHT1_V5.0.1, FP-SNS-FLIGHT1_V5.0.2, FP-SNS-MOTENV1_V4.3.1, FP-SNS-MOTENV1_V4.3.2, FP-SNS-MOTENVWB1_V1.3.1, FP-SNS-SMARTAG2_V1.2.0, STM32Cube_FW_C0_V1.1.0, STM32Cube_FW_F4_V1.28.0, STM32Cube_FW_F7_V1.17.0, STM32Cube_FW_G0_V1.6.2, STM32Cube_FW_G4_V1.5.2, STM32Cube_FW_H5_V0.5.1, STM32Cube_FW_H5_V1.1.1, STM32Cube_FW_H5_V1.2.0RC2, STM32Cube_FW_H7_V1.11.0, STM32Cube_FW_L0_V1.12.2, STM32Cube_FW_L5_V1.5.0, STM32Cube_FW_U5_V1.3.0RC4, STM32Cube_FW_U5_V1.4.0, STM32Cube_FW_WBA_V1.0.0RC1, STM32Cube_FW_WBA_V1.1.0RC1, STM32Cube_FW_WBA_V1.2.0, STM32Cube_FW_WBA_V1.2.0RC2, STM32Cube_FW_WB_V1.15.0RC1, STM32Cube_FW_WB_V1.16.0, STM32Cube_FW_WB_V1.16.0RC2, STM32Cube_FW_WB_V1.18.0, STM32Cube_FW_WL_V1.3.0, X-CUBE-ALGOBUILD_V1.3.0, X-CUBE-ALS_V1.0.1, X-CUBE-AZRTOS-F4_V1.1.0, X-CUBE-AZRTOS-F7_V1.1.0, X-CUBE-AZRTOS-G0_V1.1.0, X-CUBE-AZRTOS-G4_V2.0.0, X-CUBE-AZRTOS-H7_V3.2.0, X-CUBE-AZRTOS-L4_V1.0.0, X-CUBE-AZRTOS-L4_V2.0.0, X-CUBE-AZRTOS-L5_V1.1.0, X-CUBE-AZRTOS-WB_V2.0.0, X-CUBE-AZRTOS-WL_V2.0.0, X-CUBE-BLE1_V7.0.0, X-CUBE-BLE2_V3.3.0, X-CUBE-BLEMGR_V3.0.0, X-CUBE-EEPRMA1_V4.1.0, X-CUBE-EEPRMA1_V4.2.0, X-CUBE-FREERTOS_V1.1.0, X-CUBE-GNSS1_V6.0.0, X-CUBE-MEMS1_V10.0.0, X-CUBE-MEMS1_V9.1.0, X-CUBE-MEMS1_V9.4.0, X-CUBE-MEMS1_V9.6.0, X-CUBE-NFC4_V3.0.0, X-CUBE-NFC7_V1.0.1, X-CUBE-SFXS2LP1_V4.0.0, X-CUBE-SUBG2_V5.0.0, X-CUBE-TOF1_V3.4.0]
2024-02-07 18:25:54,881 [INFO] DbBoardsSqlite:226 - include board P-NUCLEO-WB55-NUCLEO as a kit item of type 'Nucleo-64'
2024-02-07 18:25:54,882 [INFO] DbBoardsSqlite:226 - include board P-NUCLEO-WB55-USBDONGLE as a kit item of type 'Nucleo USB Dongle'
2024-02-07 18:25:54,883 [INFO] DbBoardsSqlite:226 - include board STEVAL-IDP005V1 as a kit item of type 'Evaluation Board'
2024-02-07 18:25:54,884 [INFO] DbBoardsSqlite:226 - include board STEVAL-IDP005V2 as a kit item of type 'Evaluation Board'
2024-02-07 18:25:55,535 [INFO] ApiDb:240 - Found 371 in-development CPN: [B-G473E-ZEST1S, B-WB1M-WPAN1, B-WL5M-SUBG1, NUCLEO-C031C6, NUCLEO-H503RB, NUCLEO-H563ZI, NUCLEO-U545RE-Q, NUCLEO-U5A5ZJ-Q, NUCLEO-WBA52CG, NUCLEO-WBA55CG, STEVAL-MKBOXPRO, STEVAL-PROTEUS1, STEVAL-STWINBX1, STM320518-EVAL, STM32C0116-DK, STM32C011D6Y3TR, STM32C011D6Y6TR, STM32C011F4P3, STM32C011F4P6, STM32C011F4U3, STM32C011F4U6TR, STM32C011F6P3, STM32C011F6P6, STM32C011F6U3, STM32C011F6U6TR, STM32C011J4M3, STM32C011J4M6, STM32C011J6M3, STM32C011J6M6, STM32C0316-DK, STM32C031C4T3, STM32C031C4T6, STM32C031C4U3, STM32C031C4U6, STM32C031C6T3, STM32C031C6T6, STM32C031C6U3, STM32C031C6U6, STM32C031F4P3, STM32C031F4P6, STM32C031F6P3, STM32C031F6P6, STM32C031G4U3, STM32C031G4U6, STM32C031G6U3, STM32C031G6U6, STM32C031K4T3, STM32C031K4T6, STM32C031K4U3, STM32C031K4U6, STM32C031K6T3, STM32C031K6T6, STM32C031K6U3, STM32C031K6U6, STM32G071K8TXN, STM32G071K8UXN, STM32G081GBU6N, STM32G081KBT6N, STM32G081KBUXN, STM32G0B1CCT6N, STM32G0B1KCT6, STM32G0B1NEY6TR, STM32G0B1RCT6N, STM32G0C1CCT6, STM32G0C1CCT6N, STM32G0C1CCU6N, STM32G0C1CET6N, STM32G0C1CEU6N, STM32G0C1KCT6, STM32G0C1NEY6TR, STM32G0C1RCI6N, STM32G0C1RCT6N, STM32G0C1REI6N, STM32G0C1RET6N, STM32G0C1VCI6, STM32G0C1VEI6, STM32G471CCT6, STM32G471CCU6, STM32G471CET3, STM32G471CET6, STM32G471CEU3, STM32G471CEU6, STM32G471MCT6, STM32G471MET3, STM32G471MET6, STM32G471MEY6TR, STM32G471QCT6, STM32G471QET3, STM32G471RCT6, STM32G471RET3, STM32G471RET6, STM32G471VCH6, STM32G471VCI6, STM32G471VCT6, STM32G471VEH3, STM32G471VEH6, STM32G471VEI3, STM32G471VEI6, STM32G471VET3, STM32G471VET6, STM32G474CCT6, STM32H503CBT6, STM32H503CBU6, STM32H503EBY6TR, STM32H503KBU6, STM32H503RBT6, STM32H562AGI6, STM32H562AII6, STM32H562IGK6, STM32H562IGT6, STM32H562IIK6, STM32H562IIT6, STM32H562RGT6, STM32H562RGV6, STM32H562RIT6, STM32H562RIV6, STM32H562VGT6, STM32H562VIT6, STM32H562ZGT6, STM32H562ZIT6, STM32H563AGI6, STM32H563AII3Q, STM32H563AII6, STM32H563IGK6, STM32H563IGT6, STM32H563IIK3Q, STM32H563IIK6, STM32H563IIT3Q, STM32H563IIT6, STM32H563MIY3QTR, STM32H563RGT6, STM32H563RGV6, STM32H563RIT6, STM32H563RIV6, STM32H563VGT6, STM32H563VIT3Q, STM32H563VIT6, STM32H563ZGT6, STM32H563ZIT3Q, STM32H563ZIT6, STM32H573AII3Q, STM32H573AII6, STM32H573I-DK, STM32H573IIK3Q, STM32H573IIK6, STM32H573IIT3Q, STM32H573IIT6, STM32H573MIY3QTR, STM32H573RIT6, STM32H573RIV6, STM32H573VIT3Q, STM32H573VIT6, STM32H573ZIT3Q, STM32H573ZIT6, STM32L4R5QGI6STR, STM32MP131AAE3, STM32MP131AAF3, STM32MP131AAG3, STM32MP131CAE3, STM32MP131CAF3, STM32MP131CAG3, STM32MP131DAE7, STM32MP131DAF7, STM32MP131DAG7, STM32MP131FAE7, STM32MP131FAF7, STM32MP131FAG7, STM32MP133AAE3, STM32MP133AAF3, STM32MP133AAG3, STM32MP133CAE3, STM32MP133CAF3, STM32MP133CAG3, STM32MP133DAE7, STM32MP133DAF7, STM32MP133DAG7, STM32MP133FAE7, STM32MP133FAF7, STM32MP133FAG7, STM32MP135AAE3, STM32MP135AAF3, STM32MP135AAG3, STM32MP135CAE3, STM32MP135CAF3, STM32MP135CAG3, STM32MP135DAE7, STM32MP135DAF7, STM32MP135DAG7, STM32MP135F-DK, STM32MP135FAE7, STM32MP135FAF7, STM32MP135FAF7T, STM32MP135FAF7U, STM32MP135FAG7, STM32U535CBT6, STM32U535CBT6Q, STM32U535CBU6, STM32U535CBU6Q, STM32U535CCT6, STM32U535CCT6Q, STM32U535CCU6, STM32U535CCU6Q, STM32U535CET6, STM32U535CET6Q, STM32U535CEU6, STM32U535CEU6Q, STM32U535JEY6QTR, STM32U535NCY6QTR, STM32U535NEY6QTR, STM32U535RBI6, STM32U535RBI6Q, STM32U535RBT6, STM32U535RBT6Q, STM32U535RCI6, STM32U535RCI6Q, STM32U535RCT6, STM32U535RCT6Q, STM32U535REI6, STM32U535REI6Q, STM32U535RET6, STM32U535RET6Q, STM32U535VCI6, STM32U535VCI6Q, STM32U535VCT6, STM32U535VCT6Q, STM32U535VEI6, STM32U535VEI6Q, STM32U535VET6, STM32U535VET6Q, STM32U545CET6, STM32U545CET6Q, STM32U545CEU6, STM32U545CEU6Q, STM32U545JEY6QTR, STM32U545NEY6QTR, STM32U545REI6, STM32U545REI6Q, STM32U545RET6, STM32U545RET6Q, STM32U545VEI6, STM32U545VEI6Q, STM32U545VET6, STM32U545VET6Q, STM32U595AIH6, STM32U595AIH6Q, STM32U595AJH6, STM32U595AJH6Q, STM32U595QII6, STM32U595QII6Q, STM32U595QJI6, STM32U595QJI6Q, STM32U595RIT6, STM32U595RIT6Q, STM32U595RJT6, STM32U595RJT6Q, STM32U595VIT6, STM32U595VIT6Q, STM32U595VJT6, STM32U595VJT6Q, STM32U595ZIT6, STM32U595ZIT6Q, STM32U595ZIY6QTR, STM32U595ZJT6, STM32U595ZJT6Q, STM32U595ZJY6QTR, STM32U599BJY6QTR, STM32U599NIH6Q, STM32U599NJH6Q, STM32U599VIT6Q, STM32U599VJT6, STM32U599VJT6Q, STM32U599ZIT6Q, STM32U599ZIY6QTR, STM32U599ZJT6Q, STM32U599ZJY6QTR, STM32U5A5AJH6, STM32U5A5AJH6Q, STM32U5A5QJI6, STM32U5A5QJI6Q, STM32U5A5RJT6, STM32U5A5RJT6Q, STM32U5A5VJT6, STM32U5A5VJT6Q, STM32U5A5ZJT6, STM32U5A5ZJT6Q, STM32U5A5ZJY6QTR, STM32U5A9BJY6QTR, STM32U5A9J-DK, STM32U5A9NJH6Q, STM32U5A9VJT6Q, STM32U5A9ZJT6Q, STM32U5A9ZJY6QTR, STM32U5F7VIT6, STM32U5F7VIT6Q, STM32U5F7VJT6, STM32U5F7VJT6Q, STM32U5F9BJY6QTR, STM32U5F9NJH6Q, STM32U5F9VIT6Q, STM32U5F9VJT6Q, STM32U5F9ZIJ6QTR, STM32U5F9ZIT6Q, STM32U5F9ZJJ6QTR, STM32U5F9ZJT6Q, STM32U5G7VJT6, STM32U5G7VJT6Q, STM32U5G9BJY6QTR, STM32U5G9J-DK1, STM32U5G9J-DK2, STM32U5G9NJH6Q, STM32U5G9VJT6Q, STM32U5G9ZJJ6QTR, STM32U5G9ZJT6Q, STM32WB1MMCH6, STM32WBA50KEU6, STM32WBA50KEU6TR, STM32WBA50KGU6, STM32WBA50KGU6TR, STM32WBA52CEU6, STM32WBA52CEU6TR, STM32WBA52CEU7, STM32WBA52CEU7TR, STM32WBA52CGU6, STM32WBA52CGU6TR, STM32WBA52CGU6U, STM32WBA52CGU7, STM32WBA52CGU7TR, STM32WBA52KEU6, STM32WBA52KEU6TR, STM32WBA52KGU6, STM32WBA52KGU6TR, STM32WBA54CEU6, STM32WBA54CEU6TR, STM32WBA54CEU7, STM32WBA54CEU7TR, STM32WBA54CGU6, STM32WBA54CGU6TR, STM32WBA54CGU7, STM32WBA54CGU7TR, STM32WBA54KEU6, STM32WBA54KEU6TR, STM32WBA54KEU7, STM32WBA54KEU7TR, STM32WBA54KGU6, STM32WBA54KGU6TR, STM32WBA54KGU7, STM32WBA54KGU7TR, STM32WBA55CEU6, STM32WBA55CEU6TR, STM32WBA55CEU7, STM32WBA55CEU7TR, STM32WBA55CGU6, STM32WBA55CGU6TR, STM32WBA55CGU6U, STM32WBA55CGU7, STM32WBA55CGU7TR, STM32WBA55G-DK1, STM32WBA55HEF6, STM32WBA55HEF7, STM32WBA55HGF6, STM32WBA55HGF7, STM32WBA55UEI6, STM32WBA55UEI6TR, STM32WBA55UEI7, STM32WBA55UEI7TR, STM32WBA55UGI6, STM32WBA55UGI6TR, STM32WBA55UGI7, STM32WBA55UGI7TR, STM32WL5MOCH6, STM32WL5MOCH6TR]
2024-02-07 18:25:55,760 [INFO] BoardInfo:889 - No configuration file found for board P-NUCLEO-WB55
2024-02-07 18:25:55,761 [INFO] DbBoards:161 - Kit is not supported: P-NUCLEO-WB55
2024-02-07 18:25:55,767 [INFO] BoardInfo:889 - No configuration file found for board STEVAL-BFA001V1B
2024-02-07 18:25:55,768 [INFO] DbBoards:161 - Kit is not supported: STEVAL-BFA001V1B
2024-02-07 18:25:55,769 [INFO] BoardInfo:889 - No configuration file found for board STEVAL-BFA001V2B
2024-02-07 18:25:55,770 [INFO] DbBoards:161 - Kit is not supported: STEVAL-BFA001V2B
2024-02-07 18:25:55,948 [INFO] DbBoards:168 - Found 193 boards, 190 are supported
2024-02-07 18:25:55,948 [INFO] DbBoards:169 - Found 193 boards, 3 of them is supported for  Bsp
2024-02-07 18:25:55,955 [INFO] ApiDb:668 - CubeFinder database Data Model version=2.1
2024-02-07 18:25:55,955 [INFO] ApiDb:669 - CubeFinder database Configuration version=3.0.39
2024-02-07 18:25:55,955 [INFO] ApiDb:670 - CubeFinder database generation date=2024-01-11 (1704964531)
2024-02-07 18:25:55,955 [INFO] ApiDb:671 - CubeFinder database FW Pack versions=[FP-ATR-ASTRA1_V2.0.0, FP-SNS-FLIGHT1_V5.0.1, FP-SNS-FLIGHT1_V5.0.2, FP-SNS-MOTENV1_V4.3.1, FP-SNS-MOTENV1_V4.3.2, FP-SNS-MOTENVWB1_V1.3.1, FP-SNS-SMARTAG2_V1.2.0, STM32Cube_FW_C0_V1.1.0, STM32Cube_FW_F4_V1.28.0, STM32Cube_FW_F7_V1.17.0, STM32Cube_FW_G0_V1.6.2, STM32Cube_FW_G4_V1.5.2, STM32Cube_FW_H5_V0.5.1, STM32Cube_FW_H5_V1.1.1, STM32Cube_FW_H5_V1.2.0RC2, STM32Cube_FW_H7_V1.11.0, STM32Cube_FW_L0_V1.12.2, STM32Cube_FW_L5_V1.5.0, STM32Cube_FW_U5_V1.3.0RC4, STM32Cube_FW_U5_V1.4.0, STM32Cube_FW_WBA_V1.0.0RC1, STM32Cube_FW_WBA_V1.1.0RC1, STM32Cube_FW_WBA_V1.2.0, STM32Cube_FW_WBA_V1.2.0RC2, STM32Cube_FW_WB_V1.15.0RC1, STM32Cube_FW_WB_V1.16.0, STM32Cube_FW_WB_V1.16.0RC2, STM32Cube_FW_WB_V1.18.0, STM32Cube_FW_WL_V1.3.0, X-CUBE-ALGOBUILD_V1.3.0, X-CUBE-ALS_V1.0.1, X-CUBE-AZRTOS-F4_V1.1.0, X-CUBE-AZRTOS-F7_V1.1.0, X-CUBE-AZRTOS-G0_V1.1.0, X-CUBE-AZRTOS-G4_V2.0.0, X-CUBE-AZRTOS-H7_V3.2.0, X-CUBE-AZRTOS-L4_V1.0.0, X-CUBE-AZRTOS-L4_V2.0.0, X-CUBE-AZRTOS-L5_V1.1.0, X-CUBE-AZRTOS-WB_V2.0.0, X-CUBE-AZRTOS-WL_V2.0.0, X-CUBE-BLE1_V7.0.0, X-CUBE-BLE2_V3.3.0, X-CUBE-BLEMGR_V3.0.0, X-CUBE-EEPRMA1_V4.1.0, X-CUBE-EEPRMA1_V4.2.0, X-CUBE-FREERTOS_V1.1.0, X-CUBE-GNSS1_V6.0.0, X-CUBE-MEMS1_V10.0.0, X-CUBE-MEMS1_V9.1.0, X-CUBE-MEMS1_V9.4.0, X-CUBE-MEMS1_V9.6.0, X-CUBE-NFC4_V3.0.0, X-CUBE-NFC7_V1.0.1, X-CUBE-SFXS2LP1_V4.0.0, X-CUBE-SUBG2_V5.0.0, X-CUBE-TOF1_V3.4.0]
2024-02-07 18:25:59,621 [INFO] ApiDb:240 - Found 371 in-development CPN: [B-G473E-ZEST1S, B-WB1M-WPAN1, B-WL5M-SUBG1, NUCLEO-C031C6, NUCLEO-H503RB, NUCLEO-H563ZI, NUCLEO-U545RE-Q, NUCLEO-U5A5ZJ-Q, NUCLEO-WBA52CG, NUCLEO-WBA55CG, STEVAL-MKBOXPRO, STEVAL-PROTEUS1, STEVAL-STWINBX1, STM320518-EVAL, STM32C0116-DK, STM32C011D6Y3TR, STM32C011D6Y6TR, STM32C011F4P3, STM32C011F4P6, STM32C011F4U3, STM32C011F4U6TR, STM32C011F6P3, STM32C011F6P6, STM32C011F6U3, STM32C011F6U6TR, STM32C011J4M3, STM32C011J4M6, STM32C011J6M3, STM32C011J6M6, STM32C0316-DK, STM32C031C4T3, STM32C031C4T6, STM32C031C4U3, STM32C031C4U6, STM32C031C6T3, STM32C031C6T6, STM32C031C6U3, STM32C031C6U6, STM32C031F4P3, STM32C031F4P6, STM32C031F6P3, STM32C031F6P6, STM32C031G4U3, STM32C031G4U6, STM32C031G6U3, STM32C031G6U6, STM32C031K4T3, STM32C031K4T6, STM32C031K4U3, STM32C031K4U6, STM32C031K6T3, STM32C031K6T6, STM32C031K6U3, STM32C031K6U6, STM32G071K8TXN, STM32G071K8UXN, STM32G081GBU6N, STM32G081KBT6N, STM32G081KBUXN, STM32G0B1CCT6N, STM32G0B1KCT6, STM32G0B1NEY6TR, STM32G0B1RCT6N, STM32G0C1CCT6, STM32G0C1CCT6N, STM32G0C1CCU6N, STM32G0C1CET6N, STM32G0C1CEU6N, STM32G0C1KCT6, STM32G0C1NEY6TR, STM32G0C1RCI6N, STM32G0C1RCT6N, STM32G0C1REI6N, STM32G0C1RET6N, STM32G0C1VCI6, STM32G0C1VEI6, STM32G471CCT6, STM32G471CCU6, STM32G471CET3, STM32G471CET6, STM32G471CEU3, STM32G471CEU6, STM32G471MCT6, STM32G471MET3, STM32G471MET6, STM32G471MEY6TR, STM32G471QCT6, STM32G471QET3, STM32G471RCT6, STM32G471RET3, STM32G471RET6, STM32G471VCH6, STM32G471VCI6, STM32G471VCT6, STM32G471VEH3, STM32G471VEH6, STM32G471VEI3, STM32G471VEI6, STM32G471VET3, STM32G471VET6, STM32G474CCT6, STM32H503CBT6, STM32H503CBU6, STM32H503EBY6TR, STM32H503KBU6, STM32H503RBT6, STM32H562AGI6, STM32H562AII6, STM32H562IGK6, STM32H562IGT6, STM32H562IIK6, STM32H562IIT6, STM32H562RGT6, STM32H562RGV6, STM32H562RIT6, STM32H562RIV6, STM32H562VGT6, STM32H562VIT6, STM32H562ZGT6, STM32H562ZIT6, STM32H563AGI6, STM32H563AII3Q, STM32H563AII6, STM32H563IGK6, STM32H563IGT6, STM32H563IIK3Q, STM32H563IIK6, STM32H563IIT3Q, STM32H563IIT6, STM32H563MIY3QTR, STM32H563RGT6, STM32H563RGV6, STM32H563RIT6, STM32H563RIV6, STM32H563VGT6, STM32H563VIT3Q, STM32H563VIT6, STM32H563ZGT6, STM32H563ZIT3Q, STM32H563ZIT6, STM32H573AII3Q, STM32H573AII6, STM32H573I-DK, STM32H573IIK3Q, STM32H573IIK6, STM32H573IIT3Q, STM32H573IIT6, STM32H573MIY3QTR, STM32H573RIT6, STM32H573RIV6, STM32H573VIT3Q, STM32H573VIT6, STM32H573ZIT3Q, STM32H573ZIT6, STM32L4R5QGI6STR, STM32MP131AAE3, STM32MP131AAF3, STM32MP131AAG3, STM32MP131CAE3, STM32MP131CAF3, STM32MP131CAG3, STM32MP131DAE7, STM32MP131DAF7, STM32MP131DAG7, STM32MP131FAE7, STM32MP131FAF7, STM32MP131FAG7, STM32MP133AAE3, STM32MP133AAF3, STM32MP133AAG3, STM32MP133CAE3, STM32MP133CAF3, STM32MP133CAG3, STM32MP133DAE7, STM32MP133DAF7, STM32MP133DAG7, STM32MP133FAE7, STM32MP133FAF7, STM32MP133FAG7, STM32MP135AAE3, STM32MP135AAF3, STM32MP135AAG3, STM32MP135CAE3, STM32MP135CAF3, STM32MP135CAG3, STM32MP135DAE7, STM32MP135DAF7, STM32MP135DAG7, STM32MP135F-DK, STM32MP135FAE7, STM32MP135FAF7, STM32MP135FAF7T, STM32MP135FAF7U, STM32MP135FAG7, STM32U535CBT6, STM32U535CBT6Q, STM32U535CBU6, STM32U535CBU6Q, STM32U535CCT6, STM32U535CCT6Q, STM32U535CCU6, STM32U535CCU6Q, STM32U535CET6, STM32U535CET6Q, STM32U535CEU6, STM32U535CEU6Q, STM32U535JEY6QTR, STM32U535NCY6QTR, STM32U535NEY6QTR, STM32U535RBI6, STM32U535RBI6Q, STM32U535RBT6, STM32U535RBT6Q, STM32U535RCI6, STM32U535RCI6Q, STM32U535RCT6, STM32U535RCT6Q, STM32U535REI6, STM32U535REI6Q, STM32U535RET6, STM32U535RET6Q, STM32U535VCI6, STM32U535VCI6Q, STM32U535VCT6, STM32U535VCT6Q, STM32U535VEI6, STM32U535VEI6Q, STM32U535VET6, STM32U535VET6Q, STM32U545CET6, STM32U545CET6Q, STM32U545CEU6, STM32U545CEU6Q, STM32U545JEY6QTR, STM32U545NEY6QTR, STM32U545REI6, STM32U545REI6Q, STM32U545RET6, STM32U545RET6Q, STM32U545VEI6, STM32U545VEI6Q, STM32U545VET6, STM32U545VET6Q, STM32U595AIH6, STM32U595AIH6Q, STM32U595AJH6, STM32U595AJH6Q, STM32U595QII6, STM32U595QII6Q, STM32U595QJI6, STM32U595QJI6Q, STM32U595RIT6, STM32U595RIT6Q, STM32U595RJT6, STM32U595RJT6Q, STM32U595VIT6, STM32U595VIT6Q, STM32U595VJT6, STM32U595VJT6Q, STM32U595ZIT6, STM32U595ZIT6Q, STM32U595ZIY6QTR, STM32U595ZJT6, STM32U595ZJT6Q, STM32U595ZJY6QTR, STM32U599BJY6QTR, STM32U599NIH6Q, STM32U599NJH6Q, STM32U599VIT6Q, STM32U599VJT6, STM32U599VJT6Q, STM32U599ZIT6Q, STM32U599ZIY6QTR, STM32U599ZJT6Q, STM32U599ZJY6QTR, STM32U5A5AJH6, STM32U5A5AJH6Q, STM32U5A5QJI6, STM32U5A5QJI6Q, STM32U5A5RJT6, STM32U5A5RJT6Q, STM32U5A5VJT6, STM32U5A5VJT6Q, STM32U5A5ZJT6, STM32U5A5ZJT6Q, STM32U5A5ZJY6QTR, STM32U5A9BJY6QTR, STM32U5A9J-DK, STM32U5A9NJH6Q, STM32U5A9VJT6Q, STM32U5A9ZJT6Q, STM32U5A9ZJY6QTR, STM32U5F7VIT6, STM32U5F7VIT6Q, STM32U5F7VJT6, STM32U5F7VJT6Q, STM32U5F9BJY6QTR, STM32U5F9NJH6Q, STM32U5F9VIT6Q, STM32U5F9VJT6Q, STM32U5F9ZIJ6QTR, STM32U5F9ZIT6Q, STM32U5F9ZJJ6QTR, STM32U5F9ZJT6Q, STM32U5G7VJT6, STM32U5G7VJT6Q, STM32U5G9BJY6QTR, STM32U5G9J-DK1, STM32U5G9J-DK2, STM32U5G9NJH6Q, STM32U5G9VJT6Q, STM32U5G9ZJJ6QTR, STM32U5G9ZJT6Q, STM32WB1MMCH6, STM32WBA50KEU6, STM32WBA50KEU6TR, STM32WBA50KGU6, STM32WBA50KGU6TR, STM32WBA52CEU6, STM32WBA52CEU6TR, STM32WBA52CEU7, STM32WBA52CEU7TR, STM32WBA52CGU6, STM32WBA52CGU6TR, STM32WBA52CGU6U, STM32WBA52CGU7, STM32WBA52CGU7TR, STM32WBA52KEU6, STM32WBA52KEU6TR, STM32WBA52KGU6, STM32WBA52KGU6TR, STM32WBA54CEU6, STM32WBA54CEU6TR, STM32WBA54CEU7, STM32WBA54CEU7TR, STM32WBA54CGU6, STM32WBA54CGU6TR, STM32WBA54CGU7, STM32WBA54CGU7TR, STM32WBA54KEU6, STM32WBA54KEU6TR, STM32WBA54KEU7, STM32WBA54KEU7TR, STM32WBA54KGU6, STM32WBA54KGU6TR, STM32WBA54KGU7, STM32WBA54KGU7TR, STM32WBA55CEU6, STM32WBA55CEU6TR, STM32WBA55CEU7, STM32WBA55CEU7TR, STM32WBA55CGU6, STM32WBA55CGU6TR, STM32WBA55CGU6U, STM32WBA55CGU7, STM32WBA55CGU7TR, STM32WBA55G-DK1, STM32WBA55HEF6, STM32WBA55HEF7, STM32WBA55HGF6, STM32WBA55HGF7, STM32WBA55UEI6, STM32WBA55UEI6TR, STM32WBA55UEI7, STM32WBA55UEI7TR, STM32WBA55UGI6, STM32WBA55UGI6TR, STM32WBA55UGI7, STM32WBA55UGI7TR, STM32WL5MOCH6, STM32WL5MOCH6TR]
2024-02-07 18:25:59,628 [INFO] DbMcus:218 - Found 3930 MCUs, 3930 are supported
2024-02-07 18:25:59,628 [INFO] ApiDb:423 - Load user favorites file C:\Users\shash/.stm32cubeide/favorites.mcus.txt: 0 item(s)
2024-02-07 18:25:59,628 [INFO] ApiDb:427 - User favorites MCUs=[]
2024-02-07 18:25:59,629 [INFO] DbMcus:224 - Set 0 / 0 favorites MCUs
2024-02-07 18:26:00,158 [INFO] ApiDb:423 - Load user favorites file C:\Users\shash/.stm32cubeide/favorites.boards.txt: 0 item(s)
2024-02-07 18:26:00,159 [INFO] ApiDb:427 - User favorites Boards=[]
2024-02-07 18:26:00,159 [INFO] DbBoards:198 - Set 0 / 0 favorites Boards
2024-02-07 18:26:00,159 [INFO] McuFinderGlobals:76 - Set McuFinderConnectedMode to false
2024-02-07 18:26:00,167 [INFO] MultiScanPanel:200 - Auto-refresh data requested => check proxy status ongoing
2024-02-07 18:26:00,167 [INFO] MultiScanPanel:204 - Proxy status is invalid
2024-02-07 18:26:00,170 [INFO] FinderPluginLoader:95 - Searching for filters in installed packs
2024-02-07 18:26:02,240 [INFO] DetailPanel:341 - Set advertising image to C:/Users/shash/STM32Cube/Repository/\en.prom-stm32wl3-mcu-finder.jpg
2024-02-07 18:27:31,706 [INFO] MainUpdater:2873 - connection check result : 10
2024-02-07 18:27:31,760 [INFO] MicroXplorer:468 - Change Database Path : 
2024-02-07 18:27:31,760 [INFO] MicroXplorer:498 - Change Database Version : DB.6.0.100
2024-02-07 18:27:31,769 [WARN] ThirdParty:871 - waiting for thirdparty lock release [close project]
2024-02-07 18:27:31,769 [INFO] ThirdParty:873 - entering critical section [close project]
2024-02-07 18:27:31,770 [INFO] ThirdParty:883 - exiting critical section [close project]
2024-02-07 18:27:31,776 [INFO] PinOutPanel:1499 - setPackage(No Configuration,No Configuration)
2024-02-07 18:27:31,781 [INFO] UtilMem:75 - Begin LoadConfig() Used Memory: 354829536 Bytes (609222656)
2024-02-07 18:27:31,783 [INFO] MicroXplorer:468 - Change Database Path : 
2024-02-07 18:27:31,783 [INFO] MicroXplorer:498 - Change Database Version : DB.6.0.100
2024-02-07 18:27:31,783 [INFO] OpenFileManager:312 - Change cursor
2024-02-07 18:27:31,876 [INFO] Mcu:2016 - Initializing MCU STM32L432KCUx STM32L432KCUx STM32L432KCU6
2024-02-07 18:27:35,049 [INFO] Context:659 - Trying to add GPIOservice into a context  which must be forbidden
2024-02-07 18:27:36,035 [INFO] ImportTextPane:194 - (OptionalMessage_ERROR) Unable to find key (Mcu.ThirdPartyNb) in loaded IOC file
2024-02-07 18:27:36,035 [INFO] ImportTextPane:194 - (OptionalMessage_ERROR) Unable to find key (Mcu.PinsNb) in loaded IOC file
2024-02-07 18:27:36,035 [INFO] ImportTextPane:194 - (OptionalMessage_ERROR) Unable to find key (Mcu.IPNb) in loaded IOC file
2024-02-07 18:27:36,203 [INFO] RtosManager:555 - Registered RTOS mode: class=CMSIS, group=RTOS, mode=CMSIS_V1, owner=FREERTOS
2024-02-07 18:27:36,203 [INFO] RtosManager:555 - Registered RTOS mode: class=CMSIS, group=RTOS2, mode=CMSIS_V2, owner=FREERTOS
2024-02-07 18:27:36,203 [INFO] RtosManager:555 - Registered RTOS mode: class=RTOS, group=Core, mode=CMSIS_V1, owner=FREERTOS
2024-02-07 18:27:36,203 [INFO] RtosManager:555 - Registered RTOS mode: class=RTOS, group=Core, mode=CMSIS_V2, owner=FREERTOS
2024-02-07 18:27:36,204 [WARN] ModelIntegratedComponent:184 - Missing modes for component STMicroelectronics:FreeRTOS:0.0.1:STMicroelectronics:RTOS:FreeRTOS:Core:::10.2.0:
2024-02-07 18:27:36,243 [WARN] ModelIntegratedComponent:63 - No mode defined for component null
2024-02-07 18:27:36,244 [WARN] ModelIntegratedComponent:63 - No mode defined for component null
2024-02-07 18:27:36,244 [WARN] ModelIntegratedComponent:63 - No mode defined for component null
2024-02-07 18:27:36,244 [WARN] ModelIntegratedComponent:63 - No mode defined for component null
2024-02-07 18:27:36,244 [WARN] ModelIntegratedComponent:63 - No mode defined for component null
2024-02-07 18:27:36,244 [WARN] ModelIntegratedComponent:63 - No mode defined for component null
2024-02-07 18:27:36,244 [WARN] ModelIntegratedComponent:63 - No mode defined for component null
2024-02-07 18:27:36,245 [WARN] ModelIntegratedComponent:63 - No mode defined for component null
2024-02-07 18:27:36,245 [WARN] ModelIntegratedComponent:63 - No mode defined for component null
2024-02-07 18:27:36,245 [WARN] ModelIntegratedComponent:63 - No mode defined for component null
2024-02-07 18:27:36,245 [WARN] ModelIntegratedComponent:63 - No mode defined for component null
2024-02-07 18:27:36,245 [WARN] ModelIntegratedComponent:63 - No mode defined for component null
2024-02-07 18:27:36,245 [WARN] ModelIntegratedComponent:63 - No mode defined for component null
2024-02-07 18:27:36,245 [WARN] ModelIntegratedComponent:63 - No mode defined for component null
2024-02-07 18:27:36,245 [WARN] ModelIntegratedComponent:63 - No mode defined for component null
2024-02-07 18:27:36,245 [WARN] ModelIntegratedComponent:63 - No mode defined for component null
2024-02-07 18:27:36,246 [WARN] ModelIntegratedComponent:63 - No mode defined for component null
2024-02-07 18:27:36,246 [WARN] ModelIntegratedComponent:63 - No mode defined for component null
2024-02-07 18:27:36,246 [WARN] ModelIntegratedComponent:63 - No mode defined for component null
2024-02-07 18:27:36,246 [WARN] ModelIntegratedComponent:63 - No mode defined for component null
2024-02-07 18:27:36,246 [WARN] ModelIntegratedComponent:63 - No mode defined for component null
2024-02-07 18:27:36,246 [WARN] ModelIntegratedComponent:63 - No mode defined for component null
2024-02-07 18:27:36,246 [WARN] ModelIntegratedComponent:63 - No mode defined for component null
2024-02-07 18:27:36,246 [WARN] ModelIntegratedComponent:63 - No mode defined for component null
2024-02-07 18:27:36,247 [WARN] ModelIntegratedComponent:63 - No mode defined for component null
2024-02-07 18:27:36,247 [WARN] ModelIntegratedComponent:63 - No mode defined for component null
2024-02-07 18:27:36,247 [WARN] ModelIntegratedComponent:63 - No mode defined for component null
2024-02-07 18:27:36,247 [WARN] ModelIntegratedComponent:63 - No mode defined for component null
2024-02-07 18:27:36,247 [WARN] ModelIntegratedComponent:63 - No mode defined for component null
2024-02-07 18:27:36,247 [WARN] ModelIntegratedComponent:63 - No mode defined for component null
2024-02-07 18:27:36,247 [WARN] ModelIntegratedComponent:63 - No mode defined for component null
2024-02-07 18:27:36,247 [WARN] ModelIntegratedComponent:63 - No mode defined for component null
2024-02-07 18:27:36,248 [WARN] ModelIntegratedComponent:63 - No mode defined for component null
2024-02-07 18:27:36,604 [INFO] ThirdPartyModel:298 - Start build external matchings
2024-02-07 18:27:37,459 [INFO] ThirdPartyModel:316 - End build external matchings
2024-02-07 18:27:37,863 [INFO] UtilMem:75 - End LoadConfig() Used Memory: 397255176 Bytes (609222656)
2024-02-07 18:27:38,221 [INFO] MicroXplorer:468 - Change Database Path : 
2024-02-07 18:27:38,221 [INFO] MicroXplorer:498 - Change Database Version : DB.6.0.100
2024-02-07 18:27:38,222 [WARN] ThirdParty:833 - waiting for thirdparty lock release [change project]
2024-02-07 18:27:38,222 [INFO] ThirdParty:835 - entering critical section [change project]
2024-02-07 18:27:38,222 [INFO] ThirdParty:1030 - CMSIS Pack Vendor :STMicroelectronics USBPD 4.1
2024-02-07 18:27:38,222 [INFO] ThirdParty:1030 - CMSIS Pack Vendor :STMicroelectronics X-CUBE-GNSS1 6.0.0
2024-02-07 18:27:38,222 [INFO] ThirdParty:1030 - CMSIS Pack Vendor :STMicroelectronics USB_HOST 2.0.0
2024-02-07 18:27:38,222 [INFO] ThirdParty:1030 - CMSIS Pack Vendor :STMicroelectronics X-CUBE-AZRTOS-F4 1.1.0
2024-02-07 18:27:38,222 [INFO] ThirdParty:1030 - CMSIS Pack Vendor :STMicroelectronics LIBJPEG 8.0.0
2024-02-07 18:27:38,222 [INFO] ThirdParty:1030 - CMSIS Pack Vendor :STMicroelectronics X-CUBE-SMBUS 2.1.0
2024-02-07 18:27:38,223 [INFO] ThirdParty:1030 - CMSIS Pack Vendor :STMicroelectronics USB_DEVICE 3.0.0
2024-02-07 18:27:38,223 [INFO] ThirdParty:1030 - CMSIS Pack Vendor :STMicroelectronics X-CUBE-AZRTOS-WB 2.0.0
2024-02-07 18:27:38,223 [INFO] ThirdParty:1030 - CMSIS Pack Vendor :wolfSSL I-CUBE-wolfSSL 5.6.6
2024-02-07 18:27:38,223 [INFO] ThirdParty:1030 - CMSIS Pack Vendor :STMicroelectronics X-CUBE-TOUCHGFX 4.23.0
2024-02-07 18:27:38,223 [INFO] ThirdParty:1030 - CMSIS Pack Vendor :STMicroelectronics X-CUBE-AZRTOS-F7 1.1.0
2024-02-07 18:27:38,223 [INFO] ThirdParty:1030 - CMSIS Pack Vendor :STMicroelectronics X-CUBE-AZRTOS-L5 2.0.0
2024-02-07 18:27:38,223 [INFO] ThirdParty:1030 - CMSIS Pack Vendor :STMicroelectronics USB_DEVICE 2.0.0
2024-02-07 18:27:38,223 [INFO] ThirdParty:1030 - CMSIS Pack Vendor :STMicroelectronics X-CUBE-EEPRMA1 4.2.0
2024-02-07 18:27:38,223 [INFO] ThirdParty:1030 - CMSIS Pack Vendor :ITTIA_DB I-CUBE-ITTIADB 8.8.0
2024-02-07 18:27:38,223 [INFO] ThirdParty:1030 - CMSIS Pack Vendor :STMicroelectronics FP-SNS-MOTENV1 4.3.2
2024-02-07 18:27:38,223 [INFO] ThirdParty:1030 - CMSIS Pack Vendor :STMicroelectronics X-CUBE-ALGOBUILD 1.3.0
2024-02-07 18:27:38,223 [INFO] ThirdParty:1030 - CMSIS Pack Vendor :STMicroelectronics FreeRTOS 0.0.1
2024-02-07 18:27:38,224 [INFO] ThirdParty:1030 - CMSIS Pack Vendor :STMicroelectronics X-CUBE-AZRTOS-G0 1.1.0
2024-02-07 18:27:38,224 [INFO] ThirdParty:1030 - CMSIS Pack Vendor :STMicroelectronics X-CUBE-NFC4 3.0.0
2024-02-07 18:27:38,224 [INFO] ThirdParty:1030 - CMSIS Pack Vendor :STMicroelectronics X-CUBE-SUBG2 5.0.0
2024-02-07 18:27:38,224 [INFO] ThirdParty:1030 - CMSIS Pack Vendor :STMicroelectronics STM32_WPAN 1.0.0
2024-02-07 18:27:38,224 [INFO] ThirdParty:1030 - CMSIS Pack Vendor :STMicroelectronics lwIP 2.0.3
2024-02-07 18:27:38,224 [INFO] ThirdParty:1030 - CMSIS Pack Vendor :STMicroelectronics FP-SNS-FLIGHT1 5.0.2
2024-02-07 18:27:38,224 [INFO] ThirdParty:1030 - CMSIS Pack Vendor :STMicroelectronics USB_HOST 1.0.0
2024-02-07 18:27:38,224 [INFO] ThirdParty:1030 - CMSIS Pack Vendor :STMicroelectronics X-CUBE-AZRTOS-G4 2.0.0
2024-02-07 18:27:38,224 [INFO] ThirdParty:1030 - CMSIS Pack Vendor :STMicroelectronics PDM2PCM 3.1.0
2024-02-07 18:27:38,225 [INFO] ThirdParty:1030 - CMSIS Pack Vendor :Infineon AIROC-Wi-Fi-Bluetooth-STM32 1.5.1
2024-02-07 18:27:38,225 [INFO] ThirdParty:1030 - CMSIS Pack Vendor :STMicroelectronics X-CUBE-BLEMGR 3.0.0
2024-02-07 18:27:38,225 [INFO] ThirdParty:1030 - CMSIS Pack Vendor :STMicroelectronics PDM2PCM 3.3.0
2024-02-07 18:27:38,225 [INFO] ThirdParty:1030 - CMSIS Pack Vendor :STMicroelectronics X-CUBE-DISPLAY 3.0.0
2024-02-07 18:27:38,225 [INFO] ThirdParty:1030 - CMSIS Pack Vendor :STMicroelectronics FP-SNS-MOTENVWB1 1.3.1
2024-02-07 18:27:38,225 [INFO] ThirdParty:1030 - CMSIS Pack Vendor :STMicroelectronics X-CUBE-BLE1 7.0.0
2024-02-07 18:27:38,225 [INFO] ThirdParty:1030 - CMSIS Pack Vendor :STMicroelectronics FP-ATR-SIGFOX1 3.2.0
2024-02-07 18:27:38,226 [INFO] ThirdParty:1030 - CMSIS Pack Vendor :STMicroelectronics X-CUBE-ISPU 2.0.0
2024-02-07 18:27:38,226 [INFO] ThirdParty:1030 - CMSIS Pack Vendor :STMicroelectronics X-CUBE-EEPRMA1 5.1.0
2024-02-07 18:27:38,226 [INFO] ThirdParty:1030 - CMSIS Pack Vendor :STMicroelectronics HAL Drivers 0.0.0
2024-02-07 18:27:38,226 [INFO] ThirdParty:1030 - CMSIS Pack Vendor :STMicroelectronics MBEDTLS 2.16.2
2024-02-07 18:27:38,226 [INFO] ThirdParty:1030 - CMSIS Pack Vendor :emotas I-CUBE-CANOPEN 1.3.0
2024-02-07 18:27:38,226 [INFO] ThirdParty:1030 - CMSIS Pack Vendor :STMicroelectronics X-CUBE-MEMS1 10.0.0
2024-02-07 18:27:38,226 [INFO] ThirdParty:1030 - CMSIS Pack Vendor :STMicroelectronics X-CUBE-FREERTOS 1.1.0
2024-02-07 18:27:38,227 [INFO] ThirdParty:1030 - CMSIS Pack Vendor :STMicroelectronics X-CUBE-NFC7 1.0.1
2024-02-07 18:27:38,227 [INFO] ThirdParty:1030 - CMSIS Pack Vendor :STMicroelectronics MBEDTLS 2.14.1
2024-02-07 18:27:38,227 [INFO] ThirdParty:1030 - CMSIS Pack Vendor :STMicroelectronics X-CUBE-NFC6 3.0.0
2024-02-07 18:27:38,227 [INFO] ThirdParty:1030 - CMSIS Pack Vendor :portGmbH I-Cube-SoM-uGOAL 1.1.0
2024-02-07 18:27:38,227 [INFO] ThirdParty:1030 - CMSIS Pack Vendor :STMicroelectronics X-CUBE-ALS 1.0.1
2024-02-07 18:27:38,227 [INFO] ThirdParty:1030 - CMSIS Pack Vendor :STMicroelectronics ThreadX 1.0.0
2024-02-07 18:27:38,227 [INFO] ThirdParty:1030 - CMSIS Pack Vendor :STMicroelectronics FP-SNS-SMARTAG2 1.2.0
2024-02-07 18:27:38,227 [INFO] ThirdParty:1030 - CMSIS Pack Vendor :STMicroelectronics X-CUBE-AZRTOS-WL 2.0.0
2024-02-07 18:27:38,228 [INFO] ThirdParty:1030 - CMSIS Pack Vendor :SEGGER I-CUBE-embOS 1.3.1
2024-02-07 18:27:38,228 [INFO] ThirdParty:1030 - CMSIS Pack Vendor :STMicroelectronics USB_DEVICE 1.0.0
2024-02-07 18:27:38,228 [INFO] ThirdParty:1030 - CMSIS Pack Vendor :STMicroelectronics X-CUBE-AI 8.1.0
2024-02-07 18:27:38,228 [INFO] ThirdParty:1030 - CMSIS Pack Vendor :STMicroelectronics X-CUBE-AZRTOS-L4 2.0.0
2024-02-07 18:27:38,228 [INFO] ThirdParty:1030 - CMSIS Pack Vendor :STMicroelectronics ThreadX 0.0.2
2024-02-07 18:27:38,228 [INFO] ThirdParty:1030 - CMSIS Pack Vendor :WES I-CUBE-Cesium 1.3.0
2024-02-07 18:27:38,228 [INFO] ThirdParty:1030 - CMSIS Pack Vendor :STMicroelectronics FP-ATR-ASTRA1 2.0.0
2024-02-07 18:27:38,228 [INFO] ThirdParty:1030 - CMSIS Pack Vendor :STMicroelectronics lwIP 2.1.2
2024-02-07 18:27:38,229 [INFO] ThirdParty:1030 - CMSIS Pack Vendor :STMicroelectronics X-CUBE-SFXS2LP1 4.0.0
2024-02-07 18:27:38,229 [INFO] ThirdParty:1030 - CMSIS Pack Vendor :STMicroelectronics X-CUBE-BLE2 3.3.0
2024-02-07 18:27:38,229 [INFO] ThirdParty:1030 - CMSIS Pack Vendor :STMicroelectronics X-CUBE-TOF1 3.4.0
2024-02-07 18:27:38,229 [INFO] ThirdParty:1030 - CMSIS Pack Vendor :STMicroelectronics X-CUBE-AZRTOS-H7 3.2.0
2024-02-07 18:27:38,229 [INFO] ThirdParty:1030 - CMSIS Pack Vendor :STMicroelectronics PDM2PCM 3.2.0
2024-02-07 18:27:38,229 [INFO] ThirdParty:841 - exiting critical section [change project]
2024-02-07 18:27:38,896 [INFO] PinOutPanel:1499 - setPackage(No Configuration,No Configuration)
2024-02-07 18:27:38,899 [INFO] PinOutPanel:1499 - setPackage(STM32L432KCUx,UFQFPN32)
2024-02-07 18:27:40,116 [INFO] UtilMem:75 - Before build in PCC Used Memory: 209600984 Bytes (609222656)
2024-02-07 18:27:42,378 [INFO] UtilMem:75 - After build in PCC Used Memory: 333332952 Bytes (609222656)
2024-02-07 18:27:42,436 [INFO] IPUIPlugin:80 - create IPUIPlugin
2024-02-07 18:27:42,437 [INFO] IPUIPlugin:80 - create IPUIPlugin
2024-02-07 18:27:42,437 [INFO] IPUIPlugin:80 - create IPUIPlugin
2024-02-07 18:27:42,437 [INFO] IPUIPlugin:80 - create IPUIPlugin
2024-02-07 18:27:42,437 [INFO] IPUIPlugin:80 - create IPUIPlugin
2024-02-07 18:27:42,438 [INFO] IPUIPlugin:80 - create IPUIPlugin
2024-02-07 18:27:42,438 [INFO] IPUIPlugin:80 - create IPUIPlugin
2024-02-07 18:27:42,438 [INFO] IPUIPlugin:80 - create IPUIPlugin
2024-02-07 18:27:42,438 [INFO] IPUIPlugin:80 - create IPUIPlugin
2024-02-07 18:27:42,438 [INFO] IPUIPlugin:80 - create IPUIPlugin
2024-02-07 18:27:42,439 [INFO] IPUIPlugin:80 - create IPUIPlugin
2024-02-07 18:27:42,439 [INFO] IPUIPlugin:80 - create IPUIPlugin
2024-02-07 18:27:42,439 [INFO] IPUIPlugin:80 - create IPUIPlugin
2024-02-07 18:27:42,440 [INFO] IPUIPlugin:80 - create IPUIPlugin
2024-02-07 18:27:42,440 [INFO] IPUIPlugin:80 - create IPUIPlugin
2024-02-07 18:27:42,441 [INFO] IPUIPlugin:80 - create IPUIPlugin
2024-02-07 18:27:42,441 [INFO] IPUIPlugin:80 - create IPUIPlugin
2024-02-07 18:27:42,441 [INFO] IPUIPlugin:80 - create IPUIPlugin
2024-02-07 18:27:42,442 [INFO] IPUIPlugin:80 - create IPUIPlugin
2024-02-07 18:27:42,442 [INFO] IPUIPlugin:80 - create IPUIPlugin
2024-02-07 18:27:42,442 [INFO] IPUIPlugin:80 - create IPUIPlugin
2024-02-07 18:27:42,443 [INFO] IPUIPlugin:80 - create IPUIPlugin
2024-02-07 18:27:42,444 [INFO] IPUIPlugin:80 - create IPUIPlugin
2024-02-07 18:27:42,444 [INFO] IPUIPlugin:80 - create IPUIPlugin
2024-02-07 18:27:42,445 [INFO] IPUIPlugin:80 - create IPUIPlugin
2024-02-07 18:27:42,445 [INFO] IPUIPlugin:80 - create IPUIPlugin
2024-02-07 18:27:42,446 [INFO] IPUIPlugin:80 - create IPUIPlugin
2024-02-07 18:27:42,446 [INFO] IPUIPlugin:80 - create IPUIPlugin
2024-02-07 18:27:42,448 [INFO] IPUIPlugin:80 - create IPUIPlugin
2024-02-07 18:27:42,448 [INFO] IPUIPlugin:80 - create IPUIPlugin
2024-02-07 18:27:42,449 [INFO] IPUIPlugin:80 - create IPUIPlugin
2024-02-07 18:27:42,449 [INFO] IPUIPlugin:80 - create IPUIPlugin
2024-02-07 18:27:42,450 [INFO] IPUIPlugin:80 - create IPUIPlugin
2024-02-07 18:27:42,450 [INFO] IPUIPlugin:80 - create IPUIPlugin
2024-02-07 18:27:42,451 [INFO] IPUIPlugin:80 - create IPUIPlugin
2024-02-07 18:27:42,452 [INFO] IPUIPlugin:80 - create IPUIPlugin
2024-02-07 18:27:42,452 [INFO] IPUIPlugin:80 - create IPUIPlugin
2024-02-07 18:27:42,453 [INFO] IPUIPlugin:80 - create IPUIPlugin
2024-02-07 18:27:42,454 [INFO] IPUIPlugin:80 - create IPUIPlugin
2024-02-07 18:27:42,454 [INFO] IPUIPlugin:80 - create IPUIPlugin
2024-02-07 18:27:42,455 [INFO] IPUIPlugin:80 - create IPUIPlugin
2024-02-07 18:27:42,926 [INFO] CADModel:165 - CPN selected for project levelSTM32L432KCU6
2024-02-07 18:27:42,927 [INFO] CADModel:114 - Register for checkConnection events
2024-02-07 18:27:43,001 [INFO] OpenFileManager:343 - Restore cursor
2024-02-07 18:27:47,132 [INFO] UtilMem:75 - End SaveConfig() Used Memory: 420039432 Bytes (609222656)
2024-02-07 18:27:47,290 [INFO] UserAuth:404 - Internet connection configuration mode: 1
2024-02-07 18:27:47,341 [INFO] JxBrowserEngine:152 - Initiate JxBrowser Engine with user profile folder
2024-02-07 18:27:53,368 [INFO] WebApp:161 - Instantiating new browser for Auth
2024-02-07 18:27:54,736 [INFO] WebApp:780 - Register for checkConnection events
2024-02-07 18:27:54,736 [INFO] WebApp:414 - Apply proxy settings
2024-02-07 18:27:54,736 [INFO] WebApp:499 - Chromium requires no authentication
2024-02-07 18:27:54,750 [INFO] WebApp:442 - Direct internet connection detected
2024-02-07 18:27:55,130 [INFO] WebApp:192 - Starting web application
2024-02-07 18:27:55,132 [INFO] WebApp:544 - Web application path used C:\ST\STM32CubeIDE_1.14.0\STM32CubeIDE\plugins\com.st.stm32cube.common.mx_6.10.0.202311202037\db\plugins\mcufinder\reactClient1\index.html
2024-02-07 18:27:56,750 [INFO] ServerAccessManage:473 - Download File stm32cube_fw_l4_v1180.zip
2024-02-07 18:38:24,291 [ERROR] AdobePublisher:162 - Exception while opening the connection: java.net.UnknownHostException: stmicroelectronics.d3.sc.omtrdc.net
2024-02-07 18:38:24,292 [ERROR] AdobePublisher:162 - Exception while opening the connection: java.net.UnknownHostException: stmicroelectronics.d3.sc.omtrdc.net
2024-02-07 18:38:24,293 [ERROR] AdobePublisher:162 - Exception while opening the connection: java.net.UnknownHostException: stmicroelectronics.d3.sc.omtrdc.net
2024-02-07 18:38:24,294 [ERROR] AdobePublisher:162 - Exception while opening the connection: java.net.UnknownHostException: stmicroelectronics.d3.sc.omtrdc.net
2024-02-07 18:38:24,295 [ERROR] AdobePublisher:162 - Exception while opening the connection: java.net.UnknownHostException: stmicroelectronics.d3.sc.omtrdc.net
2024-02-07 18:38:24,297 [INFO] FileExtend:240 - Unzip File : stm32cube_fw_l4_v1180.zip
2024-02-07 18:38:24,298 [INFO] FileExtend:255 - Standard Zip Deflate
2024-02-07 18:41:02,073 [INFO] MainUpdater:3567 - Updater definition file requires update
2024-02-07 18:41:02,075 [INFO] LoadServerPackagesThread:196 - End of LoadServerPackages Thread
2024-02-07 18:41:14,092 [ERROR] ServerAccessManage:1146 - Warning during Server Connection :  Unknown host sw-center.st.com
2024-02-07 18:41:14,093 [ERROR] ServerAccessManage:651 - Unknown host server name. : updaters.zip.
2024-02-07 18:41:14,094 [WARN] LoadServerUpdatesThread:475 - Updater definition download error.
2024-02-07 18:41:14,097 [INFO] LoadServerUpdatesThread:375 - End of LoadServerUpdate Thread
2024-02-07 18:41:14,410 [INFO] CheckServerUpdateThread:120 - End of CheckServer Thread
2024-02-07 18:41:14,440 [INFO] UtilMem:75 - End SaveConfig() Used Memory: 253403752 Bytes (898629632)
2024-02-07 18:41:14,507 [ERROR] ConfigurationRetriever:142 - IOException on connection: sw-center.st.com
2024-02-07 18:41:14,510 [ERROR] ConfigurationRetriever:142 - IOException on connection: sw-center.st.com
2024-02-07 18:41:14,511 [ERROR] ConfigurationRetriever:142 - IOException on connection: sw-center.st.com
2024-02-07 18:41:16,379 [INFO] BlockDiagram:2759 - set Specific Code input for plugin: NVIC
2024-02-07 18:41:16,379 [INFO] BlockDiagram:2759 - set Specific Code input for plugin: RCC
2024-02-07 18:41:16,381 [INFO] CodeGenerator:807 - code generatio: config db path: C:\ST\STM32CubeIDE_1.14.0\STM32CubeIDE\plugins\com.st.stm32cube.common.mx_6.10.0.202311202037\\db\
2024-02-07 18:41:17,160 [INFO] CodeEngine:255 - oldGeneratedFile, D:\parikshit\ODHS\STM32CubeIDE\STM32\i2c_STM32L4_MPU6050\MXTmpFiles\license.tmp_save
2024-02-07 18:41:18,291 [INFO] CodeEngine:279 - Generated code: D:\parikshit\ODHS\STM32CubeIDE\STM32\i2c_STM32L4_MPU6050\MXTmpFiles\license.tmp
2024-02-07 18:41:18,342 [INFO] CodeEngine:255 - oldGeneratedFile, D:\parikshit\ODHS\STM32CubeIDE\STM32\i2c_STM32L4_MPU6050\Core\Src\stm32l4xx_it.c_save
2024-02-07 18:41:18,981 [INFO] CodeEngine:279 - Generated code: D:\parikshit\ODHS\STM32CubeIDE\STM32\i2c_STM32L4_MPU6050\Core\Src\stm32l4xx_it.c
2024-02-07 18:41:19,002 [INFO] CodeEngine:255 - oldGeneratedFile, D:\parikshit\ODHS\STM32CubeIDE\STM32\i2c_STM32L4_MPU6050\Core\Inc\stm32l4xx_it.h_save
2024-02-07 18:41:19,396 [INFO] CodeEngine:279 - Generated code: D:\parikshit\ODHS\STM32CubeIDE\STM32\i2c_STM32L4_MPU6050\Core\Inc\stm32l4xx_it.h
2024-02-07 18:41:19,844 [INFO] CodeEngine:255 - oldGeneratedFile, D:\parikshit\ODHS\STM32CubeIDE\STM32\i2c_STM32L4_MPU6050\Core\Src\stm32l4xx_hal_msp.c_save
2024-02-07 18:41:20,368 [INFO] CodeEngine:279 - Generated code: D:\parikshit\ODHS\STM32CubeIDE\STM32\i2c_STM32L4_MPU6050\Core\Src\stm32l4xx_hal_msp.c
2024-02-07 18:41:20,387 [INFO] CodeEngine:255 - oldGeneratedFile, D:\parikshit\ODHS\STM32CubeIDE\STM32\i2c_STM32L4_MPU6050\MXTmpFiles\system.tmp_save
2024-02-07 18:41:20,657 [INFO] CodeEngine:279 - Generated code: D:\parikshit\ODHS\STM32CubeIDE\STM32\i2c_STM32L4_MPU6050\MXTmpFiles\system.tmp
2024-02-07 18:41:20,702 [INFO] CodeEngine:311 - oldGeneratedFile, D:\parikshit\ODHS\STM32CubeIDE\STM32\i2c_STM32L4_MPU6050\Core\Inc\stm32l4xx_hal_conf.h_save
2024-02-07 18:41:21,100 [INFO] CodeEngine:335 - Generated code: D:\parikshit\ODHS\STM32CubeIDE\STM32\i2c_STM32L4_MPU6050\Core\Inc\stm32l4xx_hal_conf.h
2024-02-07 18:41:21,343 [INFO] CodeEngine:255 - oldGeneratedFile, D:\parikshit\ODHS\STM32CubeIDE\STM32\i2c_STM32L4_MPU6050\Core\Inc\main.h_save
2024-02-07 18:41:21,850 [INFO] CodeEngine:279 - Generated code: D:\parikshit\ODHS\STM32CubeIDE\STM32\i2c_STM32L4_MPU6050\Core\Inc\main.h
2024-02-07 18:41:21,881 [INFO] CodeEngine:255 - oldGeneratedFile, D:\parikshit\ODHS\STM32CubeIDE\STM32\i2c_STM32L4_MPU6050\Core\Src\main.c_save
2024-02-07 18:41:22,376 [INFO] CodeEngine:279 - Generated code: D:\parikshit\ODHS\STM32CubeIDE\STM32\i2c_STM32L4_MPU6050\Core\Src\main.c
2024-02-07 18:41:24,156 [INFO] ProjectBuilder:3076 - Time for Copy HAL[1] : 376mS.
2024-02-07 18:41:24,173 [INFO] ProjectBuilder:4485 - Project Generator version: 4.2.0-B44
2024-02-07 18:41:24,855 [INFO] ConfigFileManager:1495 - The Die is : DIE435
2024-02-07 18:41:24,919 [INFO] ApiDbMcu:508 - Load IP Config File for FATFS
2024-02-07 18:41:24,965 [INFO] ApiDbMcu:508 - Load IP Config File for FREERTOS
2024-02-07 18:41:25,023 [INFO] ApiDbMcu:508 - Load IP Config File for TOUCHSENSING
2024-02-07 18:41:25,061 [INFO] ApiDbMcu:508 - Load IP Config File for USB_DEVICE
2024-02-07 18:41:29,005 [INFO] LogOutputStream:77 - [STDOUT_REDIRECT] 
2024-02-07 18:41:38,507 [INFO] ProjectBuilder:4747 - Time for Generating toolchain IDE Files: 14331mS.
2024-02-07 18:41:38,508 [INFO] ProjectBuilder:2947 - Time for Copy CMSIS : 1mS.
2024-02-07 18:41:38,511 [INFO] ProjectBuilder:2947 - Time for Copy CMSIS : 0mS.
2024-02-07 18:41:41,192 [INFO] McuFinderGlobals:76 - Set McuFinderConnectedMode to true
2024-02-07 18:41:41,208 [INFO] ApiDb:448 - Save user favorites file C:\Users\shash/.stm32cubeide/favorites.mcus.txt: 0 item(s)
2024-02-07 18:41:41,208 [INFO] ApiDb:452 - User favorites MCUs=[]
2024-02-07 18:41:53,087 [ERROR] ConfigurationRetriever:142 - IOException on connection: sw-center.st.com
2024-02-07 18:41:53,092 [ERROR] ConfigurationRetriever:142 - IOException on connection: sw-center.st.com
2024-02-07 18:41:53,092 [ERROR] ConfigurationRetriever:142 - IOException on connection: sw-center.st.com
2024-02-07 18:42:46,036 [INFO] I2cTimingTraitement:330 - 0x00000E14
2024-02-07 18:42:58,883 [INFO] NvicIntPanel:101 - NVIC parent = com.st.microxplorer.plugins.ip.nvic.MultiNvicIntPanel[,0,0,450x160,layout=javax.swing.BoxLayout,alignmentX=0.0,alignmentY=0.0,border=,flags=9,maximumSize=,minimumSize=,preferredSize=]
2024-02-07 18:47:25,522 [INFO] I2cTimingTraitement:330 - 0x20303E5D
2024-02-07 18:47:25,634 [INFO] I2cTimingTraitement:330 - 0x20303E5D
2024-02-07 18:47:25,861 [INFO] I2cTimingTraitement:330 - 0x20303E5D
2024-02-07 18:48:14,474 [INFO] I2cTimingTraitement:330 - 0x20303E5D
2024-02-07 19:12:49,589 [INFO] I2cTimingTraitement:330 - 0x00000E14
2024-02-07 19:14:54,917 [INFO] UtilMem:75 - End SaveConfig() Used Memory: 236631912 Bytes (775946240)
2024-02-07 19:14:54,974 [ERROR] ConfigurationRetriever:142 - IOException on connection: sw-center.st.com
2024-02-07 19:14:54,974 [ERROR] ConfigurationRetriever:142 - IOException on connection: sw-center.st.com
2024-02-07 19:14:54,976 [ERROR] ConfigurationRetriever:142 - IOException on connection: sw-center.st.com
2024-02-07 19:14:56,914 [INFO] UtilMem:75 - End SaveConfig() Used Memory: 256032616 Bytes (775946240)
2024-02-07 19:15:02,216 [INFO] UtilMem:75 - End SaveConfig() Used Memory: 329432936 Bytes (775946240)
2024-02-07 19:15:02,275 [ERROR] ConfigurationRetriever:142 - IOException on connection: sw-center.st.com
2024-02-07 19:15:02,276 [ERROR] ConfigurationRetriever:142 - IOException on connection: sw-center.st.com
2024-02-07 19:15:02,277 [ERROR] ConfigurationRetriever:142 - IOException on connection: sw-center.st.com
2024-02-07 19:15:02,850 [INFO] BlockDiagram:2759 - set Specific Code input for plugin: NVIC
2024-02-07 19:15:02,850 [INFO] BlockDiagram:2759 - set Specific Code input for plugin: SYS
2024-02-07 19:15:02,851 [INFO] BlockDiagram:2759 - set Specific Code input for plugin: GPIO
2024-02-07 19:15:02,851 [INFO] BlockDiagram:2759 - set Specific Code input for plugin: RCC
2024-02-07 19:15:02,851 [INFO] BlockDiagram:2759 - set Specific Code input for plugin: I2C
2024-02-07 19:15:02,853 [INFO] CodeGenerator:807 - code generatio: config db path: C:\ST\STM32CubeIDE_1.14.0\STM32CubeIDE\plugins\com.st.stm32cube.common.mx_6.10.0.202311202037\\db\
2024-02-07 19:15:03,267 [INFO] CodeEngine:255 - oldGeneratedFile, D:\parikshit\ODHS\STM32CubeIDE\STM32\i2c_STM32L4_MPU6050\MXTmpFiles\license.tmp_save
2024-02-07 19:15:03,657 [INFO] CodeEngine:279 - Generated code: D:\parikshit\ODHS\STM32CubeIDE\STM32\i2c_STM32L4_MPU6050\MXTmpFiles\license.tmp
2024-02-07 19:15:03,798 [INFO] CodeEngine:255 - oldGeneratedFile, D:\parikshit\ODHS\STM32CubeIDE\STM32\i2c_STM32L4_MPU6050\MXTmpFiles\gpio.tmp_save
2024-02-07 19:15:04,299 [INFO] CodeEngine:279 - Generated code: D:\parikshit\ODHS\STM32CubeIDE\STM32\i2c_STM32L4_MPU6050\MXTmpFiles\gpio.tmp
2024-02-07 19:15:04,493 [INFO] CodeEngine:255 - oldGeneratedFile, D:\parikshit\ODHS\STM32CubeIDE\STM32\i2c_STM32L4_MPU6050\Core\Src\stm32l4xx_it.c_save
2024-02-07 19:15:05,324 [INFO] CodeEngine:279 - Generated code: D:\parikshit\ODHS\STM32CubeIDE\STM32\i2c_STM32L4_MPU6050\Core\Src\stm32l4xx_it.c
2024-02-07 19:15:05,339 [INFO] CodeEngine:255 - oldGeneratedFile, D:\parikshit\ODHS\STM32CubeIDE\STM32\i2c_STM32L4_MPU6050\Core\Inc\stm32l4xx_it.h_save
2024-02-07 19:15:05,680 [INFO] CodeEngine:279 - Generated code: D:\parikshit\ODHS\STM32CubeIDE\STM32\i2c_STM32L4_MPU6050\Core\Inc\stm32l4xx_it.h
2024-02-07 19:15:05,732 [INFO] CodeEngine:255 - oldGeneratedFile, D:\parikshit\ODHS\STM32CubeIDE\STM32\i2c_STM32L4_MPU6050\Core\Src\stm32l4xx_hal_msp.c_save
2024-02-07 19:15:06,142 [INFO] CodeEngine:279 - Generated code: D:\parikshit\ODHS\STM32CubeIDE\STM32\i2c_STM32L4_MPU6050\Core\Src\stm32l4xx_hal_msp.c
2024-02-07 19:15:06,148 [INFO] CodeEngine:255 - oldGeneratedFile, D:\parikshit\ODHS\STM32CubeIDE\STM32\i2c_STM32L4_MPU6050\MXTmpFiles\system.tmp_save
2024-02-07 19:15:06,323 [INFO] CodeEngine:279 - Generated code: D:\parikshit\ODHS\STM32CubeIDE\STM32\i2c_STM32L4_MPU6050\MXTmpFiles\system.tmp
2024-02-07 19:15:06,361 [INFO] CodeEngine:311 - oldGeneratedFile, D:\parikshit\ODHS\STM32CubeIDE\STM32\i2c_STM32L4_MPU6050\Core\Inc\stm32l4xx_hal_conf.h_save
2024-02-07 19:15:06,597 [INFO] CodeEngine:335 - Generated code: D:\parikshit\ODHS\STM32CubeIDE\STM32\i2c_STM32L4_MPU6050\Core\Inc\stm32l4xx_hal_conf.h
2024-02-07 19:15:06,731 [INFO] CodeEngine:255 - oldGeneratedFile, D:\parikshit\ODHS\STM32CubeIDE\STM32\i2c_STM32L4_MPU6050\Core\Inc\main.h_save
2024-02-07 19:15:07,031 [INFO] CodeEngine:279 - Generated code: D:\parikshit\ODHS\STM32CubeIDE\STM32\i2c_STM32L4_MPU6050\Core\Inc\main.h
2024-02-07 19:15:07,069 [INFO] CodeEngine:255 - oldGeneratedFile, D:\parikshit\ODHS\STM32CubeIDE\STM32\i2c_STM32L4_MPU6050\Core\Src\main.c_save
2024-02-07 19:15:07,502 [INFO] CodeEngine:279 - Generated code: D:\parikshit\ODHS\STM32CubeIDE\STM32\i2c_STM32L4_MPU6050\Core\Src\main.c
2024-02-07 19:15:09,343 [INFO] ProjectBuilder:3076 - Time for Copy HAL[1] : 366mS.
2024-02-07 19:15:09,348 [INFO] ProjectBuilder:4485 - Project Generator version: 4.2.0-B44
2024-02-07 19:15:10,106 [INFO] ConfigFileManager:1495 - The Die is : DIE435
2024-02-07 19:15:15,543 [INFO] ProjectBuilder:4747 - Time for Generating toolchain IDE Files: 6195mS.
2024-02-07 19:15:15,545 [INFO] ProjectBuilder:2947 - Time for Copy CMSIS : 0mS.
2024-02-07 19:15:15,546 [INFO] ProjectBuilder:2947 - Time for Copy CMSIS : 0mS.
2024-02-07 19:15:27,791 [ERROR] ConfigurationRetriever:142 - IOException on connection: sw-center.st.com
2024-02-07 19:15:27,791 [ERROR] ConfigurationRetriever:142 - IOException on connection: sw-center.st.com
2024-02-07 19:15:27,791 [ERROR] ConfigurationRetriever:142 - IOException on connection: sw-center.st.com
2024-02-07 20:27:25,344 [ERROR] ConfigurationRetriever:142 - IOException on connection: sw-center.st.com
2024-02-07 20:27:25,345 [ERROR] ConfigurationRetriever:142 - IOException on connection: sw-center.st.com
2024-02-07 20:27:25,347 [ERROR] ConfigurationRetriever:142 - IOException on connection: sw-center.st.com
2024-02-07 20:29:48,748 [ERROR] AdobePublisher:162 - Exception while opening the connection: java.net.UnknownHostException: stmicroelectronics.d3.sc.omtrdc.net
2024-02-07 20:29:48,748 [ERROR] AdobePublisher:162 - Exception while opening the connection: java.net.UnknownHostException: stmicroelectronics.d3.sc.omtrdc.net
2024-02-07 20:29:48,748 [ERROR] AdobePublisher:162 - Exception while opening the connection: java.net.UnknownHostException: stmicroelectronics.d3.sc.omtrdc.net
2024-02-07 20:29:48,748 [ERROR] AdobePublisher:162 - Exception while opening the connection: java.net.UnknownHostException: stmicroelectronics.d3.sc.omtrdc.net
2024-02-07 20:29:48,748 [ERROR] AdobePublisher:162 - Exception while opening the connection: java.net.UnknownHostException: stmicroelectronics.d3.sc.omtrdc.net
2024-02-07 20:29:48,748 [ERROR] AdobePublisher:162 - Exception while opening the connection: java.net.UnknownHostException: stmicroelectronics.d3.sc.omtrdc.net
2024-02-07 20:29:48,748 [ERROR] AdobePublisher:162 - Exception while opening the connection: java.net.UnknownHostException: stmicroelectronics.d3.sc.omtrdc.net
2024-02-07 20:29:48,748 [ERROR] AdobePublisher:162 - Exception while opening the connection: java.net.UnknownHostException: stmicroelectronics.d3.sc.omtrdc.net
2024-02-07 20:29:48,758 [ERROR] AdobePublisher:162 - Exception while opening the connection: java.net.UnknownHostException: stmicroelectronics.d3.sc.omtrdc.net
2024-02-07 20:29:48,758 [ERROR] AdobePublisher:162 - Exception while opening the connection: java.net.UnknownHostException: stmicroelectronics.d3.sc.omtrdc.net
2024-02-07 20:29:53,862 [ERROR] LogOutputStream:75 - [STDERR_REDIRECT] 
2024-02-07 20:29:53,862 [ERROR] LogOutputStream:75 - [STDERR_REDIRECT] 
