20:16:03 **** Incremental Build of configuration Debug for project i2c_MPU6050 ****
make -j8 all 
arm-none-eabi-gcc "../Drivers/STM32F4xx_HAL_Driver/Src/stm32f4xx_hal.c" -mcpu=cortex-m4 -std=gnu11 -g3 -DDEBUG -DUSE_HAL_DRIVER -DSTM32F407xx -c -I"D:/parikshit/ODHS/STM32CubeIDE/STM32/i2c_MPU6050/Core/Src/inc_drivers" -I../Core/Inc -I../Drivers/STM32F4xx_HAL_Driver/Inc -I../Drivers/STM32F4xx_HAL_Driver/Inc/Legacy -I../Drivers/CMSIS/Device/ST/STM32F4xx/Include -I../Drivers/CMSIS/Include -O0 -ffunction-sections -fdata-sections -Wall -fstack-usage -fcyclomatic-complexity -MMD -MP -MF"Drivers/STM32F4xx_HAL_Driver/Src/stm32f4xx_hal.d" -MT"Drivers/STM32F4xx_HAL_Driver/Src/stm32f4xx_hal.o" --specs=nano.specs -mfpu=fpv4-sp-d16 -mfloat-abi=hard -mthumb -o "Drivers/STM32F4xx_HAL_Driver/Src/stm32f4xx_hal.o"
arm-none-eabi-gcc "../Drivers/STM32F4xx_HAL_Driver/Src/stm32f4xx_hal_cortex.c" -mcpu=cortex-m4 -std=gnu11 -g3 -DDEBUG -DUSE_HAL_DRIVER -DSTM32F407xx -c -I"D:/parikshit/ODHS/STM32CubeIDE/STM32/i2c_MPU6050/Core/Src/inc_drivers" -I../Core/Inc -I../Drivers/STM32F4xx_HAL_Driver/Inc -I../Drivers/STM32F4xx_HAL_Driver/Inc/Legacy -I../Drivers/CMSIS/Device/ST/STM32F4xx/Include -I../Drivers/CMSIS/Include -O0 -ffunction-sections -fdata-sections -Wall -fstack-usage -fcyclomatic-complexity -MMD -MP -MF"Drivers/STM32F4xx_HAL_Driver/Src/stm32f4xx_hal_cortex.d" -MT"Drivers/STM32F4xx_HAL_Driver/Src/stm32f4xx_hal_cortex.o" --specs=nano.specs -mfpu=fpv4-sp-d16 -mfloat-abi=hard -mthumb -o "Drivers/STM32F4xx_HAL_Driver/Src/stm32f4xx_hal_cortex.o"
arm-none-eabi-gcc "../Drivers/STM32F4xx_HAL_Driver/Src/stm32f4xx_hal_dma.c" -mcpu=cortex-m4 -std=gnu11 -g3 -DDEBUG -DUSE_HAL_DRIVER -DSTM32F407xx -c -I"D:/parikshit/ODHS/STM32CubeIDE/STM32/i2c_MPU6050/Core/Src/inc_drivers" -I../Core/Inc -I../Drivers/STM32F4xx_HAL_Driver/Inc -I../Drivers/STM32F4xx_HAL_Driver/Inc/Legacy -I../Drivers/CMSIS/Device/ST/STM32F4xx/Include -I../Drivers/CMSIS/Include -O0 -ffunction-sections -fdata-sections -Wall -fstack-usage -fcyclomatic-complexity -MMD -MP -MF"Drivers/STM32F4xx_HAL_Driver/Src/stm32f4xx_hal_dma.d" -MT"Drivers/STM32F4xx_HAL_Driver/Src/stm32f4xx_hal_dma.o" --specs=nano.specs -mfpu=fpv4-sp-d16 -mfloat-abi=hard -mthumb -o "Drivers/STM32F4xx_HAL_Driver/Src/stm32f4xx_hal_dma.o"
arm-none-eabi-gcc "../Drivers/STM32F4xx_HAL_Driver/Src/stm32f4xx_hal_dma_ex.c" -mcpu=cortex-m4 -std=gnu11 -g3 -DDEBUG -DUSE_HAL_DRIVER -DSTM32F407xx -c -I"D:/parikshit/ODHS/STM32CubeIDE/STM32/i2c_MPU6050/Core/Src/inc_drivers" -I../Core/Inc -I../Drivers/STM32F4xx_HAL_Driver/Inc -I../Drivers/STM32F4xx_HAL_Driver/Inc/Legacy -I../Drivers/CMSIS/Device/ST/STM32F4xx/Include -I../Drivers/CMSIS/Include -O0 -ffunction-sections -fdata-sections -Wall -fstack-usage -fcyclomatic-complexity -MMD -MP -MF"Drivers/STM32F4xx_HAL_Driver/Src/stm32f4xx_hal_dma_ex.d" -MT"Drivers/STM32F4xx_HAL_Driver/Src/stm32f4xx_hal_dma_ex.o" --specs=nano.specs -mfpu=fpv4-sp-d16 -mfloat-abi=hard -mthumb -o "Drivers/STM32F4xx_HAL_Driver/Src/stm32f4xx_hal_dma_ex.o"
arm-none-eabi-gcc "../Drivers/STM32F4xx_HAL_Driver/Src/stm32f4xx_hal_exti.c" -mcpu=cortex-m4 -std=gnu11 -g3 -DDEBUG -DUSE_HAL_DRIVER -DSTM32F407xx -c -I"D:/parikshit/ODHS/STM32CubeIDE/STM32/i2c_MPU6050/Core/Src/inc_drivers" -I../Core/Inc -I../Drivers/STM32F4xx_HAL_Driver/Inc -I../Drivers/STM32F4xx_HAL_Driver/Inc/Legacy -I../Drivers/CMSIS/Device/ST/STM32F4xx/Include -I../Drivers/CMSIS/Include -O0 -ffunction-sections -fdata-sections -Wall -fstack-usage -fcyclomatic-complexity -MMD -MP -MF"Drivers/STM32F4xx_HAL_Driver/Src/stm32f4xx_hal_exti.d" -MT"Drivers/STM32F4xx_HAL_Driver/Src/stm32f4xx_hal_exti.o" --specs=nano.specs -mfpu=fpv4-sp-d16 -mfloat-abi=hard -mthumb -o "Drivers/STM32F4xx_HAL_Driver/Src/stm32f4xx_hal_exti.o"
arm-none-eabi-gcc "../Drivers/STM32F4xx_HAL_Driver/Src/stm32f4xx_hal_flash.c" -mcpu=cortex-m4 -std=gnu11 -g3 -DDEBUG -DUSE_HAL_DRIVER -DSTM32F407xx -c -I"D:/parikshit/ODHS/STM32CubeIDE/STM32/i2c_MPU6050/Core/Src/inc_drivers" -I../Core/Inc -I../Drivers/STM32F4xx_HAL_Driver/Inc -I../Drivers/STM32F4xx_HAL_Driver/Inc/Legacy -I../Drivers/CMSIS/Device/ST/STM32F4xx/Include -I../Drivers/CMSIS/Include -O0 -ffunction-sections -fdata-sections -Wall -fstack-usage -fcyclomatic-complexity -MMD -MP -MF"Drivers/STM32F4xx_HAL_Driver/Src/stm32f4xx_hal_flash.d" -MT"Drivers/STM32F4xx_HAL_Driver/Src/stm32f4xx_hal_flash.o" --specs=nano.specs -mfpu=fpv4-sp-d16 -mfloat-abi=hard -mthumb -o "Drivers/STM32F4xx_HAL_Driver/Src/stm32f4xx_hal_flash.o"
arm-none-eabi-gcc "../Drivers/STM32F4xx_HAL_Driver/Src/stm32f4xx_hal_flash_ex.c" -mcpu=cortex-m4 -std=gnu11 -g3 -DDEBUG -DUSE_HAL_DRIVER -DSTM32F407xx -c -I"D:/parikshit/ODHS/STM32CubeIDE/STM32/i2c_MPU6050/Core/Src/inc_drivers" -I../Core/Inc -I../Drivers/STM32F4xx_HAL_Driver/Inc -I../Drivers/STM32F4xx_HAL_Driver/Inc/Legacy -I../Drivers/CMSIS/Device/ST/STM32F4xx/Include -I../Drivers/CMSIS/Include -O0 -ffunction-sections -fdata-sections -Wall -fstack-usage -fcyclomatic-complexity -MMD -MP -MF"Drivers/STM32F4xx_HAL_Driver/Src/stm32f4xx_hal_flash_ex.d" -MT"Drivers/STM32F4xx_HAL_Driver/Src/stm32f4xx_hal_flash_ex.o" --specs=nano.specs -mfpu=fpv4-sp-d16 -mfloat-abi=hard -mthumb -o "Drivers/STM32F4xx_HAL_Driver/Src/stm32f4xx_hal_flash_ex.o"
arm-none-eabi-gcc "../Drivers/STM32F4xx_HAL_Driver/Src/stm32f4xx_hal_flash_ramfunc.c" -mcpu=cortex-m4 -std=gnu11 -g3 -DDEBUG -DUSE_HAL_DRIVER -DSTM32F407xx -c -I"D:/parikshit/ODHS/STM32CubeIDE/STM32/i2c_MPU6050/Core/Src/inc_drivers" -I../Core/Inc -I../Drivers/STM32F4xx_HAL_Driver/Inc -I../Drivers/STM32F4xx_HAL_Driver/Inc/Legacy -I../Drivers/CMSIS/Device/ST/STM32F4xx/Include -I../Drivers/CMSIS/Include -O0 -ffunction-sections -fdata-sections -Wall -fstack-usage -fcyclomatic-complexity -MMD -MP -MF"Drivers/STM32F4xx_HAL_Driver/Src/stm32f4xx_hal_flash_ramfunc.d" -MT"Drivers/STM32F4xx_HAL_Driver/Src/stm32f4xx_hal_flash_ramfunc.o" --specs=nano.specs -mfpu=fpv4-sp-d16 -mfloat-abi=hard -mthumb -o "Drivers/STM32F4xx_HAL_Driver/Src/stm32f4xx_hal_flash_ramfunc.o"
arm-none-eabi-gcc "../Drivers/STM32F4xx_HAL_Driver/Src/stm32f4xx_hal_gpio.c" -mcpu=cortex-m4 -std=gnu11 -g3 -DDEBUG -DUSE_HAL_DRIVER -DSTM32F407xx -c -I"D:/parikshit/ODHS/STM32CubeIDE/STM32/i2c_MPU6050/Core/Src/inc_drivers" -I../Core/Inc -I../Drivers/STM32F4xx_HAL_Driver/Inc -I../Drivers/STM32F4xx_HAL_Driver/Inc/Legacy -I../Drivers/CMSIS/Device/ST/STM32F4xx/Include -I../Drivers/CMSIS/Include -O0 -ffunction-sections -fdata-sections -Wall -fstack-usage -fcyclomatic-complexity -MMD -MP -MF"Drivers/STM32F4xx_HAL_Driver/Src/stm32f4xx_hal_gpio.d" -MT"Drivers/STM32F4xx_HAL_Driver/Src/stm32f4xx_hal_gpio.o" --specs=nano.specs -mfpu=fpv4-sp-d16 -mfloat-abi=hard -mthumb -o "Drivers/STM32F4xx_HAL_Driver/Src/stm32f4xx_hal_gpio.o"
arm-none-eabi-gcc "../Drivers/STM32F4xx_HAL_Driver/Src/stm32f4xx_hal_i2c.c" -mcpu=cortex-m4 -std=gnu11 -g3 -DDEBUG -DUSE_HAL_DRIVER -DSTM32F407xx -c -I"D:/parikshit/ODHS/STM32CubeIDE/STM32/i2c_MPU6050/Core/Src/inc_drivers" -I../Core/Inc -I../Drivers/STM32F4xx_HAL_Driver/Inc -I../Drivers/STM32F4xx_HAL_Driver/Inc/Legacy -I../Drivers/CMSIS/Device/ST/STM32F4xx/Include -I../Drivers/CMSIS/Include -O0 -ffunction-sections -fdata-sections -Wall -fstack-usage -fcyclomatic-complexity -MMD -MP -MF"Drivers/STM32F4xx_HAL_Driver/Src/stm32f4xx_hal_i2c.d" -MT"Drivers/STM32F4xx_HAL_Driver/Src/stm32f4xx_hal_i2c.o" --specs=nano.specs -mfpu=fpv4-sp-d16 -mfloat-abi=hard -mthumb -o "Drivers/STM32F4xx_HAL_Driver/Src/stm32f4xx_hal_i2c.o"
arm-none-eabi-gcc "../Drivers/STM32F4xx_HAL_Driver/Src/stm32f4xx_hal_i2c_ex.c" -mcpu=cortex-m4 -std=gnu11 -g3 -DDEBUG -DUSE_HAL_DRIVER -DSTM32F407xx -c -I"D:/parikshit/ODHS/STM32CubeIDE/STM32/i2c_MPU6050/Core/Src/inc_drivers" -I../Core/Inc -I../Drivers/STM32F4xx_HAL_Driver/Inc -I../Drivers/STM32F4xx_HAL_Driver/Inc/Legacy -I../Drivers/CMSIS/Device/ST/STM32F4xx/Include -I../Drivers/CMSIS/Include -O0 -ffunction-sections -fdata-sections -Wall -fstack-usage -fcyclomatic-complexity -MMD -MP -MF"Drivers/STM32F4xx_HAL_Driver/Src/stm32f4xx_hal_i2c_ex.d" -MT"Drivers/STM32F4xx_HAL_Driver/Src/stm32f4xx_hal_i2c_ex.o" --specs=nano.specs -mfpu=fpv4-sp-d16 -mfloat-abi=hard -mthumb -o "Drivers/STM32F4xx_HAL_Driver/Src/stm32f4xx_hal_i2c_ex.o"
arm-none-eabi-gcc "../Drivers/STM32F4xx_HAL_Driver/Src/stm32f4xx_hal_pwr.c" -mcpu=cortex-m4 -std=gnu11 -g3 -DDEBUG -DUSE_HAL_DRIVER -DSTM32F407xx -c -I"D:/parikshit/ODHS/STM32CubeIDE/STM32/i2c_MPU6050/Core/Src/inc_drivers" -I../Core/Inc -I../Drivers/STM32F4xx_HAL_Driver/Inc -I../Drivers/STM32F4xx_HAL_Driver/Inc/Legacy -I../Drivers/CMSIS/Device/ST/STM32F4xx/Include -I../Drivers/CMSIS/Include -O0 -ffunction-sections -fdata-sections -Wall -fstack-usage -fcyclomatic-complexity -MMD -MP -MF"Drivers/STM32F4xx_HAL_Driver/Src/stm32f4xx_hal_pwr.d" -MT"Drivers/STM32F4xx_HAL_Driver/Src/stm32f4xx_hal_pwr.o" --specs=nano.specs -mfpu=fpv4-sp-d16 -mfloat-abi=hard -mthumb -o "Drivers/STM32F4xx_HAL_Driver/Src/stm32f4xx_hal_pwr.o"
arm-none-eabi-gcc "../Drivers/STM32F4xx_HAL_Driver/Src/stm32f4xx_hal_pwr_ex.c" -mcpu=cortex-m4 -std=gnu11 -g3 -DDEBUG -DUSE_HAL_DRIVER -DSTM32F407xx -c -I"D:/parikshit/ODHS/STM32CubeIDE/STM32/i2c_MPU6050/Core/Src/inc_drivers" -I../Core/Inc -I../Drivers/STM32F4xx_HAL_Driver/Inc -I../Drivers/STM32F4xx_HAL_Driver/Inc/Legacy -I../Drivers/CMSIS/Device/ST/STM32F4xx/Include -I../Drivers/CMSIS/Include -O0 -ffunction-sections -fdata-sections -Wall -fstack-usage -fcyclomatic-complexity -MMD -MP -MF"Drivers/STM32F4xx_HAL_Driver/Src/stm32f4xx_hal_pwr_ex.d" -MT"Drivers/STM32F4xx_HAL_Driver/Src/stm32f4xx_hal_pwr_ex.o" --specs=nano.specs -mfpu=fpv4-sp-d16 -mfloat-abi=hard -mthumb -o "Drivers/STM32F4xx_HAL_Driver/Src/stm32f4xx_hal_pwr_ex.o"
arm-none-eabi-gcc "../Drivers/STM32F4xx_HAL_Driver/Src/stm32f4xx_hal_rcc.c" -mcpu=cortex-m4 -std=gnu11 -g3 -DDEBUG -DUSE_HAL_DRIVER -DSTM32F407xx -c -I"D:/parikshit/ODHS/STM32CubeIDE/STM32/i2c_MPU6050/Core/Src/inc_drivers" -I../Core/Inc -I../Drivers/STM32F4xx_HAL_Driver/Inc -I../Drivers/STM32F4xx_HAL_Driver/Inc/Legacy -I../Drivers/CMSIS/Device/ST/STM32F4xx/Include -I../Drivers/CMSIS/Include -O0 -ffunction-sections -fdata-sections -Wall -fstack-usage -fcyclomatic-complexity -MMD -MP -MF"Drivers/STM32F4xx_HAL_Driver/Src/stm32f4xx_hal_rcc.d" -MT"Drivers/STM32F4xx_HAL_Driver/Src/stm32f4xx_hal_rcc.o" --specs=nano.specs -mfpu=fpv4-sp-d16 -mfloat-abi=hard -mthumb -o "Drivers/STM32F4xx_HAL_Driver/Src/stm32f4xx_hal_rcc.o"
arm-none-eabi-gcc "../Drivers/STM32F4xx_HAL_Driver/Src/stm32f4xx_hal_rcc_ex.c" -mcpu=cortex-m4 -std=gnu11 -g3 -DDEBUG -DUSE_HAL_DRIVER -DSTM32F407xx -c -I"D:/parikshit/ODHS/STM32CubeIDE/STM32/i2c_MPU6050/Core/Src/inc_drivers" -I../Core/Inc -I../Drivers/STM32F4xx_HAL_Driver/Inc -I../Drivers/STM32F4xx_HAL_Driver/Inc/Legacy -I../Drivers/CMSIS/Device/ST/STM32F4xx/Include -I../Drivers/CMSIS/Include -O0 -ffunction-sections -fdata-sections -Wall -fstack-usage -fcyclomatic-complexity -MMD -MP -MF"Drivers/STM32F4xx_HAL_Driver/Src/stm32f4xx_hal_rcc_ex.d" -MT"Drivers/STM32F4xx_HAL_Driver/Src/stm32f4xx_hal_rcc_ex.o" --specs=nano.specs -mfpu=fpv4-sp-d16 -mfloat-abi=hard -mthumb -o "Drivers/STM32F4xx_HAL_Driver/Src/stm32f4xx_hal_rcc_ex.o"
arm-none-eabi-gcc "../Drivers/STM32F4xx_HAL_Driver/Src/stm32f4xx_hal_tim.c" -mcpu=cortex-m4 -std=gnu11 -g3 -DDEBUG -DUSE_HAL_DRIVER -DSTM32F407xx -c -I"D:/parikshit/ODHS/STM32CubeIDE/STM32/i2c_MPU6050/Core/Src/inc_drivers" -I../Core/Inc -I../Drivers/STM32F4xx_HAL_Driver/Inc -I../Drivers/STM32F4xx_HAL_Driver/Inc/Legacy -I../Drivers/CMSIS/Device/ST/STM32F4xx/Include -I../Drivers/CMSIS/Include -O0 -ffunction-sections -fdata-sections -Wall -fstack-usage -fcyclomatic-complexity -MMD -MP -MF"Drivers/STM32F4xx_HAL_Driver/Src/stm32f4xx_hal_tim.d" -MT"Drivers/STM32F4xx_HAL_Driver/Src/stm32f4xx_hal_tim.o" --specs=nano.specs -mfpu=fpv4-sp-d16 -mfloat-abi=hard -mthumb -o "Drivers/STM32F4xx_HAL_Driver/Src/stm32f4xx_hal_tim.o"
arm-none-eabi-gcc "../Drivers/STM32F4xx_HAL_Driver/Src/stm32f4xx_hal_tim_ex.c" -mcpu=cortex-m4 -std=gnu11 -g3 -DDEBUG -DUSE_HAL_DRIVER -DSTM32F407xx -c -I"D:/parikshit/ODHS/STM32CubeIDE/STM32/i2c_MPU6050/Core/Src/inc_drivers" -I../Core/Inc -I../Drivers/STM32F4xx_HAL_Driver/Inc -I../Drivers/STM32F4xx_HAL_Driver/Inc/Legacy -I../Drivers/CMSIS/Device/ST/STM32F4xx/Include -I../Drivers/CMSIS/Include -O0 -ffunction-sections -fdata-sections -Wall -fstack-usage -fcyclomatic-complexity -MMD -MP -MF"Drivers/STM32F4xx_HAL_Driver/Src/stm32f4xx_hal_tim_ex.d" -MT"Drivers/STM32F4xx_HAL_Driver/Src/stm32f4xx_hal_tim_ex.o" --specs=nano.specs -mfpu=fpv4-sp-d16 -mfloat-abi=hard -mthumb -o "Drivers/STM32F4xx_HAL_Driver/Src/stm32f4xx_hal_tim_ex.o"
arm-none-eabi-gcc "../Core/Src/src_drivers/cpal_hal.c" -mcpu=cortex-m4 -std=gnu11 -g3 -DDEBUG -DUSE_HAL_DRIVER -DSTM32F407xx -c -I"D:/parikshit/ODHS/STM32CubeIDE/STM32/i2c_MPU6050/Core/Src/inc_drivers" -I../Core/Inc -I../Drivers/STM32F4xx_HAL_Driver/Inc -I../Drivers/STM32F4xx_HAL_Driver/Inc/Legacy -I../Drivers/CMSIS/Device/ST/STM32F4xx/Include -I../Drivers/CMSIS/Include -O0 -ffunction-sections -fdata-sections -Wall -fstack-usage -fcyclomatic-complexity -MMD -MP -MF"Core/Src/src_drivers/cpal_hal.d" -MT"Core/Src/src_drivers/cpal_hal.o" --specs=nano.specs -mfpu=fpv4-sp-d16 -mfloat-abi=hard -mthumb -o "Core/Src/src_drivers/cpal_hal.o"
arm-none-eabi-gcc "../Core/Src/src_drivers/cpal_i2c.c" -mcpu=cortex-m4 -std=gnu11 -g3 -DDEBUG -DUSE_HAL_DRIVER -DSTM32F407xx -c -I"D:/parikshit/ODHS/STM32CubeIDE/STM32/i2c_MPU6050/Core/Src/inc_drivers" -I../Core/Inc -I../Drivers/STM32F4xx_HAL_Driver/Inc -I../Drivers/STM32F4xx_HAL_Driver/Inc/Legacy -I../Drivers/CMSIS/Device/ST/STM32F4xx/Include -I../Drivers/CMSIS/Include -O0 -ffunction-sections -fdata-sections -Wall -fstack-usage -fcyclomatic-complexity -MMD -MP -MF"Core/Src/src_drivers/cpal_i2c.d" -MT"Core/Src/src_drivers/cpal_i2c.o" --specs=nano.specs -mfpu=fpv4-sp-d16 -mfloat-abi=hard -mthumb -o "Core/Src/src_drivers/cpal_i2c.o"
arm-none-eabi-gcc "../Core/Src/src_drivers/cpal_i2c_hal_stm32f4xx.c" -mcpu=cortex-m4 -std=gnu11 -g3 -DDEBUG -DUSE_HAL_DRIVER -DSTM32F407xx -c -I"D:/parikshit/ODHS/STM32CubeIDE/STM32/i2c_MPU6050/Core/Src/inc_drivers" -I../Core/Inc -I../Drivers/STM32F4xx_HAL_Driver/Inc -I../Drivers/STM32F4xx_HAL_Driver/Inc/Legacy -I../Drivers/CMSIS/Device/ST/STM32F4xx/Include -I../Drivers/CMSIS/Include -O0 -ffunction-sections -fdata-sections -Wall -fstack-usage -fcyclomatic-complexity -MMD -MP -MF"Core/Src/src_drivers/cpal_i2c_hal_stm32f4xx.d" -MT"Core/Src/src_drivers/cpal_i2c_hal_stm32f4xx.o" --specs=nano.specs -mfpu=fpv4-sp-d16 -mfloat-abi=hard -mthumb -o "Core/Src/src_drivers/cpal_i2c_hal_stm32f4xx.o"
arm-none-eabi-gcc "../Core/Src/src_drivers/misc.c" -mcpu=cortex-m4 -std=gnu11 -g3 -DDEBUG -DUSE_HAL_DRIVER -DSTM32F407xx -c -I"D:/parikshit/ODHS/STM32CubeIDE/STM32/i2c_MPU6050/Core/Src/inc_drivers" -I../Core/Inc -I../Drivers/STM32F4xx_HAL_Driver/Inc -I../Drivers/STM32F4xx_HAL_Driver/Inc/Legacy -I../Drivers/CMSIS/Device/ST/STM32F4xx/Include -I../Drivers/CMSIS/Include -O0 -ffunction-sections -fdata-sections -Wall -fstack-usage -fcyclomatic-complexity -MMD -MP -MF"Core/Src/src_drivers/misc.d" -MT"Core/Src/src_drivers/misc.o" --specs=nano.specs -mfpu=fpv4-sp-d16 -mfloat-abi=hard -mthumb -o "Core/Src/src_drivers/misc.o"
arm-none-eabi-gcc "../Core/Src/src_drivers/stm32f4xx_adc.c" -mcpu=cortex-m4 -std=gnu11 -g3 -DDEBUG -DUSE_HAL_DRIVER -DSTM32F407xx -c -I"D:/parikshit/ODHS/STM32CubeIDE/STM32/i2c_MPU6050/Core/Src/inc_drivers" -I../Core/Inc -I../Drivers/STM32F4xx_HAL_Driver/Inc -I../Drivers/STM32F4xx_HAL_Driver/Inc/Legacy -I../Drivers/CMSIS/Device/ST/STM32F4xx/Include -I../Drivers/CMSIS/Include -O0 -ffunction-sections -fdata-sections -Wall -fstack-usage -fcyclomatic-complexity -MMD -MP -MF"Core/Src/src_drivers/stm32f4xx_adc.d" -MT"Core/Src/src_drivers/stm32f4xx_adc.o" --specs=nano.specs -mfpu=fpv4-sp-d16 -mfloat-abi=hard -mthumb -o "Core/Src/src_drivers/stm32f4xx_adc.o"
../Core/Src/src_drivers/cpal_i2c.c:29:10: fatal error: cpal_i2c.h: No such file or directory
   29 | #include "cpal_i2c.h"
      |          ^~~~~~~~~~~~
compilation terminated.
arm-none-eabi-gcc "../Core/Src/src_drivers/stm32f4xx_can.c" -mcpu=cortex-m4 -std=gnu11 -g3 -DDEBUG -DUSE_HAL_DRIVER -DSTM32F407xx -c -I"D:/parikshit/ODHS/STM32CubeIDE/STM32/i2c_MPU6050/Core/Src/inc_drivers" -I../Core/Inc -I../Drivers/STM32F4xx_HAL_Driver/Inc -I../Drivers/STM32F4xx_HAL_Driver/Inc/Legacy -I../Drivers/CMSIS/Device/ST/STM32F4xx/Include -I../Drivers/CMSIS/Include -O0 -ffunction-sections -fdata-sections -Wall -fstack-usage -fcyclomatic-complexity -MMD -MP -MF"Core/Src/src_drivers/stm32f4xx_can.d" -MT"Core/Src/src_drivers/stm32f4xx_can.o" --specs=nano.specs -mfpu=fpv4-sp-d16 -mfloat-abi=hard -mthumb -o "Core/Src/src_drivers/stm32f4xx_can.o"
In file included from ../Core/Src/src_drivers/cpal_hal.c:51:
../Core/Src/src_drivers/../inc_drivers/misc.h:123: warning: "IS_NVIC_PRIORITY_GROUP" redefined
  123 | #define IS_NVIC_PRIORITY_GROUP(GROUP) (((GROUP) == NVIC_PriorityGroup_0) || \
      | 
In file included from ../Core/Inc/stm32f4xx_hal_conf.h:291,
                 from ../Drivers/STM32F4xx_HAL_Driver/Inc/stm32f4xx_hal.h:29,
                 from ../Drivers/CMSIS/Device/ST/STM32F4xx/Include/stm32f4xx.h:287,
                 from ../Core/Src/src_drivers/../inc_drivers/misc.h:38,
                 from ../Core/Src/src_drivers/cpal_hal.c:51:
../Drivers/STM32F4xx_HAL_Driver/Inc/stm32f4xx_hal_cortex.h:305: note: this is the location of the previous definition
  305 | #define IS_NVIC_PRIORITY_GROUP(GROUP) (((GROUP) == NVIC_PRIORITYGROUP_0) || \
      | 
In file included from ../Core/Src/src_drivers/cpal_hal.c:51:
../Core/Src/src_drivers/../inc_drivers/misc.h:129: warning: "IS_NVIC_PREEMPTION_PRIORITY" redefined
  129 | #define IS_NVIC_PREEMPTION_PRIORITY(PRIORITY)  ((PRIORITY) < 0x10)
      | 
In file included from ../Core/Inc/stm32f4xx_hal_conf.h:291,
                 from ../Drivers/STM32F4xx_HAL_Driver/Inc/stm32f4xx_hal.h:29,
                 from ../Drivers/CMSIS/Device/ST/STM32F4xx/Include/stm32f4xx.h:287,
                 from ../Core/Src/src_drivers/../inc_drivers/misc.h:38,
                 from ../Core/Src/src_drivers/cpal_hal.c:51:
../Drivers/STM32F4xx_HAL_Driver/Inc/stm32f4xx_hal_cortex.h:311: note: this is the location of the previous definition
  311 | #define IS_NVIC_PREEMPTION_PRIORITY(PRIORITY)  ((PRIORITY) < 0x10U)
      | 
In file included from ../Core/Src/src_drivers/cpal_hal.c:51:
../Core/Src/src_drivers/../inc_drivers/misc.h:131: warning: "IS_NVIC_SUB_PRIORITY" redefined
  131 | #define IS_NVIC_SUB_PRIORITY(PRIORITY)  ((PRIORITY) < 0x10)
      | 
In file included from ../Core/Inc/stm32f4xx_hal_conf.h:291,
                 from ../Drivers/STM32F4xx_HAL_Driver/Inc/stm32f4xx_hal.h:29,
                 from ../Drivers/CMSIS/Device/ST/STM32F4xx/Include/stm32f4xx.h:287,
                 from ../Core/Src/src_drivers/../inc_drivers/misc.h:38,
                 from ../Core/Src/src_drivers/cpal_hal.c:51:
../Drivers/STM32F4xx_HAL_Driver/Inc/stm32f4xx_hal_cortex.h:313: note: this is the location of the previous definition
  313 | #define IS_NVIC_SUB_PRIORITY(PRIORITY)         ((PRIORITY) < 0x10U)
      | 
In file included from ../Core/Src/src_drivers/cpal_hal.c:51:
../Core/Src/src_drivers/../inc_drivers/misc.h:145: warning: "IS_SYSTICK_CLK_SOURCE" redefined
  145 | #define IS_SYSTICK_CLK_SOURCE(SOURCE) (((SOURCE) == SysTick_CLKSource_HCLK) || \
      | 
In file included from ../Core/Inc/stm32f4xx_hal_conf.h:291,
                 from ../Drivers/STM32F4xx_HAL_Driver/Inc/stm32f4xx_hal.h:29,
                 from ../Drivers/CMSIS/Device/ST/STM32F4xx/Include/stm32f4xx.h:287,
                 from ../Core/Src/src_drivers/../inc_drivers/misc.h:38,
                 from ../Core/Src/src_drivers/cpal_hal.c:51:
../Drivers/STM32F4xx_HAL_Driver/Inc/stm32f4xx_hal_cortex.h:317: note: this is the location of the previous definition
  317 | #define IS_SYSTICK_CLK_SOURCE(SOURCE) (((SOURCE) == SYSTICK_CLKSOURCE_HCLK) || \
      | 
../Core/Src/src_drivers/misc.c:76:10: fatal error: ../../../Drivers/inc_drivers/misc.h: No such file or directory
   76 | #include "../../../Drivers/inc_drivers/misc.h"
      |          ^~~~~~~~~~~~~~~~~~~~~~~~~~~~~~~~~~~~~
compilation terminated.
../Core/Src/src_drivers/cpal_hal.c:52:10: fatal error: cpal.h: No such file or directory
   52 | #include "cpal.h"
      |          ^~~~~~~~
compilation terminated.
make: *** [Core/Src/src_drivers/subdir.mk:118: Core/Src/src_drivers/cpal_i2c.o] Error 1
make: *** Waiting for unfinished jobs....
make: *** [Core/Src/src_drivers/subdir.mk:118: Core/Src/src_drivers/cpal_hal.o] Error 1
make: *** [Core/Src/src_drivers/subdir.mk:118: Core/Src/src_drivers/misc.o] Error 1
In file included from ../Core/Src/src_drivers/../inc_drivers/cpal_i2c_hal_stm32f4xx.h:40,
                 from ../Core/Src/src_drivers/cpal_i2c_hal_stm32f4xx.c:30:
../Core/Inc/../../Core/Src/inc_drivers/stm32f4xx_i2c.h:73:2: error: conflicting types for 'I2C_InitTypeDef'; have 'struct <anonymous>'
   73 | }I2C_InitTypeDef;
      |  ^~~~~~~~~~~~~~~
In file included from ../Core/Inc/stm32f4xx_hal_conf.h:363,
                 from ../Drivers/STM32F4xx_HAL_Driver/Inc/stm32f4xx_hal.h:29,
                 from ../Drivers/CMSIS/Device/ST/STM32F4xx/Include/stm32f4xx.h:287,
                 from ../Core/Src/src_drivers/../inc_drivers/cpal_i2c_hal_stm32f4xx.h:39,
                 from ../Core/Src/src_drivers/cpal_i2c_hal_stm32f4xx.c:30:
../Drivers/STM32F4xx_HAL_Driver/Inc/stm32f4xx_hal_i2c.h:73:3: note: previous declaration of 'I2C_InitTypeDef' with type 'I2C_InitTypeDef'
   73 | } I2C_InitTypeDef;
      |   ^~~~~~~~~~~~~~~
In file included from ../Core/Src/src_drivers/../inc_drivers/cpal_i2c_hal_stm32f4xx.h:40,
                 from ../Core/Src/src_drivers/cpal_i2c_hal_stm32f4xx.c:30:
../Core/Inc/../../Core/Src/inc_drivers/stm32f4xx_i2c.h:105: warning: "IS_I2C_DUTY_CYCLE" redefined
  105 | #define IS_I2C_DUTY_CYCLE(CYCLE) (((CYCLE) == I2C_DutyCycle_16_9) || \
      | 
In file included from ../Core/Inc/stm32f4xx_hal_conf.h:363,
                 from ../Drivers/STM32F4xx_HAL_Driver/Inc/stm32f4xx_hal.h:29,
                 from ../Drivers/CMSIS/Device/ST/STM32F4xx/Include/stm32f4xx.h:287,
                 from ../Core/Src/src_drivers/../inc_drivers/cpal_i2c_hal_stm32f4xx.h:39,
                 from ../Core/Src/src_drivers/cpal_i2c_hal_stm32f4xx.c:30:
../Drivers/STM32F4xx_HAL_Driver/Inc/stm32f4xx_hal_i2c.h:682: note: this is the location of the previous definition
  682 | #define IS_I2C_DUTY_CYCLE(CYCLE) (((CYCLE) == I2C_DUTYCYCLE_2) || \
      | 
../Core/Src/src_drivers/stm32f4xx_adc.c:104:10: fatal error: ../../../Drivers/inc_drivers/stm32f4xx_adc.h: No such file or directory
  104 | #include "../../../Drivers/inc_drivers/stm32f4xx_adc.h"
      |          ^~~~~~~~~~~~~~~~~~~~~~~~~~~~~~~~~~~~~~~~~~~~~~
In file included from ../Core/Src/src_drivers/../inc_drivers/cpal_i2c_hal_stm32f4xx.h:40,
                 from ../Core/Src/src_drivers/cpal_i2c_hal_stm32f4xx.c:30:
../Core/Inc/../../Core/Src/inc_drivers/stm32f4xx_i2c.h:213: warning: "I2C_IT_BUF" redefined
  213 | #define I2C_IT_BUF                      ((uint16_t)0x0400)
      | 
compilation terminated.
In file included from ../Core/Inc/stm32f4xx_hal_conf.h:363,
                 from ../Drivers/STM32F4xx_HAL_Driver/Inc/stm32f4xx_hal.h:29,
                 from ../Drivers/CMSIS/Device/ST/STM32F4xx/Include/stm32f4xx.h:287,
                 from ../Core/Src/src_drivers/../inc_drivers/cpal_i2c_hal_stm32f4xx.h:39,
                 from ../Core/Src/src_drivers/cpal_i2c_hal_stm32f4xx.c:30:
../Drivers/STM32F4xx_HAL_Driver/Inc/stm32f4xx_hal_i2c.h:374: note: this is the location of the previous definition
  374 | #define I2C_IT_BUF                      I2C_CR2_ITBUFEN
      | 
In file included from ../Core/Src/src_drivers/../inc_drivers/cpal_i2c_hal_stm32f4xx.h:40,
                 from ../Core/Src/src_drivers/cpal_i2c_hal_stm32f4xx.c:30:
../Core/Inc/../../Core/Src/inc_drivers/stm32f4xx_i2c.h:214: warning: "I2C_IT_EVT" redefined
  214 | #define I2C_IT_EVT                      ((uint16_t)0x0200)
      | 
In file included from ../Core/Inc/stm32f4xx_hal_conf.h:363,
                 from ../Drivers/STM32F4xx_HAL_Driver/Inc/stm32f4xx_hal.h:29,
                 from ../Drivers/CMSIS/Device/ST/STM32F4xx/Include/stm32f4xx.h:287,
                 from ../Core/Src/src_drivers/../inc_drivers/cpal_i2c_hal_stm32f4xx.h:39,
                 from ../Core/Src/src_drivers/cpal_i2c_hal_stm32f4xx.c:30:
../Drivers/STM32F4xx_HAL_Driver/Inc/stm32f4xx_hal_i2c.h:375: note: this is the location of the previous definition
  375 | #define I2C_IT_EVT                      I2C_CR2_ITEVTEN
      | 
In file included from ../Core/Src/src_drivers/../inc_drivers/cpal_i2c_hal_stm32f4xx.h:40,
                 from ../Core/Src/src_drivers/cpal_i2c_hal_stm32f4xx.c:30:
../Core/Inc/../../Core/Src/inc_drivers/stm32f4xx_i2c.h:215: warning: "I2C_IT_ERR" redefined
  215 | #define I2C_IT_ERR                      ((uint16_t)0x0100)
      | 
In file included from ../Core/Inc/stm32f4xx_hal_conf.h:363,
                 from ../Drivers/STM32F4xx_HAL_Driver/Inc/stm32f4xx_hal.h:29,
                 from ../Drivers/CMSIS/Device/ST/STM32F4xx/Include/stm32f4xx.h:287,
                 from ../Core/Src/src_drivers/../inc_drivers/cpal_i2c_hal_stm32f4xx.h:39,
                 from ../Core/Src/src_drivers/cpal_i2c_hal_stm32f4xx.c:30:
../Drivers/STM32F4xx_HAL_Driver/Inc/stm32f4xx_hal_i2c.h:376: note: this is the location of the previous definition
  376 | #define I2C_IT_ERR                      I2C_CR2_ITERREN
      | 
../Core/Src/src_drivers/stm32f4xx_can.c:86:10: fatal error: ../../../Drivers/inc_drivers/stm32f4xx_can.h: No such file or directory
   86 | #include "../../../Drivers/inc_drivers/stm32f4xx_can.h"
      |          ^~~~~~~~~~~~~~~~~~~~~~~~~~~~~~~~~~~~~~~~~~~~~~
compilation terminated.
In file included from ../Core/Src/src_drivers/../inc_drivers/cpal_i2c_hal_stm32f4xx.h:40,
                 from ../Core/Src/src_drivers/cpal_i2c_hal_stm32f4xx.c:30:
../Core/Inc/../../Core/Src/inc_drivers/stm32f4xx_i2c.h:261: warning: "I2C_FLAG_DUALF" redefined
  261 | #define I2C_FLAG_DUALF                  ((uint32_t)0x00800000)
      | 
make: *** [Core/Src/src_drivers/subdir.mk:118: Core/Src/src_drivers/stm32f4xx_adc.o] Error 1
In file included from ../Core/Inc/stm32f4xx_hal_conf.h:363,
                 from ../Drivers/STM32F4xx_HAL_Driver/Inc/stm32f4xx_hal.h:29,
                 from ../Drivers/CMSIS/Device/ST/STM32F4xx/Include/stm32f4xx.h:287,
                 from ../Core/Src/src_drivers/../inc_drivers/cpal_i2c_hal_stm32f4xx.h:39,
                 from ../Core/Src/src_drivers/cpal_i2c_hal_stm32f4xx.c:30:
../Drivers/STM32F4xx_HAL_Driver/Inc/stm32f4xx_hal_i2c.h:396: note: this is the location of the previous definition
  396 | #define I2C_FLAG_DUALF                  0x00100080U
      | 
In file included from ../Core/Src/src_drivers/../inc_drivers/cpal_i2c_hal_stm32f4xx.h:40,
                 from ../Core/Src/src_drivers/cpal_i2c_hal_stm32f4xx.c:30:
../Core/Inc/../../Core/Src/inc_drivers/stm32f4xx_i2c.h:264: warning: "I2C_FLAG_GENCALL" redefined
  264 | #define I2C_FLAG_GENCALL                ((uint32_t)0x00100000)
      | 
In file included from ../Core/Inc/stm32f4xx_hal_conf.h:363,
                 from ../Drivers/STM32F4xx_HAL_Driver/Inc/stm32f4xx_hal.h:29,
                 from ../Drivers/CMSIS/Device/ST/STM32F4xx/Include/stm32f4xx.h:287,
                 from ../Core/Src/src_drivers/../inc_drivers/cpal_i2c_hal_stm32f4xx.h:39,
                 from ../Core/Src/src_drivers/cpal_i2c_hal_stm32f4xx.c:30:
../Drivers/STM32F4xx_HAL_Driver/Inc/stm32f4xx_hal_i2c.h:397: note: this is the location of the previous definition
  397 | #define I2C_FLAG_GENCALL                0x00100010U
      | 
In file included from ../Core/Src/src_drivers/../inc_drivers/cpal_i2c_hal_stm32f4xx.h:40,
                 from ../Core/Src/src_drivers/cpal_i2c_hal_stm32f4xx.c:30:
../Core/Inc/../../Core/Src/inc_drivers/stm32f4xx_i2c.h:265: warning: "I2C_FLAG_TRA" redefined
  265 | #define I2C_FLAG_TRA                    ((uint32_t)0x00040000)
      | 
In file included from ../Core/Inc/stm32f4xx_hal_conf.h:363,
                 from ../Drivers/STM32F4xx_HAL_Driver/Inc/stm32f4xx_hal.h:29,
                 from ../Drivers/CMSIS/Device/ST/STM32F4xx/Include/stm32f4xx.h:287,
                 from ../Core/Src/src_drivers/../inc_drivers/cpal_i2c_hal_stm32f4xx.h:39,
                 from ../Core/Src/src_drivers/cpal_i2c_hal_stm32f4xx.c:30:
../Drivers/STM32F4xx_HAL_Driver/Inc/stm32f4xx_hal_i2c.h:398: note: this is the location of the previous definition
  398 | #define I2C_FLAG_TRA                    0x00100004U
      | 
In file included from ../Core/Src/src_drivers/../inc_drivers/cpal_i2c_hal_stm32f4xx.h:40,
                 from ../Core/Src/src_drivers/cpal_i2c_hal_stm32f4xx.c:30:
../Core/Inc/../../Core/Src/inc_drivers/stm32f4xx_i2c.h:266: warning: "I2C_FLAG_BUSY" redefined
  266 | #define I2C_FLAG_BUSY                   ((uint32_t)0x00020000)
      | 
In file included from ../Core/Inc/stm32f4xx_hal_conf.h:363,
                 from ../Drivers/STM32F4xx_HAL_Driver/Inc/stm32f4xx_hal.h:29,
                 from ../Drivers/CMSIS/Device/ST/STM32F4xx/Include/stm32f4xx.h:287,
                 from ../Core/Src/src_drivers/../inc_drivers/cpal_i2c_hal_stm32f4xx.h:39,
                 from ../Core/Src/src_drivers/cpal_i2c_hal_stm32f4xx.c:30:
../Drivers/STM32F4xx_HAL_Driver/Inc/stm32f4xx_hal_i2c.h:399: note: this is the location of the previous definition
  399 | #define I2C_FLAG_BUSY                   0x00100002U
      | 
make: *** [Core/Src/src_drivers/subdir.mk:118: Core/Src/src_drivers/stm32f4xx_can.o] Error 1
In file included from ../Core/Src/src_drivers/../inc_drivers/cpal_i2c_hal_stm32f4xx.h:40,
                 from ../Core/Src/src_drivers/cpal_i2c_hal_stm32f4xx.c:30:
../Core/Inc/../../Core/Src/inc_drivers/stm32f4xx_i2c.h:267: warning: "I2C_FLAG_MSL" redefined
  267 | #define I2C_FLAG_MSL                    ((uint32_t)0x00010000)
      | 
In file included from ../Core/Inc/stm32f4xx_hal_conf.h:363,
                 from ../Drivers/STM32F4xx_HAL_Driver/Inc/stm32f4xx_hal.h:29,
                 from ../Drivers/CMSIS/Device/ST/STM32F4xx/Include/stm32f4xx.h:287,
                 from ../Core/Src/src_drivers/../inc_drivers/cpal_i2c_hal_stm32f4xx.h:39,
                 from ../Core/Src/src_drivers/cpal_i2c_hal_stm32f4xx.c:30:
../Drivers/STM32F4xx_HAL_Driver/Inc/stm32f4xx_hal_i2c.h:400: note: this is the location of the previous definition
  400 | #define I2C_FLAG_MSL                    0x00100001U
      | 
In file included from ../Core/Src/src_drivers/../inc_drivers/cpal_i2c_hal_stm32f4xx.h:40,
                 from ../Core/Src/src_drivers/cpal_i2c_hal_stm32f4xx.c:30:
../Core/Inc/../../Core/Src/inc_drivers/stm32f4xx_i2c.h:276: warning: "I2C_FLAG_OVR" redefined
  276 | #define I2C_FLAG_OVR                    ((uint32_t)0x10000800)
      | 
In file included from ../Core/Inc/stm32f4xx_hal_conf.h:363,
                 from ../Drivers/STM32F4xx_HAL_Driver/Inc/stm32f4xx_hal.h:29,
                 from ../Drivers/CMSIS/Device/ST/STM32F4xx/Include/stm32f4xx.h:287,
                 from ../Core/Src/src_drivers/../inc_drivers/cpal_i2c_hal_stm32f4xx.h:39,
                 from ../Core/Src/src_drivers/cpal_i2c_hal_stm32f4xx.c:30:
../Drivers/STM32F4xx_HAL_Driver/Inc/stm32f4xx_hal_i2c.h:385: note: this is the location of the previous definition
  385 | #define I2C_FLAG_OVR                    0x00010800U
      | 
In file included from ../Core/Src/src_drivers/../inc_drivers/cpal_i2c_hal_stm32f4xx.h:40,
                 from ../Core/Src/src_drivers/cpal_i2c_hal_stm32f4xx.c:30:
../Core/Inc/../../Core/Src/inc_drivers/stm32f4xx_i2c.h:277: warning: "I2C_FLAG_AF" redefined
  277 | #define I2C_FLAG_AF                     ((uint32_t)0x10000400)
      | 
In file included from ../Core/Inc/stm32f4xx_hal_conf.h:363,
                 from ../Drivers/STM32F4xx_HAL_Driver/Inc/stm32f4xx_hal.h:29,
                 from ../Drivers/CMSIS/Device/ST/STM32F4xx/Include/stm32f4xx.h:287,
                 from ../Core/Src/src_drivers/../inc_drivers/cpal_i2c_hal_stm32f4xx.h:39,
                 from ../Core/Src/src_drivers/cpal_i2c_hal_stm32f4xx.c:30:
../Drivers/STM32F4xx_HAL_Driver/Inc/stm32f4xx_hal_i2c.h:386: note: this is the location of the previous definition
  386 | #define I2C_FLAG_AF                     0x00010400U
      | 
In file included from ../Core/Src/src_drivers/../inc_drivers/cpal_i2c_hal_stm32f4xx.h:40,
                 from ../Core/Src/src_drivers/cpal_i2c_hal_stm32f4xx.c:30:
../Core/Inc/../../Core/Src/inc_drivers/stm32f4xx_i2c.h:278: warning: "I2C_FLAG_ARLO" redefined
  278 | #define I2C_FLAG_ARLO                   ((uint32_t)0x10000200)
      | 
In file included from ../Core/Inc/stm32f4xx_hal_conf.h:363,
                 from ../Drivers/STM32F4xx_HAL_Driver/Inc/stm32f4xx_hal.h:29,
                 from ../Drivers/CMSIS/Device/ST/STM32F4xx/Include/stm32f4xx.h:287,
                 from ../Core/Src/src_drivers/../inc_drivers/cpal_i2c_hal_stm32f4xx.h:39,
                 from ../Core/Src/src_drivers/cpal_i2c_hal_stm32f4xx.c:30:
../Drivers/STM32F4xx_HAL_Driver/Inc/stm32f4xx_hal_i2c.h:387: note: this is the location of the previous definition
  387 | #define I2C_FLAG_ARLO                   0x00010200U
      | 
In file included from ../Core/Src/src_drivers/../inc_drivers/cpal_i2c_hal_stm32f4xx.h:40,
                 from ../Core/Src/src_drivers/cpal_i2c_hal_stm32f4xx.c:30:
../Core/Inc/../../Core/Src/inc_drivers/stm32f4xx_i2c.h:279: warning: "I2C_FLAG_BERR" redefined
  279 | #define I2C_FLAG_BERR                   ((uint32_t)0x10000100)
      | 
In file included from ../Core/Inc/stm32f4xx_hal_conf.h:363,
                 from ../Drivers/STM32F4xx_HAL_Driver/Inc/stm32f4xx_hal.h:29,
                 from ../Drivers/CMSIS/Device/ST/STM32F4xx/Include/stm32f4xx.h:287,
                 from ../Core/Src/src_drivers/../inc_drivers/cpal_i2c_hal_stm32f4xx.h:39,
                 from ../Core/Src/src_drivers/cpal_i2c_hal_stm32f4xx.c:30:
../Drivers/STM32F4xx_HAL_Driver/Inc/stm32f4xx_hal_i2c.h:388: note: this is the location of the previous definition
  388 | #define I2C_FLAG_BERR                   0x00010100U
      | 
In file included from ../Core/Src/src_drivers/../inc_drivers/cpal_i2c_hal_stm32f4xx.h:40,
                 from ../Core/Src/src_drivers/cpal_i2c_hal_stm32f4xx.c:30:
../Core/Inc/../../Core/Src/inc_drivers/stm32f4xx_i2c.h:280: warning: "I2C_FLAG_TXE" redefined
  280 | #define I2C_FLAG_TXE                    ((uint32_t)0x10000080)
      | 
In file included from ../Core/Inc/stm32f4xx_hal_conf.h:363,
                 from ../Drivers/STM32F4xx_HAL_Driver/Inc/stm32f4xx_hal.h:29,
                 from ../Drivers/CMSIS/Device/ST/STM32F4xx/Include/stm32f4xx.h:287,
                 from ../Core/Src/src_drivers/../inc_drivers/cpal_i2c_hal_stm32f4xx.h:39,
                 from ../Core/Src/src_drivers/cpal_i2c_hal_stm32f4xx.c:30:
../Drivers/STM32F4xx_HAL_Driver/Inc/stm32f4xx_hal_i2c.h:389: note: this is the location of the previous definition
  389 | #define I2C_FLAG_TXE                    0x00010080U
      | 
In file included from ../Core/Src/src_drivers/../inc_drivers/cpal_i2c_hal_stm32f4xx.h:40,
                 from ../Core/Src/src_drivers/cpal_i2c_hal_stm32f4xx.c:30:
../Core/Inc/../../Core/Src/inc_drivers/stm32f4xx_i2c.h:281: warning: "I2C_FLAG_RXNE" redefined
  281 | #define I2C_FLAG_RXNE                   ((uint32_t)0x10000040)
      | 
In file included from ../Core/Inc/stm32f4xx_hal_conf.h:363,
                 from ../Drivers/STM32F4xx_HAL_Driver/Inc/stm32f4xx_hal.h:29,
                 from ../Drivers/CMSIS/Device/ST/STM32F4xx/Include/stm32f4xx.h:287,
                 from ../Core/Src/src_drivers/../inc_drivers/cpal_i2c_hal_stm32f4xx.h:39,
                 from ../Core/Src/src_drivers/cpal_i2c_hal_stm32f4xx.c:30:
../Drivers/STM32F4xx_HAL_Driver/Inc/stm32f4xx_hal_i2c.h:390: note: this is the location of the previous definition
  390 | #define I2C_FLAG_RXNE                   0x00010040U
      | 
In file included from ../Core/Src/src_drivers/../inc_drivers/cpal_i2c_hal_stm32f4xx.h:40,
                 from ../Core/Src/src_drivers/cpal_i2c_hal_stm32f4xx.c:30:
../Core/Inc/../../Core/Src/inc_drivers/stm32f4xx_i2c.h:282: warning: "I2C_FLAG_STOPF" redefined
  282 | #define I2C_FLAG_STOPF                  ((uint32_t)0x10000010)
      | 
In file included from ../Core/Inc/stm32f4xx_hal_conf.h:363,
                 from ../Drivers/STM32F4xx_HAL_Driver/Inc/stm32f4xx_hal.h:29,
                 from ../Drivers/CMSIS/Device/ST/STM32F4xx/Include/stm32f4xx.h:287,
                 from ../Core/Src/src_drivers/../inc_drivers/cpal_i2c_hal_stm32f4xx.h:39,
                 from ../Core/Src/src_drivers/cpal_i2c_hal_stm32f4xx.c:30:
../Drivers/STM32F4xx_HAL_Driver/Inc/stm32f4xx_hal_i2c.h:391: note: this is the location of the previous definition
  391 | #define I2C_FLAG_STOPF                  0x00010010U
      | 
In file included from ../Core/Src/src_drivers/../inc_drivers/cpal_i2c_hal_stm32f4xx.h:40,
                 from ../Core/Src/src_drivers/cpal_i2c_hal_stm32f4xx.c:30:
../Core/Inc/../../Core/Src/inc_drivers/stm32f4xx_i2c.h:283: warning: "I2C_FLAG_ADD10" redefined
  283 | #define I2C_FLAG_ADD10                  ((uint32_t)0x10000008)
      | 
In file included from ../Core/Inc/stm32f4xx_hal_conf.h:363,
                 from ../Drivers/STM32F4xx_HAL_Driver/Inc/stm32f4xx_hal.h:29,
                 from ../Drivers/CMSIS/Device/ST/STM32F4xx/Include/stm32f4xx.h:287,
                 from ../Core/Src/src_drivers/../inc_drivers/cpal_i2c_hal_stm32f4xx.h:39,
                 from ../Core/Src/src_drivers/cpal_i2c_hal_stm32f4xx.c:30:
../Drivers/STM32F4xx_HAL_Driver/Inc/stm32f4xx_hal_i2c.h:392: note: this is the location of the previous definition
  392 | #define I2C_FLAG_ADD10                  0x00010008U
      | 
In file included from ../Core/Src/src_drivers/../inc_drivers/cpal_i2c_hal_stm32f4xx.h:40,
                 from ../Core/Src/src_drivers/cpal_i2c_hal_stm32f4xx.c:30:
../Core/Inc/../../Core/Src/inc_drivers/stm32f4xx_i2c.h:284: warning: "I2C_FLAG_BTF" redefined
  284 | #define I2C_FLAG_BTF                    ((uint32_t)0x10000004)
      | 
In file included from ../Core/Inc/stm32f4xx_hal_conf.h:363,
                 from ../Drivers/STM32F4xx_HAL_Driver/Inc/stm32f4xx_hal.h:29,
                 from ../Drivers/CMSIS/Device/ST/STM32F4xx/Include/stm32f4xx.h:287,
                 from ../Core/Src/src_drivers/../inc_drivers/cpal_i2c_hal_stm32f4xx.h:39,
                 from ../Core/Src/src_drivers/cpal_i2c_hal_stm32f4xx.c:30:
../Drivers/STM32F4xx_HAL_Driver/Inc/stm32f4xx_hal_i2c.h:393: note: this is the location of the previous definition
  393 | #define I2C_FLAG_BTF                    0x00010004U
      | 
In file included from ../Core/Src/src_drivers/../inc_drivers/cpal_i2c_hal_stm32f4xx.h:40,
                 from ../Core/Src/src_drivers/cpal_i2c_hal_stm32f4xx.c:30:
../Core/Inc/../../Core/Src/inc_drivers/stm32f4xx_i2c.h:285: warning: "I2C_FLAG_ADDR" redefined
  285 | #define I2C_FLAG_ADDR                   ((uint32_t)0x10000002)
      | 
In file included from ../Core/Inc/stm32f4xx_hal_conf.h:363,
                 from ../Drivers/STM32F4xx_HAL_Driver/Inc/stm32f4xx_hal.h:29,
                 from ../Drivers/CMSIS/Device/ST/STM32F4xx/Include/stm32f4xx.h:287,
                 from ../Core/Src/src_drivers/../inc_drivers/cpal_i2c_hal_stm32f4xx.h:39,
                 from ../Core/Src/src_drivers/cpal_i2c_hal_stm32f4xx.c:30:
../Drivers/STM32F4xx_HAL_Driver/Inc/stm32f4xx_hal_i2c.h:394: note: this is the location of the previous definition
  394 | #define I2C_FLAG_ADDR                   0x00010002U
      | 
In file included from ../Core/Src/src_drivers/../inc_drivers/cpal_i2c_hal_stm32f4xx.h:40,
                 from ../Core/Src/src_drivers/cpal_i2c_hal_stm32f4xx.c:30:
../Core/Inc/../../Core/Src/inc_drivers/stm32f4xx_i2c.h:286: warning: "I2C_FLAG_SB" redefined
  286 | #define I2C_FLAG_SB                     ((uint32_t)0x10000001)
      | 
In file included from ../Core/Inc/stm32f4xx_hal_conf.h:363,
                 from ../Drivers/STM32F4xx_HAL_Driver/Inc/stm32f4xx_hal.h:29,
                 from ../Drivers/CMSIS/Device/ST/STM32F4xx/Include/stm32f4xx.h:287,
                 from ../Core/Src/src_drivers/../inc_drivers/cpal_i2c_hal_stm32f4xx.h:39,
                 from ../Core/Src/src_drivers/cpal_i2c_hal_stm32f4xx.c:30:
../Drivers/STM32F4xx_HAL_Driver/Inc/stm32f4xx_hal_i2c.h:395: note: this is the location of the previous definition
  395 | #define I2C_FLAG_SB                     0x00010001U
      | 
In file included from ../Core/Src/src_drivers/../inc_drivers/cpal_i2c_hal_stm32f4xx.h:40,
                 from ../Core/Src/src_drivers/cpal_i2c_hal_stm32f4xx.c:30:
../Core/Inc/../../Core/Src/inc_drivers/stm32f4xx_i2c.h:515: warning: "IS_I2C_OWN_ADDRESS1" redefined
  515 | #define IS_I2C_OWN_ADDRESS1(ADDRESS1) ((ADDRESS1) <= 0x3FF)
      | 
In file included from ../Core/Inc/stm32f4xx_hal_conf.h:363,
                 from ../Drivers/STM32F4xx_HAL_Driver/Inc/stm32f4xx_hal.h:29,
                 from ../Drivers/CMSIS/Device/ST/STM32F4xx/Include/stm32f4xx.h:287,
                 from ../Core/Src/src_drivers/../inc_drivers/cpal_i2c_hal_stm32f4xx.h:39,
                 from ../Core/Src/src_drivers/cpal_i2c_hal_stm32f4xx.c:30:
../Drivers/STM32F4xx_HAL_Driver/Inc/stm32f4xx_hal_i2c.h:695: note: this is the location of the previous definition
  695 | #define IS_I2C_OWN_ADDRESS1(ADDRESS1) (((ADDRESS1) & 0xFFFFFC00U) == 0U)
      | 
In file included from ../Core/Src/src_drivers/../inc_drivers/cpal_i2c_hal_stm32f4xx.h:40,
                 from ../Core/Src/src_drivers/cpal_i2c_hal_stm32f4xx.c:30:
../Core/Inc/../../Core/Src/inc_drivers/stm32f4xx_i2c.h:524: warning: "IS_I2C_CLOCK_SPEED" redefined
  524 | #define IS_I2C_CLOCK_SPEED(SPEED) (((SPEED) >= 0x1) && ((SPEED) <= 400000))
      | 
In file included from ../Core/Inc/stm32f4xx_hal_conf.h:363,
                 from ../Drivers/STM32F4xx_HAL_Driver/Inc/stm32f4xx_hal.h:29,
                 from ../Drivers/CMSIS/Device/ST/STM32F4xx/Include/stm32f4xx.h:287,
                 from ../Core/Src/src_drivers/../inc_drivers/cpal_i2c_hal_stm32f4xx.h:39,
                 from ../Core/Src/src_drivers/cpal_i2c_hal_stm32f4xx.c:30:
../Drivers/STM32F4xx_HAL_Driver/Inc/stm32f4xx_hal_i2c.h:694: note: this is the location of the previous definition
  694 | #define IS_I2C_CLOCK_SPEED(SPEED) (((SPEED) > 0U) && ((SPEED) <= 400000U))
      | 
In file included from ../Core/Src/src_drivers/../inc_drivers/cpal_i2c_hal_stm32f4xx.h:41,
                 from ../Core/Src/src_drivers/cpal_i2c_hal_stm32f4xx.c:30:
../Core/Inc/../../Core/Src/inc_drivers/stm32f4xx_dma.h:110:2: error: conflicting types for 'DMA_InitTypeDef'; have 'struct <anonymous>'
  110 | }DMA_InitTypeDef;
      |  ^~~~~~~~~~~~~~~
In file included from ../Core/Inc/stm32f4xx_hal_conf.h:287,
                 from ../Drivers/STM32F4xx_HAL_Driver/Inc/stm32f4xx_hal.h:29,
                 from ../Drivers/CMSIS/Device/ST/STM32F4xx/Include/stm32f4xx.h:287,
                 from ../Core/Src/src_drivers/../inc_drivers/cpal_i2c_hal_stm32f4xx.h:39,
                 from ../Core/Src/src_drivers/cpal_i2c_hal_stm32f4xx.c:30:
../Drivers/STM32F4xx_HAL_Driver/Inc/stm32f4xx_hal_dma.h:96:2: note: previous declaration of 'DMA_InitTypeDef' with type 'DMA_InitTypeDef'
   96 | }DMA_InitTypeDef;
      |  ^~~~~~~~~~~~~~~
In file included from ../Core/Src/src_drivers/../inc_drivers/cpal_i2c_hal_stm32f4xx.h:41,
                 from ../Core/Src/src_drivers/cpal_i2c_hal_stm32f4xx.c:30:
../Core/Inc/../../Core/Src/inc_drivers/stm32f4xx_dma.h:150: warning: "IS_DMA_CHANNEL" redefined
  150 | #define IS_DMA_CHANNEL(CHANNEL) (((CHANNEL) == DMA_Channel_0) || \
      | 
In file included from ../Core/Inc/stm32f4xx_hal_conf.h:287,
                 from ../Drivers/STM32F4xx_HAL_Driver/Inc/stm32f4xx_hal.h:29,
                 from ../Drivers/CMSIS/Device/ST/STM32F4xx/Include/stm32f4xx.h:287,
                 from ../Core/Src/src_drivers/../inc_drivers/cpal_i2c_hal_stm32f4xx.h:39,
                 from ../Core/Src/src_drivers/cpal_i2c_hal_stm32f4xx.c:30:
../Drivers/STM32F4xx_HAL_Driver/Inc/stm32f4xx_hal_dma.h:720: note: this is the location of the previous definition
  720 | #define IS_DMA_CHANNEL(CHANNEL) (((CHANNEL) == DMA_CHANNEL_0) || \
      | 
In file included from ../Core/Src/src_drivers/../inc_drivers/cpal_i2c_hal_stm32f4xx.h:41,
                 from ../Core/Src/src_drivers/cpal_i2c_hal_stm32f4xx.c:30:
../Core/Inc/../../Core/Src/inc_drivers/stm32f4xx_dma.h:170: warning: "IS_DMA_DIRECTION" redefined
  170 | #define IS_DMA_DIRECTION(DIRECTION) (((DIRECTION) == DMA_DIR_PeripheralToMemory ) || \
      | 
In file included from ../Core/Inc/stm32f4xx_hal_conf.h:287,
                 from ../Drivers/STM32F4xx_HAL_Driver/Inc/stm32f4xx_hal.h:29,
                 from ../Drivers/CMSIS/Device/ST/STM32F4xx/Include/stm32f4xx.h:287,
                 from ../Core/Src/src_drivers/../inc_drivers/cpal_i2c_hal_stm32f4xx.h:39,
                 from ../Core/Src/src_drivers/cpal_i2c_hal_stm32f4xx.c:30:
../Drivers/STM32F4xx_HAL_Driver/Inc/stm32f4xx_hal_dma.h:730: note: this is the location of the previous definition
  730 | #define IS_DMA_DIRECTION(DIRECTION) (((DIRECTION) == DMA_PERIPH_TO_MEMORY ) || \
      | 
In file included from ../Core/Src/src_drivers/../inc_drivers/cpal_i2c_hal_stm32f4xx.h:41,
                 from ../Core/Src/src_drivers/cpal_i2c_hal_stm32f4xx.c:30:
../Core/Inc/../../Core/Src/inc_drivers/stm32f4xx_dma.h:181: warning: "IS_DMA_BUFFER_SIZE" redefined
  181 | #define IS_DMA_BUFFER_SIZE(SIZE) (((SIZE) >= 0x1) && ((SIZE) < 0x10000))
      | 
In file included from ../Core/Inc/stm32f4xx_hal_conf.h:287,
                 from ../Drivers/STM32F4xx_HAL_Driver/Inc/stm32f4xx_hal.h:29,
                 from ../Drivers/CMSIS/Device/ST/STM32F4xx/Include/stm32f4xx.h:287,
                 from ../Core/Src/src_drivers/../inc_drivers/cpal_i2c_hal_stm32f4xx.h:39,
                 from ../Core/Src/src_drivers/cpal_i2c_hal_stm32f4xx.c:30:
../Drivers/STM32F4xx_HAL_Driver/Inc/stm32f4xx_hal_dma.h:734: note: this is the location of the previous definition
  734 | #define IS_DMA_BUFFER_SIZE(SIZE) (((SIZE) >= 0x01U) && ((SIZE) < 0x10000U))
      | 
In file included from ../Core/Src/src_drivers/../inc_drivers/cpal_i2c_hal_stm32f4xx.h:41,
                 from ../Core/Src/src_drivers/cpal_i2c_hal_stm32f4xx.c:30:
../Core/Inc/../../Core/Src/inc_drivers/stm32f4xx_dma.h:193: warning: "IS_DMA_PERIPHERAL_INC_STATE" redefined
  193 | #define IS_DMA_PERIPHERAL_INC_STATE(STATE) (((STATE) == DMA_PeripheralInc_Enable) || \
      | 
In file included from ../Core/Inc/stm32f4xx_hal_conf.h:287,
                 from ../Drivers/STM32F4xx_HAL_Driver/Inc/stm32f4xx_hal.h:29,
                 from ../Drivers/CMSIS/Device/ST/STM32F4xx/Include/stm32f4xx.h:287,
                 from ../Core/Src/src_drivers/../inc_drivers/cpal_i2c_hal_stm32f4xx.h:39,
                 from ../Core/Src/src_drivers/cpal_i2c_hal_stm32f4xx.c:30:
../Drivers/STM32F4xx_HAL_Driver/Inc/stm32f4xx_hal_dma.h:736: note: this is the location of the previous definition
  736 | #define IS_DMA_PERIPHERAL_INC_STATE(STATE) (((STATE) == DMA_PINC_ENABLE) || \
      | 
In file included from ../Core/Src/src_drivers/../inc_drivers/cpal_i2c_hal_stm32f4xx.h:41,
                 from ../Core/Src/src_drivers/cpal_i2c_hal_stm32f4xx.c:30:
../Core/Inc/../../Core/Src/inc_drivers/stm32f4xx_dma.h:206: warning: "IS_DMA_MEMORY_INC_STATE" redefined
  206 | #define IS_DMA_MEMORY_INC_STATE(STATE) (((STATE) == DMA_MemoryInc_Enable) || \
      | 
In file included from ../Core/Inc/stm32f4xx_hal_conf.h:287,
                 from ../Drivers/STM32F4xx_HAL_Driver/Inc/stm32f4xx_hal.h:29,
                 from ../Drivers/CMSIS/Device/ST/STM32F4xx/Include/stm32f4xx.h:287,
                 from ../Core/Src/src_drivers/../inc_drivers/cpal_i2c_hal_stm32f4xx.h:39,
                 from ../Core/Src/src_drivers/cpal_i2c_hal_stm32f4xx.c:30:
../Drivers/STM32F4xx_HAL_Driver/Inc/stm32f4xx_hal_dma.h:739: note: this is the location of the previous definition
  739 | #define IS_DMA_MEMORY_INC_STATE(STATE) (((STATE) == DMA_MINC_ENABLE)  || \
      | 
In file included from ../Core/Src/src_drivers/../inc_drivers/cpal_i2c_hal_stm32f4xx.h:41,
                 from ../Core/Src/src_drivers/cpal_i2c_hal_stm32f4xx.c:30:
../Core/Inc/../../Core/Src/inc_drivers/stm32f4xx_dma.h:220: warning: "IS_DMA_PERIPHERAL_DATA_SIZE" redefined
  220 | #define IS_DMA_PERIPHERAL_DATA_SIZE(SIZE) (((SIZE) == DMA_PeripheralDataSize_Byte)  || \
      | 
In file included from ../Core/Inc/stm32f4xx_hal_conf.h:287,
                 from ../Drivers/STM32F4xx_HAL_Driver/Inc/stm32f4xx_hal.h:29,
                 from ../Drivers/CMSIS/Device/ST/STM32F4xx/Include/stm32f4xx.h:287,
                 from ../Core/Src/src_drivers/../inc_drivers/cpal_i2c_hal_stm32f4xx.h:39,
                 from ../Core/Src/src_drivers/cpal_i2c_hal_stm32f4xx.c:30:
../Drivers/STM32F4xx_HAL_Driver/Inc/stm32f4xx_hal_dma.h:742: note: this is the location of the previous definition
  742 | #define IS_DMA_PERIPHERAL_DATA_SIZE(SIZE) (((SIZE) == DMA_PDATAALIGN_BYTE)     || \
      | 
In file included from ../Core/Src/src_drivers/../inc_drivers/cpal_i2c_hal_stm32f4xx.h:41,
                 from ../Core/Src/src_drivers/cpal_i2c_hal_stm32f4xx.c:30:
../Core/Inc/../../Core/Src/inc_drivers/stm32f4xx_dma.h:235: warning: "IS_DMA_MEMORY_DATA_SIZE" redefined
  235 | #define IS_DMA_MEMORY_DATA_SIZE(SIZE) (((SIZE) == DMA_MemoryDataSize_Byte)  || \
      | 
In file included from ../Core/Inc/stm32f4xx_hal_conf.h:287,
                 from ../Drivers/STM32F4xx_HAL_Driver/Inc/stm32f4xx_hal.h:29,
                 from ../Drivers/CMSIS/Device/ST/STM32F4xx/Include/stm32f4xx.h:287,
                 from ../Core/Src/src_drivers/../inc_drivers/cpal_i2c_hal_stm32f4xx.h:39,
                 from ../Core/Src/src_drivers/cpal_i2c_hal_stm32f4xx.c:30:
../Drivers/STM32F4xx_HAL_Driver/Inc/stm32f4xx_hal_dma.h:746: note: this is the location of the previous definition
  746 | #define IS_DMA_MEMORY_DATA_SIZE(SIZE) (((SIZE) == DMA_MDATAALIGN_BYTE)     || \
      | 
In file included from ../Core/Src/src_drivers/../inc_drivers/cpal_i2c_hal_stm32f4xx.h:41,
                 from ../Core/Src/src_drivers/cpal_i2c_hal_stm32f4xx.c:30:
../Core/Inc/../../Core/Src/inc_drivers/stm32f4xx_dma.h:249: warning: "IS_DMA_MODE" redefined
  249 | #define IS_DMA_MODE(MODE) (((MODE) == DMA_Mode_Normal ) || \
      | 
In file included from ../Core/Inc/stm32f4xx_hal_conf.h:287,
                 from ../Drivers/STM32F4xx_HAL_Driver/Inc/stm32f4xx_hal.h:29,
                 from ../Drivers/CMSIS/Device/ST/STM32F4xx/Include/stm32f4xx.h:287,
                 from ../Core/Src/src_drivers/../inc_drivers/cpal_i2c_hal_stm32f4xx.h:39,
                 from ../Core/Src/src_drivers/cpal_i2c_hal_stm32f4xx.c:30:
../Drivers/STM32F4xx_HAL_Driver/Inc/stm32f4xx_hal_dma.h:750: note: this is the location of the previous definition
  750 | #define IS_DMA_MODE(MODE) (((MODE) == DMA_NORMAL )  || \
      | 
In file included from ../Core/Src/src_drivers/../inc_drivers/cpal_i2c_hal_stm32f4xx.h:41,
                 from ../Core/Src/src_drivers/cpal_i2c_hal_stm32f4xx.c:30:
../Core/Inc/../../Core/Src/inc_drivers/stm32f4xx_dma.h:264: warning: "IS_DMA_PRIORITY" redefined
  264 | #define IS_DMA_PRIORITY(PRIORITY) (((PRIORITY) == DMA_Priority_Low )   || \
      | 
In file included from ../Core/Inc/stm32f4xx_hal_conf.h:287,
                 from ../Drivers/STM32F4xx_HAL_Driver/Inc/stm32f4xx_hal.h:29,
                 from ../Drivers/CMSIS/Device/ST/STM32F4xx/Include/stm32f4xx.h:287,
                 from ../Core/Src/src_drivers/../inc_drivers/cpal_i2c_hal_stm32f4xx.h:39,
                 from ../Core/Src/src_drivers/cpal_i2c_hal_stm32f4xx.c:30:
../Drivers/STM32F4xx_HAL_Driver/Inc/stm32f4xx_hal_dma.h:754: note: this is the location of the previous definition
  754 | #define IS_DMA_PRIORITY(PRIORITY) (((PRIORITY) == DMA_PRIORITY_LOW )   || \
      | 
In file included from ../Core/Src/src_drivers/../inc_drivers/cpal_i2c_hal_stm32f4xx.h:41,
                 from ../Core/Src/src_drivers/cpal_i2c_hal_stm32f4xx.c:30:
../Core/Inc/../../Core/Src/inc_drivers/stm32f4xx_dma.h:279: warning: "IS_DMA_FIFO_MODE_STATE" redefined
  279 | #define IS_DMA_FIFO_MODE_STATE(STATE) (((STATE) == DMA_FIFOMode_Disable ) || \
      | 
In file included from ../Core/Inc/stm32f4xx_hal_conf.h:287,
                 from ../Drivers/STM32F4xx_HAL_Driver/Inc/stm32f4xx_hal.h:29,
                 from ../Drivers/CMSIS/Device/ST/STM32F4xx/Include/stm32f4xx.h:287,
                 from ../Core/Src/src_drivers/../inc_drivers/cpal_i2c_hal_stm32f4xx.h:39,
                 from ../Core/Src/src_drivers/cpal_i2c_hal_stm32f4xx.c:30:
../Drivers/STM32F4xx_HAL_Driver/Inc/stm32f4xx_hal_dma.h:759: note: this is the location of the previous definition
  759 | #define IS_DMA_FIFO_MODE_STATE(STATE) (((STATE) == DMA_FIFOMODE_DISABLE ) || \
      | 
In file included from ../Core/Src/src_drivers/../inc_drivers/cpal_i2c_hal_stm32f4xx.h:41,
                 from ../Core/Src/src_drivers/cpal_i2c_hal_stm32f4xx.c:30:
../Core/Inc/../../Core/Src/inc_drivers/stm32f4xx_dma.h:294: warning: "IS_DMA_FIFO_THRESHOLD" redefined
  294 | #define IS_DMA_FIFO_THRESHOLD(THRESHOLD) (((THRESHOLD) == DMA_FIFOThreshold_1QuarterFull ) || \
      | 
In file included from ../Core/Inc/stm32f4xx_hal_conf.h:287,
                 from ../Drivers/STM32F4xx_HAL_Driver/Inc/stm32f4xx_hal.h:29,
                 from ../Drivers/CMSIS/Device/ST/STM32F4xx/Include/stm32f4xx.h:287,
                 from ../Core/Src/src_drivers/../inc_drivers/cpal_i2c_hal_stm32f4xx.h:39,
                 from ../Core/Src/src_drivers/cpal_i2c_hal_stm32f4xx.c:30:
../Drivers/STM32F4xx_HAL_Driver/Inc/stm32f4xx_hal_dma.h:762: note: this is the location of the previous definition
  762 | #define IS_DMA_FIFO_THRESHOLD(THRESHOLD) (((THRESHOLD) == DMA_FIFO_THRESHOLD_1QUARTERFULL ) || \
      | 
In file included from ../Core/Src/src_drivers/../inc_drivers/cpal_i2c_hal_stm32f4xx.h:41,
                 from ../Core/Src/src_drivers/cpal_i2c_hal_stm32f4xx.c:30:
../Core/Inc/../../Core/Src/inc_drivers/stm32f4xx_dma.h:311: warning: "IS_DMA_MEMORY_BURST" redefined
  311 | #define IS_DMA_MEMORY_BURST(BURST) (((BURST) == DMA_MemoryBurst_Single) || \
      | 
In file included from ../Core/Inc/stm32f4xx_hal_conf.h:287,
                 from ../Drivers/STM32F4xx_HAL_Driver/Inc/stm32f4xx_hal.h:29,
                 from ../Drivers/CMSIS/Device/ST/STM32F4xx/Include/stm32f4xx.h:287,
                 from ../Core/Src/src_drivers/../inc_drivers/cpal_i2c_hal_stm32f4xx.h:39,
                 from ../Core/Src/src_drivers/cpal_i2c_hal_stm32f4xx.c:30:
../Drivers/STM32F4xx_HAL_Driver/Inc/stm32f4xx_hal_dma.h:767: note: this is the location of the previous definition
  767 | #define IS_DMA_MEMORY_BURST(BURST) (((BURST) == DMA_MBURST_SINGLE) || \
      | 
In file included from ../Core/Src/src_drivers/../inc_drivers/cpal_i2c_hal_stm32f4xx.h:41,
                 from ../Core/Src/src_drivers/cpal_i2c_hal_stm32f4xx.c:30:
../Core/Inc/../../Core/Src/inc_drivers/stm32f4xx_dma.h:328: warning: "IS_DMA_PERIPHERAL_BURST" redefined
  328 | #define IS_DMA_PERIPHERAL_BURST(BURST) (((BURST) == DMA_PeripheralBurst_Single) || \
      | 
In file included from ../Core/Inc/stm32f4xx_hal_conf.h:287,
                 from ../Drivers/STM32F4xx_HAL_Driver/Inc/stm32f4xx_hal.h:29,
                 from ../Drivers/CMSIS/Device/ST/STM32F4xx/Include/stm32f4xx.h:287,
                 from ../Core/Src/src_drivers/../inc_drivers/cpal_i2c_hal_stm32f4xx.h:39,
                 from ../Core/Src/src_drivers/cpal_i2c_hal_stm32f4xx.c:30:
../Drivers/STM32F4xx_HAL_Driver/Inc/stm32f4xx_hal_dma.h:772: note: this is the location of the previous definition
  772 | #define IS_DMA_PERIPHERAL_BURST(BURST) (((BURST) == DMA_PBURST_SINGLE) || \
      | 
In file included from ../Core/Src/src_drivers/../inc_drivers/cpal_i2c_hal_stm32f4xx.h:41,
                 from ../Core/Src/src_drivers/cpal_i2c_hal_stm32f4xx.c:30:
../Core/Inc/../../Core/Src/inc_drivers/stm32f4xx_dma.h:432: warning: "DMA_IT_TC" redefined
  432 | #define DMA_IT_TC                         ((uint32_t)0x00000010)
      | 
In file included from ../Core/Inc/stm32f4xx_hal_conf.h:287,
                 from ../Drivers/STM32F4xx_HAL_Driver/Inc/stm32f4xx_hal.h:29,
                 from ../Drivers/CMSIS/Device/ST/STM32F4xx/Include/stm32f4xx.h:287,
                 from ../Core/Src/src_drivers/../inc_drivers/cpal_i2c_hal_stm32f4xx.h:39,
                 from ../Core/Src/src_drivers/cpal_i2c_hal_stm32f4xx.c:30:
../Drivers/STM32F4xx_HAL_Driver/Inc/stm32f4xx_hal_dma.h:349: note: this is the location of the previous definition
  349 | #define DMA_IT_TC                     ((uint32_t)DMA_SxCR_TCIE)
      | 
In file included from ../Core/Src/src_drivers/../inc_drivers/cpal_i2c_hal_stm32f4xx.h:41,
                 from ../Core/Src/src_drivers/cpal_i2c_hal_stm32f4xx.c:30:
../Core/Inc/../../Core/Src/inc_drivers/stm32f4xx_dma.h:433: warning: "DMA_IT_HT" redefined
  433 | #define DMA_IT_HT                         ((uint32_t)0x00000008)
      | 
In file included from ../Core/Inc/stm32f4xx_hal_conf.h:287,
                 from ../Drivers/STM32F4xx_HAL_Driver/Inc/stm32f4xx_hal.h:29,
                 from ../Drivers/CMSIS/Device/ST/STM32F4xx/Include/stm32f4xx.h:287,
                 from ../Core/Src/src_drivers/../inc_drivers/cpal_i2c_hal_stm32f4xx.h:39,
                 from ../Core/Src/src_drivers/cpal_i2c_hal_stm32f4xx.c:30:
../Drivers/STM32F4xx_HAL_Driver/Inc/stm32f4xx_hal_dma.h:350: note: this is the location of the previous definition
  350 | #define DMA_IT_HT                     ((uint32_t)DMA_SxCR_HTIE)
      | 
In file included from ../Core/Src/src_drivers/../inc_drivers/cpal_i2c_hal_stm32f4xx.h:41,
                 from ../Core/Src/src_drivers/cpal_i2c_hal_stm32f4xx.c:30:
../Core/Inc/../../Core/Src/inc_drivers/stm32f4xx_dma.h:434: warning: "DMA_IT_TE" redefined
  434 | #define DMA_IT_TE                         ((uint32_t)0x00000004)
      | 
In file included from ../Core/Inc/stm32f4xx_hal_conf.h:287,
                 from ../Drivers/STM32F4xx_HAL_Driver/Inc/stm32f4xx_hal.h:29,
                 from ../Drivers/CMSIS/Device/ST/STM32F4xx/Include/stm32f4xx.h:287,
                 from ../Core/Src/src_drivers/../inc_drivers/cpal_i2c_hal_stm32f4xx.h:39,
                 from ../Core/Src/src_drivers/cpal_i2c_hal_stm32f4xx.c:30:
../Drivers/STM32F4xx_HAL_Driver/Inc/stm32f4xx_hal_dma.h:351: note: this is the location of the previous definition
  351 | #define DMA_IT_TE                     ((uint32_t)DMA_SxCR_TEIE)
      | 
In file included from ../Core/Src/src_drivers/../inc_drivers/cpal_i2c_hal_stm32f4xx.h:41,
                 from ../Core/Src/src_drivers/cpal_i2c_hal_stm32f4xx.c:30:
../Core/Inc/../../Core/Src/inc_drivers/stm32f4xx_dma.h:435: warning: "DMA_IT_DME" redefined
  435 | #define DMA_IT_DME                        ((uint32_t)0x00000002)
      | 
In file included from ../Core/Inc/stm32f4xx_hal_conf.h:287,
                 from ../Drivers/STM32F4xx_HAL_Driver/Inc/stm32f4xx_hal.h:29,
                 from ../Drivers/CMSIS/Device/ST/STM32F4xx/Include/stm32f4xx.h:287,
                 from ../Core/Src/src_drivers/../inc_drivers/cpal_i2c_hal_stm32f4xx.h:39,
                 from ../Core/Src/src_drivers/cpal_i2c_hal_stm32f4xx.c:30:
../Drivers/STM32F4xx_HAL_Driver/Inc/stm32f4xx_hal_dma.h:352: note: this is the location of the previous definition
  352 | #define DMA_IT_DME                    ((uint32_t)DMA_SxCR_DMEIE)
      | 
In file included from ../Core/Src/src_drivers/../inc_drivers/cpal_i2c_hal_stm32f4xx.h:41,
                 from ../Core/Src/src_drivers/cpal_i2c_hal_stm32f4xx.c:30:
../Core/Inc/../../Core/Src/inc_drivers/stm32f4xx_dma.h:436: warning: "DMA_IT_FE" redefined
  436 | #define DMA_IT_FE                         ((uint32_t)0x00000080)
      | 
In file included from ../Core/Inc/stm32f4xx_hal_conf.h:287,
                 from ../Drivers/STM32F4xx_HAL_Driver/Inc/stm32f4xx_hal.h:29,
                 from ../Drivers/CMSIS/Device/ST/STM32F4xx/Include/stm32f4xx.h:287,
                 from ../Core/Src/src_drivers/../inc_drivers/cpal_i2c_hal_stm32f4xx.h:39,
                 from ../Core/Src/src_drivers/cpal_i2c_hal_stm32f4xx.c:30:
../Drivers/STM32F4xx_HAL_Driver/Inc/stm32f4xx_hal_dma.h:353: note: this is the location of the previous definition
  353 | #define DMA_IT_FE                     0x00000080U
      | 
In file included from ../Core/Src/src_drivers/../inc_drivers/cpal_i2c_hal_stm32f4xx.h:42,
                 from ../Core/Src/src_drivers/cpal_i2c_hal_stm32f4xx.c:30:
../Core/Inc/../../Core/Src/inc_drivers/stm32f4xx_gpio.h:70: warning: "IS_GPIO_MODE" redefined
   70 | #define IS_GPIO_MODE(MODE) (((MODE) == GPIO_Mode_IN)  || ((MODE) == GPIO_Mode_OUT) || \
      | 
In file included from ../Core/Inc/stm32f4xx_hal_conf.h:279,
                 from ../Drivers/STM32F4xx_HAL_Driver/Inc/stm32f4xx_hal.h:29,
                 from ../Drivers/CMSIS/Device/ST/STM32F4xx/Include/stm32f4xx.h:287,
                 from ../Core/Src/src_drivers/../inc_drivers/cpal_i2c_hal_stm32f4xx.h:39,
                 from ../Core/Src/src_drivers/cpal_i2c_hal_stm32f4xx.c:30:
../Drivers/STM32F4xx_HAL_Driver/Inc/stm32f4xx_hal_gpio.h:283: note: this is the location of the previous definition
  283 | #define IS_GPIO_MODE(MODE) (((MODE) == GPIO_MODE_INPUT)              ||\
      | 
In file included from ../Core/Src/src_drivers/../inc_drivers/cpal_i2c_hal_stm32f4xx.h:42,
                 from ../Core/Src/src_drivers/cpal_i2c_hal_stm32f4xx.c:30:
../Core/Inc/../../Core/Src/inc_drivers/stm32f4xx_gpio.h:94: warning: "IS_GPIO_SPEED" redefined
   94 | #define IS_GPIO_SPEED(SPEED) (((SPEED) == GPIO_Speed_2MHz) || ((SPEED) == GPIO_Speed_25MHz) || \
      | 
In file included from ../Core/Inc/stm32f4xx_hal_conf.h:279,
                 from ../Drivers/STM32F4xx_HAL_Driver/Inc/stm32f4xx_hal.h:29,
                 from ../Drivers/CMSIS/Device/ST/STM32F4xx/Include/stm32f4xx.h:287,
                 from ../Core/Src/src_drivers/../inc_drivers/cpal_i2c_hal_stm32f4xx.h:39,
                 from ../Core/Src/src_drivers/cpal_i2c_hal_stm32f4xx.c:30:
../Drivers/STM32F4xx_HAL_Driver/Inc/stm32f4xx_hal_gpio.h:295: note: this is the location of the previous definition
  295 | #define IS_GPIO_SPEED(SPEED) (((SPEED) == GPIO_SPEED_FREQ_LOW)  || ((SPEED) == GPIO_SPEED_FREQ_MEDIUM) || \
      | 
In file included from ../Core/Src/src_drivers/../inc_drivers/cpal_i2c_hal_stm32f4xx.h:42,
                 from ../Core/Src/src_drivers/cpal_i2c_hal_stm32f4xx.c:30:
../Core/Inc/../../Core/Src/inc_drivers/stm32f4xx_gpio.h:139:2: error: conflicting types for 'GPIO_InitTypeDef'; have 'struct <anonymous>'
  139 | }GPIO_InitTypeDef;
      |  ^~~~~~~~~~~~~~~~
In file included from ../Core/Inc/stm32f4xx_hal_conf.h:279,
                 from ../Drivers/STM32F4xx_HAL_Driver/Inc/stm32f4xx_hal.h:29,
                 from ../Drivers/CMSIS/Device/ST/STM32F4xx/Include/stm32f4xx.h:287,
                 from ../Core/Src/src_drivers/../inc_drivers/cpal_i2c_hal_stm32f4xx.h:39,
                 from ../Core/Src/src_drivers/cpal_i2c_hal_stm32f4xx.c:30:
../Drivers/STM32F4xx_HAL_Driver/Inc/stm32f4xx_hal_gpio.h:62:2: note: previous declaration of 'GPIO_InitTypeDef' with type 'GPIO_InitTypeDef'
   62 | }GPIO_InitTypeDef;
      |  ^~~~~~~~~~~~~~~~
In file included from ../Core/Src/src_drivers/../inc_drivers/cpal_i2c_hal_stm32f4xx.h:42,
                 from ../Core/Src/src_drivers/cpal_i2c_hal_stm32f4xx.c:30:
../Core/Inc/../../Core/Src/inc_drivers/stm32f4xx_gpio.h:168: warning: "IS_GPIO_PIN" redefined
  168 | #define IS_GPIO_PIN(PIN) ((((PIN) & (uint16_t)0x00) == 0x00) && ((PIN) != (uint16_t)0x00))
      | 
In file included from ../Core/Inc/stm32f4xx_hal_conf.h:279,
                 from ../Drivers/STM32F4xx_HAL_Driver/Inc/stm32f4xx_hal.h:29,
                 from ../Drivers/CMSIS/Device/ST/STM32F4xx/Include/stm32f4xx.h:287,
                 from ../Core/Src/src_drivers/../inc_drivers/cpal_i2c_hal_stm32f4xx.h:39,
                 from ../Core/Src/src_drivers/cpal_i2c_hal_stm32f4xx.c:30:
../Drivers/STM32F4xx_HAL_Driver/Inc/stm32f4xx_hal_gpio.h:282: note: this is the location of the previous definition
  282 | #define IS_GPIO_PIN(PIN)           (((((uint32_t)PIN) & GPIO_PIN_MASK ) != 0x00U) && ((((uint32_t)PIN) & ~GPIO_PIN_MASK) == 0x00U))
      | 
In file included from ../Core/Src/src_drivers/../inc_drivers/cpal_i2c_hal_stm32f4xx.h:42,
                 from ../Core/Src/src_drivers/cpal_i2c_hal_stm32f4xx.c:30:
../Core/Inc/../../Core/Src/inc_drivers/stm32f4xx_gpio.h:333: warning: "IS_GPIO_AF" redefined
  333 | #define IS_GPIO_AF(AF)   (((AF) == GPIO_AF_RTC_50Hz)  || ((AF) == GPIO_AF_TIM14)  || \
      | 
In file included from ../Drivers/STM32F4xx_HAL_Driver/Inc/stm32f4xx_hal_gpio.h:213,
                 from ../Core/Inc/stm32f4xx_hal_conf.h:279,
                 from ../Drivers/STM32F4xx_HAL_Driver/Inc/stm32f4xx_hal.h:29,
                 from ../Drivers/CMSIS/Device/ST/STM32F4xx/Include/stm32f4xx.h:287,
                 from ../Core/Src/src_drivers/../inc_drivers/cpal_i2c_hal_stm32f4xx.h:39,
                 from ../Core/Src/src_drivers/cpal_i2c_hal_stm32f4xx.c:30:
../Drivers/STM32F4xx_HAL_Driver/Inc/stm32f4xx_hal_gpio_ex.h:1397: note: this is the location of the previous definition
 1397 | #define IS_GPIO_AF(AF)   (((AF) == GPIO_AF0_RTC_50Hz)   || ((AF) == GPIO_AF9_TIM14)      || \
      | 
In file included from ../Core/Src/src_drivers/../inc_drivers/cpal_i2c_hal_stm32f4xx.h:43,
                 from ../Core/Src/src_drivers/cpal_i2c_hal_stm32f4xx.c:30:
../Core/Inc/../../Core/Src/inc_drivers/stm32f4xx_rcc.h:65: warning: "RCC_HSE_OFF" redefined
   65 | #define RCC_HSE_OFF                      ((uint8_t)0x00)
      | 
In file included from ../Core/Inc/stm32f4xx_hal_conf.h:275,
                 from ../Drivers/STM32F4xx_HAL_Driver/Inc/stm32f4xx_hal.h:29,
                 from ../Drivers/CMSIS/Device/ST/STM32F4xx/Include/stm32f4xx.h:287,
                 from ../Core/Src/src_drivers/../inc_drivers/cpal_i2c_hal_stm32f4xx.h:39,
                 from ../Core/Src/src_drivers/cpal_i2c_hal_stm32f4xx.c:30:
../Drivers/STM32F4xx_HAL_Driver/Inc/stm32f4xx_hal_rcc.h:118: note: this is the location of the previous definition
  118 | #define RCC_HSE_OFF                      0x00000000U
      | 
In file included from ../Core/Src/src_drivers/../inc_drivers/cpal_i2c_hal_stm32f4xx.h:43,
                 from ../Core/Src/src_drivers/cpal_i2c_hal_stm32f4xx.c:30:
../Core/Inc/../../Core/Src/inc_drivers/stm32f4xx_rcc.h:66: warning: "RCC_HSE_ON" redefined
   66 | #define RCC_HSE_ON                       ((uint8_t)0x01)
      | 
In file included from ../Core/Inc/stm32f4xx_hal_conf.h:275,
                 from ../Drivers/STM32F4xx_HAL_Driver/Inc/stm32f4xx_hal.h:29,
                 from ../Drivers/CMSIS/Device/ST/STM32F4xx/Include/stm32f4xx.h:287,
                 from ../Core/Src/src_drivers/../inc_drivers/cpal_i2c_hal_stm32f4xx.h:39,
                 from ../Core/Src/src_drivers/cpal_i2c_hal_stm32f4xx.c:30:
../Drivers/STM32F4xx_HAL_Driver/Inc/stm32f4xx_hal_rcc.h:119: note: this is the location of the previous definition
  119 | #define RCC_HSE_ON                       RCC_CR_HSEON
      | 
In file included from ../Core/Src/src_drivers/../inc_drivers/cpal_i2c_hal_stm32f4xx.h:43,
                 from ../Core/Src/src_drivers/cpal_i2c_hal_stm32f4xx.c:30:
../Core/Inc/../../Core/Src/inc_drivers/stm32f4xx_rcc.h:68: warning: "IS_RCC_HSE" redefined
   68 | #define IS_RCC_HSE(HSE) (((HSE) == RCC_HSE_OFF) || ((HSE) == RCC_HSE_ON) || \
      | 
In file included from ../Core/Inc/stm32f4xx_hal_conf.h:275,
                 from ../Drivers/STM32F4xx_HAL_Driver/Inc/stm32f4xx_hal.h:29,
                 from ../Drivers/CMSIS/Device/ST/STM32F4xx/Include/stm32f4xx.h:287,
                 from ../Core/Src/src_drivers/../inc_drivers/cpal_i2c_hal_stm32f4xx.h:39,
                 from ../Core/Src/src_drivers/cpal_i2c_hal_stm32f4xx.c:30:
../Drivers/STM32F4xx_HAL_Driver/Inc/stm32f4xx_hal_rcc.h:1354: note: this is the location of the previous definition
 1354 | #define IS_RCC_HSE(HSE) (((HSE) == RCC_HSE_OFF) || ((HSE) == RCC_HSE_ON) || \
      | 
In file included from ../Core/Src/src_drivers/../inc_drivers/cpal_i2c_hal_stm32f4xx.h:43,
                 from ../Core/Src/src_drivers/cpal_i2c_hal_stm32f4xx.c:30:
../Core/Inc/../../Core/Src/inc_drivers/stm32f4xx_rcc.h:81: warning: "IS_RCC_PLLM_VALUE" redefined
   81 | #define IS_RCC_PLLM_VALUE(VALUE) ((VALUE) <= 63)
      | 
In file included from ../Core/Inc/stm32f4xx_hal_conf.h:275,
                 from ../Drivers/STM32F4xx_HAL_Driver/Inc/stm32f4xx_hal.h:29,
                 from ../Drivers/CMSIS/Device/ST/STM32F4xx/Include/stm32f4xx.h:287,
                 from ../Core/Src/src_drivers/../inc_drivers/cpal_i2c_hal_stm32f4xx.h:39,
                 from ../Core/Src/src_drivers/cpal_i2c_hal_stm32f4xx.c:30:
../Drivers/STM32F4xx_HAL_Driver/Inc/stm32f4xx_hal_rcc.h:1407: note: this is the location of the previous definition
 1407 | #define IS_RCC_PLLM_VALUE(VALUE) ((2U <= (VALUE)) && ((VALUE) <= 63U))
      | 
In file included from ../Core/Src/src_drivers/../inc_drivers/cpal_i2c_hal_stm32f4xx.h:43,
                 from ../Core/Src/src_drivers/cpal_i2c_hal_stm32f4xx.c:30:
../Core/Inc/../../Core/Src/inc_drivers/stm32f4xx_rcc.h:82: warning: "IS_RCC_PLLN_VALUE" redefined
   82 | #define IS_RCC_PLLN_VALUE(VALUE) ((192 <= (VALUE)) && ((VALUE) <= 432))
      | 
In file included from ../Drivers/STM32F4xx_HAL_Driver/Inc/stm32f4xx_hal_rcc.h:31,
                 from ../Core/Inc/stm32f4xx_hal_conf.h:275,
                 from ../Drivers/STM32F4xx_HAL_Driver/Inc/stm32f4xx_hal.h:29,
                 from ../Drivers/CMSIS/Device/ST/STM32F4xx/Include/stm32f4xx.h:287,
                 from ../Core/Src/src_drivers/../inc_drivers/cpal_i2c_hal_stm32f4xx.h:39,
                 from ../Core/Src/src_drivers/cpal_i2c_hal_stm32f4xx.c:30:
../Drivers/STM32F4xx_HAL_Driver/Inc/stm32f4xx_hal_rcc_ex.h:6930: note: this is the location of the previous definition
 6930 | #define IS_RCC_PLLN_VALUE(VALUE) ((50U <= (VALUE)) && ((VALUE) <= 432U))
      | 
In file included from ../Core/Src/src_drivers/../inc_drivers/cpal_i2c_hal_stm32f4xx.h:43,
                 from ../Core/Src/src_drivers/cpal_i2c_hal_stm32f4xx.c:30:
../Core/Inc/../../Core/Src/inc_drivers/stm32f4xx_rcc.h:83: warning: "IS_RCC_PLLP_VALUE" redefined
   83 | #define IS_RCC_PLLP_VALUE(VALUE) (((VALUE) == 2) || ((VALUE) == 4) || ((VALUE) == 6) || ((VALUE) == 8))
      | 
In file included from ../Core/Inc/stm32f4xx_hal_conf.h:275,
                 from ../Drivers/STM32F4xx_HAL_Driver/Inc/stm32f4xx_hal.h:29,
                 from ../Drivers/CMSIS/Device/ST/STM32F4xx/Include/stm32f4xx.h:287,
                 from ../Core/Src/src_drivers/../inc_drivers/cpal_i2c_hal_stm32f4xx.h:39,
                 from ../Core/Src/src_drivers/cpal_i2c_hal_stm32f4xx.c:30:
../Drivers/STM32F4xx_HAL_Driver/Inc/stm32f4xx_hal_rcc.h:1409: note: this is the location of the previous definition
 1409 | #define IS_RCC_PLLP_VALUE(VALUE) (((VALUE) == 2U) || ((VALUE) == 4U) || ((VALUE) == 6U) || ((VALUE) == 8U))
      | 
In file included from ../Core/Src/src_drivers/../inc_drivers/cpal_i2c_hal_stm32f4xx.h:43,
                 from ../Core/Src/src_drivers/cpal_i2c_hal_stm32f4xx.c:30:
../Core/Inc/../../Core/Src/inc_drivers/stm32f4xx_rcc.h:84: warning: "IS_RCC_PLLQ_VALUE" redefined
   84 | #define IS_RCC_PLLQ_VALUE(VALUE) ((4 <= (VALUE)) && ((VALUE) <= 15))
      | 
In file included from ../Core/Inc/stm32f4xx_hal_conf.h:275,
                 from ../Drivers/STM32F4xx_HAL_Driver/Inc/stm32f4xx_hal.h:29,
                 from ../Drivers/CMSIS/Device/ST/STM32F4xx/Include/stm32f4xx.h:287,
                 from ../Core/Src/src_drivers/../inc_drivers/cpal_i2c_hal_stm32f4xx.h:39,
                 from ../Core/Src/src_drivers/cpal_i2c_hal_stm32f4xx.c:30:
../Drivers/STM32F4xx_HAL_Driver/Inc/stm32f4xx_hal_rcc.h:1411: note: this is the location of the previous definition
 1411 | #define IS_RCC_PLLQ_VALUE(VALUE) ((2U <= (VALUE)) && ((VALUE) <= 15U))
      | 
In file included from ../Core/Src/src_drivers/../inc_drivers/cpal_i2c_hal_stm32f4xx.h:43,
                 from ../Core/Src/src_drivers/cpal_i2c_hal_stm32f4xx.c:30:
../Core/Inc/../../Core/Src/inc_drivers/stm32f4xx_rcc.h:86: warning: "IS_RCC_PLLI2SN_VALUE" redefined
   86 | #define IS_RCC_PLLI2SN_VALUE(VALUE) ((192 <= (VALUE)) && ((VALUE) <= 432))
      | 
In file included from ../Drivers/STM32F4xx_HAL_Driver/Inc/stm32f4xx_hal_rcc.h:31,
                 from ../Core/Inc/stm32f4xx_hal_conf.h:275,
                 from ../Drivers/STM32F4xx_HAL_Driver/Inc/stm32f4xx_hal.h:29,
                 from ../Drivers/CMSIS/Device/ST/STM32F4xx/Include/stm32f4xx.h:287,
                 from ../Core/Src/src_drivers/../inc_drivers/cpal_i2c_hal_stm32f4xx.h:39,
                 from ../Core/Src/src_drivers/cpal_i2c_hal_stm32f4xx.c:30:
../Drivers/STM32F4xx_HAL_Driver/Inc/stm32f4xx_hal_rcc_ex.h:6931: note: this is the location of the previous definition
 6931 | #define IS_RCC_PLLI2SN_VALUE(VALUE) ((50U <= (VALUE)) && ((VALUE) <= 432U))
      | 
In file included from ../Core/Src/src_drivers/../inc_drivers/cpal_i2c_hal_stm32f4xx.h:43,
                 from ../Core/Src/src_drivers/cpal_i2c_hal_stm32f4xx.c:30:
../Core/Inc/../../Core/Src/inc_drivers/stm32f4xx_rcc.h:87: warning: "IS_RCC_PLLI2SR_VALUE" redefined
   87 | #define IS_RCC_PLLI2SR_VALUE(VALUE) ((2 <= (VALUE)) && ((VALUE) <= 7))
      | 
In file included from ../Drivers/STM32F4xx_HAL_Driver/Inc/stm32f4xx_hal_rcc.h:31,
                 from ../Core/Inc/stm32f4xx_hal_conf.h:275,
                 from ../Drivers/STM32F4xx_HAL_Driver/Inc/stm32f4xx_hal.h:29,
                 from ../Drivers/CMSIS/Device/ST/STM32F4xx/Include/stm32f4xx.h:287,
                 from ../Core/Src/src_drivers/../inc_drivers/cpal_i2c_hal_stm32f4xx.h:39,
                 from ../Core/Src/src_drivers/cpal_i2c_hal_stm32f4xx.c:30:
../Drivers/STM32F4xx_HAL_Driver/Inc/stm32f4xx_hal_rcc_ex.h:6965: note: this is the location of the previous definition
 6965 | #define IS_RCC_PLLI2SR_VALUE(VALUE) ((2U <= (VALUE)) && ((VALUE) <= 7U))
      | 
In file included from ../Core/Src/src_drivers/../inc_drivers/cpal_i2c_hal_stm32f4xx.h:43,
                 from ../Core/Src/src_drivers/cpal_i2c_hal_stm32f4xx.c:30:
../Core/Inc/../../Core/Src/inc_drivers/stm32f4xx_rcc.h:117: warning: "IS_RCC_HCLK" redefined
  117 | #define IS_RCC_HCLK(HCLK) (((HCLK) == RCC_SYSCLK_Div1) || ((HCLK) == RCC_SYSCLK_Div2) || \
      | 
In file included from ../Core/Inc/stm32f4xx_hal_conf.h:275,
                 from ../Drivers/STM32F4xx_HAL_Driver/Inc/stm32f4xx_hal.h:29,
                 from ../Drivers/CMSIS/Device/ST/STM32F4xx/Include/stm32f4xx.h:287,
                 from ../Core/Src/src_drivers/../inc_drivers/cpal_i2c_hal_stm32f4xx.h:39,
                 from ../Core/Src/src_drivers/cpal_i2c_hal_stm32f4xx.c:30:
../Drivers/STM32F4xx_HAL_Driver/Inc/stm32f4xx_hal_rcc.h:1413: note: this is the location of the previous definition
 1413 | #define IS_RCC_HCLK(HCLK) (((HCLK) == RCC_SYSCLK_DIV1)   || ((HCLK) == RCC_SYSCLK_DIV2)   || \
      | 
In file included from ../Core/Src/src_drivers/../inc_drivers/cpal_i2c_hal_stm32f4xx.h:43,
                 from ../Core/Src/src_drivers/cpal_i2c_hal_stm32f4xx.c:30:
../Core/Inc/../../Core/Src/inc_drivers/stm32f4xx_rcc.h:134: warning: "IS_RCC_PCLK" redefined
  134 | #define IS_RCC_PCLK(PCLK) (((PCLK) == RCC_HCLK_Div1) || ((PCLK) == RCC_HCLK_Div2) || \
      | 
In file included from ../Core/Inc/stm32f4xx_hal_conf.h:275,
                 from ../Drivers/STM32F4xx_HAL_Driver/Inc/stm32f4xx_hal.h:29,
                 from ../Drivers/CMSIS/Device/ST/STM32F4xx/Include/stm32f4xx.h:287,
                 from ../Core/Src/src_drivers/../inc_drivers/cpal_i2c_hal_stm32f4xx.h:39,
                 from ../Core/Src/src_drivers/cpal_i2c_hal_stm32f4xx.c:30:
../Drivers/STM32F4xx_HAL_Driver/Inc/stm32f4xx_hal_rcc.h:1421: note: this is the location of the previous definition
 1421 | #define IS_RCC_PCLK(PCLK) (((PCLK) == RCC_HCLK_DIV1) || ((PCLK) == RCC_HCLK_DIV2) || \
      | 
In file included from ../Core/Src/src_drivers/../inc_drivers/cpal_i2c_hal_stm32f4xx.h:43,
                 from ../Core/Src/src_drivers/cpal_i2c_hal_stm32f4xx.c:30:
../Core/Inc/../../Core/Src/inc_drivers/stm32f4xx_rcc.h:164: warning: "RCC_LSE_OFF" redefined
  164 | #define RCC_LSE_OFF                      ((uint8_t)0x00)
      | 
In file included from ../Core/Inc/stm32f4xx_hal_conf.h:275,
                 from ../Drivers/STM32F4xx_HAL_Driver/Inc/stm32f4xx_hal.h:29,
                 from ../Drivers/CMSIS/Device/ST/STM32F4xx/Include/stm32f4xx.h:287,
                 from ../Core/Src/src_drivers/../inc_drivers/cpal_i2c_hal_stm32f4xx.h:39,
                 from ../Core/Src/src_drivers/cpal_i2c_hal_stm32f4xx.c:30:
../Drivers/STM32F4xx_HAL_Driver/Inc/stm32f4xx_hal_rcc.h:128: note: this is the location of the previous definition
  128 | #define RCC_LSE_OFF                    0x00000000U
      | 
In file included from ../Core/Src/src_drivers/../inc_drivers/cpal_i2c_hal_stm32f4xx.h:43,
                 from ../Core/Src/src_drivers/cpal_i2c_hal_stm32f4xx.c:30:
../Core/Inc/../../Core/Src/inc_drivers/stm32f4xx_rcc.h:165: warning: "RCC_LSE_ON" redefined
  165 | #define RCC_LSE_ON                       ((uint8_t)0x01)
      | 
In file included from ../Core/Inc/stm32f4xx_hal_conf.h:275,
                 from ../Drivers/STM32F4xx_HAL_Driver/Inc/stm32f4xx_hal.h:29,
                 from ../Drivers/CMSIS/Device/ST/STM32F4xx/Include/stm32f4xx.h:287,
                 from ../Core/Src/src_drivers/../inc_drivers/cpal_i2c_hal_stm32f4xx.h:39,
                 from ../Core/Src/src_drivers/cpal_i2c_hal_stm32f4xx.c:30:
../Drivers/STM32F4xx_HAL_Driver/Inc/stm32f4xx_hal_rcc.h:129: note: this is the location of the previous definition
  129 | #define RCC_LSE_ON                     RCC_BDCR_LSEON
      | 
In file included from ../Core/Src/src_drivers/../inc_drivers/cpal_i2c_hal_stm32f4xx.h:43,
                 from ../Core/Src/src_drivers/cpal_i2c_hal_stm32f4xx.c:30:
../Core/Inc/../../Core/Src/inc_drivers/stm32f4xx_rcc.h:167: warning: "IS_RCC_LSE" redefined
  167 | #define IS_RCC_LSE(LSE) (((LSE) == RCC_LSE_OFF) || ((LSE) == RCC_LSE_ON) || \
      | 
In file included from ../Core/Inc/stm32f4xx_hal_conf.h:275,
                 from ../Drivers/STM32F4xx_HAL_Driver/Inc/stm32f4xx_hal.h:29,
                 from ../Drivers/CMSIS/Device/ST/STM32F4xx/Include/stm32f4xx.h:287,
                 from ../Core/Src/src_drivers/../inc_drivers/cpal_i2c_hal_stm32f4xx.h:39,
                 from ../Core/Src/src_drivers/cpal_i2c_hal_stm32f4xx.c:30:
../Drivers/STM32F4xx_HAL_Driver/Inc/stm32f4xx_hal_rcc.h:1357: note: this is the location of the previous definition
 1357 | #define IS_RCC_LSE(LSE) (((LSE) == RCC_LSE_OFF) || ((LSE) == RCC_LSE_ON) || \
      | 
In file included from ../Core/Src/src_drivers/../inc_drivers/cpal_i2c_hal_stm32f4xx.h:43,
                 from ../Core/Src/src_drivers/cpal_i2c_hal_stm32f4xx.c:30:
../Core/Inc/../../Core/Src/inc_drivers/stm32f4xx_rcc.h:208: warning: "IS_RCC_RTCCLK_SOURCE" redefined
  208 | #define IS_RCC_RTCCLK_SOURCE(SOURCE) (((SOURCE) == RCC_RTCCLKSource_LSE) || \
      | 
In file included from ../Drivers/STM32F4xx_HAL_Driver/Inc/stm32f4xx_hal_def.h:30,
                 from ../Drivers/STM32F4xx_HAL_Driver/Inc/stm32f4xx_hal_rcc.h:27,
                 from ../Core/Inc/stm32f4xx_hal_conf.h:275,
                 from ../Drivers/STM32F4xx_HAL_Driver/Inc/stm32f4xx_hal.h:29,
                 from ../Drivers/CMSIS/Device/ST/STM32F4xx/Include/stm32f4xx.h:287,
                 from ../Core/Src/src_drivers/../inc_drivers/cpal_i2c_hal_stm32f4xx.h:39,
                 from ../Core/Src/src_drivers/cpal_i2c_hal_stm32f4xx.c:30:
../Drivers/STM32F4xx_HAL_Driver/Inc/Legacy/stm32_hal_legacy.h:3600: note: this is the location of the previous definition
 3600 | #define IS_RCC_RTCCLK_SOURCE        IS_RCC_RTCCLKSOURCE
      | 
In file included from ../Core/Src/src_drivers/../inc_drivers/cpal_i2c_hal_stm32f4xx.h:43,
                 from ../Core/Src/src_drivers/cpal_i2c_hal_stm32f4xx.c:30:
../Core/Inc/../../Core/Src/inc_drivers/stm32f4xx_rcc.h:376: warning: "IS_RCC_MCO1SOURCE" redefined
  376 | #define IS_RCC_MCO1SOURCE(SOURCE) (((SOURCE) == RCC_MCO1Source_HSI) || ((SOURCE) == RCC_MCO1Source_LSE) || \
      | 
In file included from ../Core/Inc/stm32f4xx_hal_conf.h:275,
                 from ../Drivers/STM32F4xx_HAL_Driver/Inc/stm32f4xx_hal.h:29,
                 from ../Drivers/CMSIS/Device/ST/STM32F4xx/Include/stm32f4xx.h:287,
                 from ../Core/Src/src_drivers/../inc_drivers/cpal_i2c_hal_stm32f4xx.h:39,
                 from ../Core/Src/src_drivers/cpal_i2c_hal_stm32f4xx.c:30:
../Drivers/STM32F4xx_HAL_Driver/Inc/stm32f4xx_hal_rcc.h:1427: note: this is the location of the previous definition
 1427 | #define IS_RCC_MCO1SOURCE(SOURCE) (((SOURCE) == RCC_MCO1SOURCE_HSI) || ((SOURCE) == RCC_MCO1SOURCE_LSE) || \
      | 
In file included from ../Core/Src/src_drivers/../inc_drivers/cpal_i2c_hal_stm32f4xx.h:43,
                 from ../Core/Src/src_drivers/cpal_i2c_hal_stm32f4xx.c:30:
../Core/Inc/../../Core/Src/inc_drivers/stm32f4xx_rcc.h:398: warning: "IS_RCC_MCO2SOURCE" redefined
  398 | #define IS_RCC_MCO2SOURCE(SOURCE) (((SOURCE) == RCC_MCO2Source_SYSCLK) || ((SOURCE) == RCC_MCO2Source_PLLI2SCLK)|| \
      | 
In file included from ../Drivers/STM32F4xx_HAL_Driver/Inc/stm32f4xx_hal_rcc.h:31,
                 from ../Core/Inc/stm32f4xx_hal_conf.h:275,
                 from ../Drivers/STM32F4xx_HAL_Driver/Inc/stm32f4xx_hal.h:29,
                 from ../Drivers/CMSIS/Device/ST/STM32F4xx/Include/stm32f4xx.h:287,
                 from ../Core/Src/src_drivers/../inc_drivers/cpal_i2c_hal_stm32f4xx.h:39,
                 from ../Core/Src/src_drivers/cpal_i2c_hal_stm32f4xx.c:30:
../Drivers/STM32F4xx_HAL_Driver/Inc/stm32f4xx_hal_rcc_ex.h:7158: note: this is the location of the previous definition
 7158 | #define IS_RCC_MCO2SOURCE(SOURCE) (((SOURCE) == RCC_MCO2SOURCE_SYSCLK) || ((SOURCE) == RCC_MCO2SOURCE_PLLI2SCLK)|| \
      | 
In file included from ../Core/Src/src_drivers/../inc_drivers/cpal_i2c_hal_stm32f4xx.h:43,
                 from ../Core/Src/src_drivers/cpal_i2c_hal_stm32f4xx.c:30:
../Core/Inc/../../Core/Src/inc_drivers/stm32f4xx_rcc.h:431: warning: "IS_RCC_CALIBRATION_VALUE" redefined
  431 | #define IS_RCC_CALIBRATION_VALUE(VALUE) ((VALUE) <= 0x1F)
      | 
In file included from ../Core/Inc/stm32f4xx_hal_conf.h:275,
                 from ../Drivers/STM32F4xx_HAL_Driver/Inc/stm32f4xx_hal.h:29,
                 from ../Drivers/CMSIS/Device/ST/STM32F4xx/Include/stm32f4xx.h:287,
                 from ../Core/Src/src_drivers/../inc_drivers/cpal_i2c_hal_stm32f4xx.h:39,
                 from ../Core/Src/src_drivers/cpal_i2c_hal_stm32f4xx.c:30:
../Drivers/STM32F4xx_HAL_Driver/Inc/stm32f4xx_hal_rcc.h:1433: note: this is the location of the previous definition
 1433 | #define IS_RCC_CALIBRATION_VALUE(VALUE) ((VALUE) <= 0x1FU)
      | 
In file included from ../Core/Src/src_drivers/../inc_drivers/cpal_i2c_hal_stm32f4xx.h:44,
                 from ../Core/Src/src_drivers/cpal_i2c_hal_stm32f4xx.c:30:
../Core/Inc/../../Core/Src/inc_drivers/misc.h:123: warning: "IS_NVIC_PRIORITY_GROUP" redefined
  123 | #define IS_NVIC_PRIORITY_GROUP(GROUP) (((GROUP) == NVIC_PriorityGroup_0) || \
      | 
In file included from ../Core/Inc/stm32f4xx_hal_conf.h:291,
                 from ../Drivers/STM32F4xx_HAL_Driver/Inc/stm32f4xx_hal.h:29,
                 from ../Drivers/CMSIS/Device/ST/STM32F4xx/Include/stm32f4xx.h:287,
                 from ../Core/Src/src_drivers/../inc_drivers/cpal_i2c_hal_stm32f4xx.h:39,
                 from ../Core/Src/src_drivers/cpal_i2c_hal_stm32f4xx.c:30:
../Drivers/STM32F4xx_HAL_Driver/Inc/stm32f4xx_hal_cortex.h:305: note: this is the location of the previous definition
  305 | #define IS_NVIC_PRIORITY_GROUP(GROUP) (((GROUP) == NVIC_PRIORITYGROUP_0) || \
      | 
In file included from ../Core/Src/src_drivers/../inc_drivers/cpal_i2c_hal_stm32f4xx.h:44,
                 from ../Core/Src/src_drivers/cpal_i2c_hal_stm32f4xx.c:30:
../Core/Inc/../../Core/Src/inc_drivers/misc.h:129: warning: "IS_NVIC_PREEMPTION_PRIORITY" redefined
  129 | #define IS_NVIC_PREEMPTION_PRIORITY(PRIORITY)  ((PRIORITY) < 0x10)
      | 
In file included from ../Core/Inc/stm32f4xx_hal_conf.h:291,
                 from ../Drivers/STM32F4xx_HAL_Driver/Inc/stm32f4xx_hal.h:29,
                 from ../Drivers/CMSIS/Device/ST/STM32F4xx/Include/stm32f4xx.h:287,
                 from ../Core/Src/src_drivers/../inc_drivers/cpal_i2c_hal_stm32f4xx.h:39,
                 from ../Core/Src/src_drivers/cpal_i2c_hal_stm32f4xx.c:30:
../Drivers/STM32F4xx_HAL_Driver/Inc/stm32f4xx_hal_cortex.h:311: note: this is the location of the previous definition
  311 | #define IS_NVIC_PREEMPTION_PRIORITY(PRIORITY)  ((PRIORITY) < 0x10U)
      | 
In file included from ../Core/Src/src_drivers/../inc_drivers/cpal_i2c_hal_stm32f4xx.h:44,
                 from ../Core/Src/src_drivers/cpal_i2c_hal_stm32f4xx.c:30:
../Core/Inc/../../Core/Src/inc_drivers/misc.h:131: warning: "IS_NVIC_SUB_PRIORITY" redefined
  131 | #define IS_NVIC_SUB_PRIORITY(PRIORITY)  ((PRIORITY) < 0x10)
      | 
In file included from ../Core/Inc/stm32f4xx_hal_conf.h:291,
                 from ../Drivers/STM32F4xx_HAL_Driver/Inc/stm32f4xx_hal.h:29,
                 from ../Drivers/CMSIS/Device/ST/STM32F4xx/Include/stm32f4xx.h:287,
                 from ../Core/Src/src_drivers/../inc_drivers/cpal_i2c_hal_stm32f4xx.h:39,
                 from ../Core/Src/src_drivers/cpal_i2c_hal_stm32f4xx.c:30:
../Drivers/STM32F4xx_HAL_Driver/Inc/stm32f4xx_hal_cortex.h:313: note: this is the location of the previous definition
  313 | #define IS_NVIC_SUB_PRIORITY(PRIORITY)         ((PRIORITY) < 0x10U)
      | 
In file included from ../Core/Src/src_drivers/../inc_drivers/cpal_i2c_hal_stm32f4xx.h:44,
                 from ../Core/Src/src_drivers/cpal_i2c_hal_stm32f4xx.c:30:
../Core/Inc/../../Core/Src/inc_drivers/misc.h:145: warning: "IS_SYSTICK_CLK_SOURCE" redefined
  145 | #define IS_SYSTICK_CLK_SOURCE(SOURCE) (((SOURCE) == SysTick_CLKSource_HCLK) || \
      | 
In file included from ../Core/Inc/stm32f4xx_hal_conf.h:291,
                 from ../Drivers/STM32F4xx_HAL_Driver/Inc/stm32f4xx_hal.h:29,
                 from ../Drivers/CMSIS/Device/ST/STM32F4xx/Include/stm32f4xx.h:287,
                 from ../Core/Src/src_drivers/../inc_drivers/cpal_i2c_hal_stm32f4xx.h:39,
                 from ../Core/Src/src_drivers/cpal_i2c_hal_stm32f4xx.c:30:
../Drivers/STM32F4xx_HAL_Driver/Inc/stm32f4xx_hal_cortex.h:317: note: this is the location of the previous definition
  317 | #define IS_SYSTICK_CLK_SOURCE(SOURCE) (((SOURCE) == SYSTICK_CLKSOURCE_HCLK) || \
      | 
In file included from ../Core/Src/src_drivers/cpal_i2c_hal_stm32f4xx.c:30:
../Core/Src/src_drivers/../inc_drivers/cpal_i2c_hal_stm32f4xx.h:47:10: fatal error: cpal.h: No such file or directory
   47 | #include "cpal.h"
      |          ^~~~~~~~
compilation terminated.
make: *** [Core/Src/src_drivers/subdir.mk:118: Core/Src/src_drivers/cpal_i2c_hal_stm32f4xx.o] Error 1
"make -j8 all" terminated with exit code 2. Build might be incomplete.

20:16:05 Build Failed. 16 errors, 70 warnings. (took 2s.772ms)

